[0.420s] Invoking command in '/home/ryujihirano/robosys2022/ros2_ws/build/person_msgs': CMAKE_PREFIX_PATH=/home/ryujihirano/robosys2022/ros2_ws/install/mypkg:/opt/ros/foxy /usr/bin/cmake --build /home/ryujihirano/robosys2022/ros2_ws/build/person_msgs -- -j12 -l12
[0.618s] [  3%] Built target person_msgs__cpp
[0.621s] [ 12%] Built target person_msgs__rosidl_generator_c
[0.723s] [ 22%] Built target person_msgs__rosidl_typesupport_cpp
[0.730s] [ 41%] Built target person_msgs__rosidl_typesupport_introspection_cpp
[0.730s] [ 51%] Built target person_msgs__rosidl_typesupport_c
[0.730s] [ 51%] Built target person_msgs__rosidl_typesupport_introspection_c
[0.733s] [ 61%] Built target person_msgs__rosidl_typesupport_fastrtps_cpp
[0.828s] [ 70%] Built target person_msgs__rosidl_typesupport_fastrtps_c
[0.912s] [ 70%] Built target person_msgs
[0.998s] [ 74%] Built target person_msgs__py
[1.096s] [ 80%] Built target person_msgs__python
[1.198s] [100%] Built target person_msgs__rosidl_typesupport_c__pyext
[1.198s] [100%] Built target person_msgs__rosidl_typesupport_introspection_c__pyext
[1.199s] [100%] Built target person_msgs__rosidl_typesupport_fastrtps_c__pyext
[1.245s] Invoked command in '/home/ryujihirano/robosys2022/ros2_ws/build/person_msgs' returned '0': CMAKE_PREFIX_PATH=/home/ryujihirano/robosys2022/ros2_ws/install/mypkg:/opt/ros/foxy /usr/bin/cmake --build /home/ryujihirano/robosys2022/ros2_ws/build/person_msgs -- -j12 -l12
[1.549s] Invoking command in '/home/ryujihirano/robosys2022/ros2_ws/build/person_msgs': CMAKE_PREFIX_PATH=/home/ryujihirano/robosys2022/ros2_ws/install/mypkg:/opt/ros/foxy /usr/bin/cmake --install /home/ryujihirano/robosys2022/ros2_ws/build/person_msgs
[1.576s] -- Install configuration: ""
[1.576s] -- Up-to-date: /home/ryujihirano/robosys2022/ros2_ws/install/person_msgs/share/ament_index/resource_index/rosidl_interfaces/person_msgs
[1.576s] -- Up-to-date: /home/ryujihirano/robosys2022/ros2_ws/install/person_msgs/include/person_msgs
[1.577s] -- Up-to-date: /home/ryujihirano/robosys2022/ros2_ws/install/person_msgs/include/person_msgs/msg
[1.577s] -- Up-to-date: /home/ryujihirano/robosys2022/ros2_ws/install/person_msgs/include/person_msgs/msg/detail
[1.577s] -- Up-to-date: /home/ryujihirano/robosys2022/ros2_ws/install/person_msgs/include/person_msgs/msg/detail/person__functions.c
[1.577s] -- Up-to-date: /home/ryujihirano/robosys2022/ros2_ws/install/person_msgs/include/person_msgs/msg/detail/person__functions.h
[1.577s] -- Up-to-date: /home/ryujihirano/robosys2022/ros2_ws/install/person_msgs/include/person_msgs/msg/detail/person__struct.h
[1.577s] -- Up-to-date: /home/ryujihirano/robosys2022/ros2_ws/install/person_msgs/include/person_msgs/msg/detail/person__type_support.h
[1.577s] -- Up-to-date: /home/ryujihirano/robosys2022/ros2_ws/install/person_msgs/include/person_msgs/msg/person.h
[1.577s] -- Up-to-date: /home/ryujihirano/robosys2022/ros2_ws/install/person_msgs/include/person_msgs/msg/rosidl_generator_c__visibility_control.h
[1.577s] -- Up-to-date: /home/ryujihirano/robosys2022/ros2_ws/install/person_msgs/share/person_msgs/environment/library_path.sh
[1.577s] -- Up-to-date: /home/ryujihirano/robosys2022/ros2_ws/install/person_msgs/share/person_msgs/environment/library_path.dsv
[1.578s] -- Up-to-date: /home/ryujihirano/robosys2022/ros2_ws/install/person_msgs/lib/libperson_msgs__rosidl_generator_c.so
[1.579s] -- Up-to-date: /home/ryujihirano/robosys2022/ros2_ws/install/person_msgs/include/person_msgs
[1.579s] -- Up-to-date: /home/ryujihirano/robosys2022/ros2_ws/install/person_msgs/include/person_msgs/msg
[1.579s] -- Up-to-date: /home/ryujihirano/robosys2022/ros2_ws/install/person_msgs/include/person_msgs/msg/detail
[1.579s] -- Up-to-date: /home/ryujihirano/robosys2022/ros2_ws/install/person_msgs/include/person_msgs/msg/detail/person__rosidl_typesupport_fastrtps_c.h
[1.579s] -- Up-to-date: /home/ryujihirano/robosys2022/ros2_ws/install/person_msgs/include/person_msgs/msg/rosidl_typesupport_fastrtps_c__visibility_control.h
[1.580s] -- Up-to-date: /home/ryujihirano/robosys2022/ros2_ws/install/person_msgs/lib/libperson_msgs__rosidl_typesupport_fastrtps_c.so
[1.580s] -- Up-to-date: /home/ryujihirano/robosys2022/ros2_ws/install/person_msgs/include/person_msgs
[1.580s] -- Up-to-date: /home/ryujihirano/robosys2022/ros2_ws/install/person_msgs/include/person_msgs/msg
[1.581s] -- Up-to-date: /home/ryujihirano/robosys2022/ros2_ws/install/person_msgs/include/person_msgs/msg/detail
[1.581s] -- Up-to-date: /home/ryujihirano/robosys2022/ros2_ws/install/person_msgs/include/person_msgs/msg/detail/dds_fastrtps
[1.581s] -- Up-to-date: /home/ryujihirano/robosys2022/ros2_ws/install/person_msgs/include/person_msgs/msg/detail/person__rosidl_typesupport_fastrtps_cpp.hpp
[1.581s] -- Up-to-date: /home/ryujihirano/robosys2022/ros2_ws/install/person_msgs/include/person_msgs/msg/rosidl_typesupport_fastrtps_cpp__visibility_control.h
[1.581s] -- Up-to-date: /home/ryujihirano/robosys2022/ros2_ws/install/person_msgs/lib/libperson_msgs__rosidl_typesupport_fastrtps_cpp.so
[1.582s] -- Up-to-date: /home/ryujihirano/robosys2022/ros2_ws/install/person_msgs/include/person_msgs
[1.582s] -- Up-to-date: /home/ryujihirano/robosys2022/ros2_ws/install/person_msgs/include/person_msgs/msg
[1.582s] -- Up-to-date: /home/ryujihirano/robosys2022/ros2_ws/install/person_msgs/include/person_msgs/msg/detail
[1.583s] -- Up-to-date: /home/ryujihirano/robosys2022/ros2_ws/install/person_msgs/include/person_msgs/msg/detail/person__rosidl_typesupport_introspection_c.h
[1.583s] -- Up-to-date: /home/ryujihirano/robosys2022/ros2_ws/install/person_msgs/include/person_msgs/msg/detail/person__type_support.c
[1.583s] -- Up-to-date: /home/ryujihirano/robosys2022/ros2_ws/install/person_msgs/include/person_msgs/msg/rosidl_typesupport_introspection_c__visibility_control.h
[1.583s] -- Up-to-date: /home/ryujihirano/robosys2022/ros2_ws/install/person_msgs/lib/libperson_msgs__rosidl_typesupport_introspection_c.so
[1.584s] -- Up-to-date: /home/ryujihirano/robosys2022/ros2_ws/install/person_msgs/lib/libperson_msgs__rosidl_typesupport_c.so
[1.585s] -- Up-to-date: /home/ryujihirano/robosys2022/ros2_ws/install/person_msgs/include/person_msgs
[1.585s] -- Up-to-date: /home/ryujihirano/robosys2022/ros2_ws/install/person_msgs/include/person_msgs/msg
[1.585s] -- Up-to-date: /home/ryujihirano/robosys2022/ros2_ws/install/person_msgs/include/person_msgs/msg/detail
[1.585s] -- Up-to-date: /home/ryujihirano/robosys2022/ros2_ws/install/person_msgs/include/person_msgs/msg/detail/person__builder.hpp
[1.585s] -- Up-to-date: /home/ryujihirano/robosys2022/ros2_ws/install/person_msgs/include/person_msgs/msg/detail/person__struct.hpp
[1.585s] -- Up-to-date: /home/ryujihirano/robosys2022/ros2_ws/install/person_msgs/include/person_msgs/msg/detail/person__traits.hpp
[1.585s] -- Up-to-date: /home/ryujihirano/robosys2022/ros2_ws/install/person_msgs/include/person_msgs/msg/person.hpp
[1.585s] -- Up-to-date: /home/ryujihirano/robosys2022/ros2_ws/install/person_msgs/include/person_msgs
[1.586s] -- Up-to-date: /home/ryujihirano/robosys2022/ros2_ws/install/person_msgs/include/person_msgs/msg
[1.586s] -- Up-to-date: /home/ryujihirano/robosys2022/ros2_ws/install/person_msgs/include/person_msgs/msg/detail
[1.586s] -- Up-to-date: /home/ryujihirano/robosys2022/ros2_ws/install/person_msgs/include/person_msgs/msg/detail/person__rosidl_typesupport_introspection_cpp.hpp
[1.586s] -- Up-to-date: /home/ryujihirano/robosys2022/ros2_ws/install/person_msgs/include/person_msgs/msg/detail/person__type_support.cpp
[1.586s] -- Up-to-date: /home/ryujihirano/robosys2022/ros2_ws/install/person_msgs/lib/libperson_msgs__rosidl_typesupport_introspection_cpp.so
[1.587s] -- Up-to-date: /home/ryujihirano/robosys2022/ros2_ws/install/person_msgs/lib/libperson_msgs__rosidl_typesupport_cpp.so
[1.588s] -- Up-to-date: /home/ryujihirano/robosys2022/ros2_ws/install/person_msgs/share/person_msgs/environment/pythonpath.sh
[1.588s] -- Up-to-date: /home/ryujihirano/robosys2022/ros2_ws/install/person_msgs/share/person_msgs/environment/pythonpath.dsv
[1.588s] -- Up-to-date: /home/ryujihirano/robosys2022/ros2_ws/install/person_msgs/lib/python3.8/site-packages/person_msgs/__init__.py
[1.643s] -- Up-to-date: /home/ryujihirano/robosys2022/ros2_ws/install/person_msgs/lib/python3.8/site-packages/person_msgs/msg
[1.643s] -- Up-to-date: /home/ryujihirano/robosys2022/ros2_ws/install/person_msgs/lib/python3.8/site-packages/person_msgs/msg/_person.py
[1.643s] -- Up-to-date: /home/ryujihirano/robosys2022/ros2_ws/install/person_msgs/lib/python3.8/site-packages/person_msgs/msg/_person_s.c
[1.643s] -- Up-to-date: /home/ryujihirano/robosys2022/ros2_ws/install/person_msgs/lib/python3.8/site-packages/person_msgs/msg/__init__.py
[1.644s] -- Up-to-date: /home/ryujihirano/robosys2022/ros2_ws/install/person_msgs/lib/python3.8/site-packages/person_msgs/person_msgs_s__rosidl_typesupport_fastrtps_c.cpython-38-x86_64-linux-gnu.so
[1.645s] -- Up-to-date: /home/ryujihirano/robosys2022/ros2_ws/install/person_msgs/lib/python3.8/site-packages/person_msgs/person_msgs_s__rosidl_typesupport_introspection_c.cpython-38-x86_64-linux-gnu.so
[1.646s] -- Up-to-date: /home/ryujihirano/robosys2022/ros2_ws/install/person_msgs/lib/python3.8/site-packages/person_msgs/person_msgs_s__rosidl_typesupport_c.cpython-38-x86_64-linux-gnu.so
[1.647s] -- Up-to-date: /home/ryujihirano/robosys2022/ros2_ws/install/person_msgs/lib/libperson_msgs__python.so
[1.648s] -- Up-to-date: /home/ryujihirano/robosys2022/ros2_ws/install/person_msgs/share/person_msgs/msg/Person.idl
[1.648s] -- Up-to-date: /home/ryujihirano/robosys2022/ros2_ws/install/person_msgs/share/person_msgs/msg/Person.msg
[1.648s] -- Up-to-date: /home/ryujihirano/robosys2022/ros2_ws/install/person_msgs/share/ament_index/resource_index/package_run_dependencies/person_msgs
[1.648s] -- Up-to-date: /home/ryujihirano/robosys2022/ros2_ws/install/person_msgs/share/ament_index/resource_index/parent_prefix_path/person_msgs
[1.648s] -- Up-to-date: /home/ryujihirano/robosys2022/ros2_ws/install/person_msgs/share/person_msgs/environment/ament_prefix_path.sh
[1.649s] -- Up-to-date: /home/ryujihirano/robosys2022/ros2_ws/install/person_msgs/share/person_msgs/environment/ament_prefix_path.dsv
[1.649s] -- Up-to-date: /home/ryujihirano/robosys2022/ros2_ws/install/person_msgs/share/person_msgs/environment/path.sh
[1.649s] -- Up-to-date: /home/ryujihirano/robosys2022/ros2_ws/install/person_msgs/share/person_msgs/environment/path.dsv
[1.649s] -- Up-to-date: /home/ryujihirano/robosys2022/ros2_ws/install/person_msgs/share/person_msgs/local_setup.bash
[1.649s] -- Up-to-date: /home/ryujihirano/robosys2022/ros2_ws/install/person_msgs/share/person_msgs/local_setup.sh
[1.649s] -- Up-to-date: /home/ryujihirano/robosys2022/ros2_ws/install/person_msgs/share/person_msgs/local_setup.zsh
[1.649s] -- Up-to-date: /home/ryujihirano/robosys2022/ros2_ws/install/person_msgs/share/person_msgs/local_setup.dsv
[1.649s] -- Installing: /home/ryujihirano/robosys2022/ros2_ws/install/person_msgs/share/person_msgs/package.dsv
[1.651s] -- Up-to-date: /home/ryujihirano/robosys2022/ros2_ws/install/person_msgs/share/ament_index/resource_index/packages/person_msgs
[1.652s] -- Up-to-date: /home/ryujihirano/robosys2022/ros2_ws/install/person_msgs/share/person_msgs/cmake/person_msgs__rosidl_generator_cExport.cmake
[1.652s] -- Up-to-date: /home/ryujihirano/robosys2022/ros2_ws/install/person_msgs/share/person_msgs/cmake/person_msgs__rosidl_generator_cExport-noconfig.cmake
[1.653s] -- Up-to-date: /home/ryujihirano/robosys2022/ros2_ws/install/person_msgs/share/person_msgs/cmake/person_msgs__rosidl_typesupport_introspection_cExport.cmake
[1.653s] -- Up-to-date: /home/ryujihirano/robosys2022/ros2_ws/install/person_msgs/share/person_msgs/cmake/person_msgs__rosidl_typesupport_introspection_cExport-noconfig.cmake
[1.653s] -- Up-to-date: /home/ryujihirano/robosys2022/ros2_ws/install/person_msgs/share/person_msgs/cmake/person_msgs__rosidl_typesupport_cExport.cmake
[1.653s] -- Up-to-date: /home/ryujihirano/robosys2022/ros2_ws/install/person_msgs/share/person_msgs/cmake/person_msgs__rosidl_typesupport_cExport-noconfig.cmake
[1.654s] -- Up-to-date: /home/ryujihirano/robosys2022/ros2_ws/install/person_msgs/share/person_msgs/cmake/person_msgs__rosidl_generator_cppExport.cmake
[1.654s] -- Up-to-date: /home/ryujihirano/robosys2022/ros2_ws/install/person_msgs/share/person_msgs/cmake/person_msgs__rosidl_typesupport_introspection_cppExport.cmake
[1.654s] -- Up-to-date: /home/ryujihirano/robosys2022/ros2_ws/install/person_msgs/share/person_msgs/cmake/person_msgs__rosidl_typesupport_introspection_cppExport-noconfig.cmake
[1.655s] -- Up-to-date: /home/ryujihirano/robosys2022/ros2_ws/install/person_msgs/share/person_msgs/cmake/person_msgs__rosidl_typesupport_cppExport.cmake
[1.655s] -- Up-to-date: /home/ryujihirano/robosys2022/ros2_ws/install/person_msgs/share/person_msgs/cmake/person_msgs__rosidl_typesupport_cppExport-noconfig.cmake
[1.655s] -- Up-to-date: /home/ryujihirano/robosys2022/ros2_ws/install/person_msgs/share/person_msgs/cmake/rosidl_cmake-extras.cmake
[1.655s] -- Up-to-date: /home/ryujihirano/robosys2022/ros2_ws/install/person_msgs/share/person_msgs/cmake/ament_cmake_export_dependencies-extras.cmake
[1.655s] -- Up-to-date: /home/ryujihirano/robosys2022/ros2_ws/install/person_msgs/share/person_msgs/cmake/ament_cmake_export_libraries-extras.cmake
[1.655s] -- Up-to-date: /home/ryujihirano/robosys2022/ros2_ws/install/person_msgs/share/person_msgs/cmake/ament_cmake_export_targets-extras.cmake
[1.655s] -- Up-to-date: /home/ryujihirano/robosys2022/ros2_ws/install/person_msgs/share/person_msgs/cmake/ament_cmake_export_include_directories-extras.cmake
[1.656s] -- Up-to-date: /home/ryujihirano/robosys2022/ros2_ws/install/person_msgs/share/person_msgs/cmake/rosidl_cmake_export_typesupport_libraries-extras.cmake
[1.656s] -- Up-to-date: /home/ryujihirano/robosys2022/ros2_ws/install/person_msgs/share/person_msgs/cmake/rosidl_cmake_export_typesupport_targets-extras.cmake
[1.656s] -- Up-to-date: /home/ryujihirano/robosys2022/ros2_ws/install/person_msgs/share/person_msgs/cmake/person_msgsConfig.cmake
[1.656s] -- Up-to-date: /home/ryujihirano/robosys2022/ros2_ws/install/person_msgs/share/person_msgs/cmake/person_msgsConfig-version.cmake
[1.656s] -- Up-to-date: /home/ryujihirano/robosys2022/ros2_ws/install/person_msgs/share/person_msgs/package.xml
[1.662s] Invoked command in '/home/ryujihirano/robosys2022/ros2_ws/build/person_msgs' returned '0': CMAKE_PREFIX_PATH=/home/ryujihirano/robosys2022/ros2_ws/install/mypkg:/opt/ros/foxy /usr/bin/cmake --install /home/ryujihirano/robosys2022/ros2_ws/build/person_msgs
