[0.222s] DEBUG:colcon:Command line arguments: ['/usr/bin/colcon', 'build']
[0.222s] DEBUG:colcon:Parsed command line arguments: Namespace(allow_overriding=[], ament_cmake_args=None, base_paths=['.'], build_base='build', catkin_cmake_args=None, catkin_skip_building_tests=False, cmake_args=None, cmake_clean_cache=False, cmake_clean_first=False, cmake_force_configure=False, cmake_target=None, cmake_target_skip_unavailable=False, continue_on_error=False, event_handlers=None, executor='parallel', ignore_user_meta=False, install_base='install', log_base=None, log_level=None, main=<bound method BuildVerb.main of <colcon_core.verb.build.BuildVerb object at 0x7f5cec791190>>, merge_install=False, metas=['./colcon.meta'], packages_above=None, packages_above_and_dependencies=None, packages_above_depth=None, packages_end=None, packages_ignore=None, packages_ignore_regex=None, packages_select=None, packages_select_build_failed=False, packages_select_by_dep=None, packages_select_regex=None, packages_select_test_failures=False, packages_skip=None, packages_skip_build_finished=False, packages_skip_by_dep=None, packages_skip_regex=None, packages_skip_test_passed=False, packages_skip_up_to=None, packages_start=None, packages_up_to=None, packages_up_to_regex=None, parallel_workers=12, paths=None, symlink_install=False, test_result_base=None, verb_extension=<colcon_core.verb.build.BuildVerb object at 0x7f5cec791190>, verb_name='build', verb_parser=<colcon_defaults.argument_parser.defaults.DefaultArgumentsDecorator object at 0x7f5cec7916d0>)
[0.262s] Level 1:colcon.colcon_core.package_discovery:discover_packages(colcon_meta) check parameters
[0.263s] Level 1:colcon.colcon_core.package_discovery:discover_packages(recursive) check parameters
[0.263s] Level 1:colcon.colcon_core.package_discovery:discover_packages(ignore) check parameters
[0.263s] Level 1:colcon.colcon_core.package_discovery:discover_packages(path) check parameters
[0.263s] Level 1:colcon.colcon_core.package_discovery:discover_packages(colcon_meta) discover
[0.263s] Level 1:colcon.colcon_core.package_discovery:discover_packages(recursive) discover
[0.263s] INFO:colcon.colcon_core.package_discovery:Crawling recursively for packages in '/home/ryujihirano/robosys2022/ros2_ws/src'
[0.263s] Level 1:colcon.colcon_core.package_identification:_identify(.) by extensions ['ignore', 'ignore_ament_install']
[0.263s] Level 1:colcon.colcon_core.package_identification:_identify(.) by extension 'ignore'
[0.263s] Level 1:colcon.colcon_core.package_identification:_identify(.) by extension 'ignore_ament_install'
[0.263s] Level 1:colcon.colcon_core.package_identification:_identify(.) by extensions ['colcon_pkg']
[0.263s] Level 1:colcon.colcon_core.package_identification:_identify(.) by extension 'colcon_pkg'
[0.263s] Level 1:colcon.colcon_core.package_identification:_identify(.) by extensions ['colcon_meta']
[0.264s] Level 1:colcon.colcon_core.package_identification:_identify(.) by extension 'colcon_meta'
[0.264s] Level 1:colcon.colcon_core.package_identification:_identify(.) by extensions ['ros']
[0.264s] Level 1:colcon.colcon_core.package_identification:_identify(.) by extension 'ros'
[0.276s] Level 1:colcon.colcon_core.package_identification:_identify(.) by extensions ['cmake', 'python']
[0.276s] Level 1:colcon.colcon_core.package_identification:_identify(.) by extension 'cmake'
[0.276s] Level 1:colcon.colcon_core.package_identification:_identify(.) by extension 'python'
[0.276s] Level 1:colcon.colcon_core.package_identification:_identify(.) by extensions ['python_setup_py']
[0.276s] Level 1:colcon.colcon_core.package_identification:_identify(.) by extension 'python_setup_py'
[0.277s] Level 1:colcon.colcon_core.package_identification:_identify(build) by extensions ['ignore', 'ignore_ament_install']
[0.277s] Level 1:colcon.colcon_core.package_identification:_identify(build) by extension 'ignore'
[0.277s] Level 1:colcon.colcon_core.package_identification:_identify(build) ignored
[0.277s] Level 1:colcon.colcon_core.package_identification:_identify(install) by extensions ['ignore', 'ignore_ament_install']
[0.277s] Level 1:colcon.colcon_core.package_identification:_identify(install) by extension 'ignore'
[0.277s] Level 1:colcon.colcon_core.package_identification:_identify(install) ignored
[0.277s] Level 1:colcon.colcon_core.package_identification:_identify(log) by extensions ['ignore', 'ignore_ament_install']
[0.277s] Level 1:colcon.colcon_core.package_identification:_identify(log) by extension 'ignore'
[0.278s] Level 1:colcon.colcon_core.package_identification:_identify(log) ignored
[0.278s] Level 1:colcon.colcon_core.package_identification:_identify(mypkg) by extensions ['ignore', 'ignore_ament_install']
[0.278s] Level 1:colcon.colcon_core.package_identification:_identify(mypkg) by extension 'ignore'
[0.278s] Level 1:colcon.colcon_core.package_identification:_identify(mypkg) by extension 'ignore_ament_install'
[0.278s] Level 1:colcon.colcon_core.package_identification:_identify(mypkg) by extensions ['colcon_pkg']
[0.278s] Level 1:colcon.colcon_core.package_identification:_identify(mypkg) by extension 'colcon_pkg'
[0.278s] Level 1:colcon.colcon_core.package_identification:_identify(mypkg) by extensions ['colcon_meta']
[0.278s] Level 1:colcon.colcon_core.package_identification:_identify(mypkg) by extension 'colcon_meta'
[0.278s] Level 1:colcon.colcon_core.package_identification:_identify(mypkg) by extensions ['ros']
[0.278s] Level 1:colcon.colcon_core.package_identification:_identify(mypkg) by extension 'ros'
[0.281s] DEBUG:colcon.colcon_core.package_identification:Package 'mypkg' with type 'ros.ament_python' and name 'mypkg'
[0.281s] Level 1:colcon.colcon_core.package_identification:_identify(person_msgs) by extensions ['ignore', 'ignore_ament_install']
[0.282s] Level 1:colcon.colcon_core.package_identification:_identify(person_msgs) by extension 'ignore'
[0.282s] Level 1:colcon.colcon_core.package_identification:_identify(person_msgs) by extension 'ignore_ament_install'
[0.282s] Level 1:colcon.colcon_core.package_identification:_identify(person_msgs) by extensions ['colcon_pkg']
[0.282s] Level 1:colcon.colcon_core.package_identification:_identify(person_msgs) by extension 'colcon_pkg'
[0.282s] Level 1:colcon.colcon_core.package_identification:_identify(person_msgs) by extensions ['colcon_meta']
[0.282s] Level 1:colcon.colcon_core.package_identification:_identify(person_msgs) by extension 'colcon_meta'
[0.282s] Level 1:colcon.colcon_core.package_identification:_identify(person_msgs) by extensions ['ros']
[0.282s] Level 1:colcon.colcon_core.package_identification:_identify(person_msgs) by extension 'ros'
[0.283s] DEBUG:colcon.colcon_core.package_identification:Package 'person_msgs' with type 'ros.ament_cmake' and name 'person_msgs'
[0.283s] Level 1:colcon.colcon_core.package_discovery:discover_packages(recursive) using defaults
[0.283s] Level 1:colcon.colcon_core.package_discovery:discover_packages(ignore) discover
[0.283s] Level 1:colcon.colcon_core.package_discovery:discover_packages(ignore) using defaults
[0.283s] Level 1:colcon.colcon_core.package_discovery:discover_packages(path) discover
[0.283s] Level 1:colcon.colcon_core.package_discovery:discover_packages(path) using defaults
[0.313s] Level 1:colcon.colcon_core.package_discovery:discover_packages(prefix_path) check parameters
[0.314s] Level 1:colcon.colcon_core.package_discovery:discover_packages(prefix_path) discover
[0.318s] DEBUG:colcon.colcon_installed_package_information.package_discovery:Found 2 installed packages in /home/ryujihirano/robosys2022/ros2_ws/install
[0.320s] DEBUG:colcon.colcon_installed_package_information.package_discovery:Found 256 installed packages in /opt/ros/foxy
[0.322s] Level 1:colcon.colcon_core.package_discovery:discover_packages(prefix_path) using defaults
[0.439s] Level 5:colcon.colcon_core.verb:set package 'mypkg' build argument 'cmake_args' from command line to 'None'
[0.439s] Level 5:colcon.colcon_core.verb:set package 'mypkg' build argument 'cmake_target' from command line to 'None'
[0.439s] Level 5:colcon.colcon_core.verb:set package 'mypkg' build argument 'cmake_target_skip_unavailable' from command line to 'False'
[0.439s] Level 5:colcon.colcon_core.verb:set package 'mypkg' build argument 'cmake_clean_cache' from command line to 'False'
[0.439s] Level 5:colcon.colcon_core.verb:set package 'mypkg' build argument 'cmake_clean_first' from command line to 'False'
[0.439s] Level 5:colcon.colcon_core.verb:set package 'mypkg' build argument 'cmake_force_configure' from command line to 'False'
[0.439s] Level 5:colcon.colcon_core.verb:set package 'mypkg' build argument 'ament_cmake_args' from command line to 'None'
[0.439s] Level 5:colcon.colcon_core.verb:set package 'mypkg' build argument 'catkin_cmake_args' from command line to 'None'
[0.439s] Level 5:colcon.colcon_core.verb:set package 'mypkg' build argument 'catkin_skip_building_tests' from command line to 'False'
[0.439s] DEBUG:colcon.colcon_core.verb:Building package 'mypkg' with the following arguments: {'ament_cmake_args': None, 'build_base': '/home/ryujihirano/robosys2022/ros2_ws/src/build/mypkg', 'catkin_cmake_args': None, 'catkin_skip_building_tests': False, 'cmake_args': None, 'cmake_clean_cache': False, 'cmake_clean_first': False, 'cmake_force_configure': False, 'cmake_target': None, 'cmake_target_skip_unavailable': False, 'install_base': '/home/ryujihirano/robosys2022/ros2_ws/src/install/mypkg', 'merge_install': False, 'path': '/home/ryujihirano/robosys2022/ros2_ws/src/mypkg', 'symlink_install': False, 'test_result_base': None}
[0.440s] Level 5:colcon.colcon_core.verb:set package 'person_msgs' build argument 'cmake_args' from command line to 'None'
[0.440s] Level 5:colcon.colcon_core.verb:set package 'person_msgs' build argument 'cmake_target' from command line to 'None'
[0.440s] Level 5:colcon.colcon_core.verb:set package 'person_msgs' build argument 'cmake_target_skip_unavailable' from command line to 'False'
[0.440s] Level 5:colcon.colcon_core.verb:set package 'person_msgs' build argument 'cmake_clean_cache' from command line to 'False'
[0.440s] Level 5:colcon.colcon_core.verb:set package 'person_msgs' build argument 'cmake_clean_first' from command line to 'False'
[0.440s] Level 5:colcon.colcon_core.verb:set package 'person_msgs' build argument 'cmake_force_configure' from command line to 'False'
[0.440s] Level 5:colcon.colcon_core.verb:set package 'person_msgs' build argument 'ament_cmake_args' from command line to 'None'
[0.440s] Level 5:colcon.colcon_core.verb:set package 'person_msgs' build argument 'catkin_cmake_args' from command line to 'None'
[0.440s] Level 5:colcon.colcon_core.verb:set package 'person_msgs' build argument 'catkin_skip_building_tests' from command line to 'False'
[0.440s] DEBUG:colcon.colcon_core.verb:Building package 'person_msgs' with the following arguments: {'ament_cmake_args': None, 'build_base': '/home/ryujihirano/robosys2022/ros2_ws/src/build/person_msgs', 'catkin_cmake_args': None, 'catkin_skip_building_tests': False, 'cmake_args': None, 'cmake_clean_cache': False, 'cmake_clean_first': False, 'cmake_force_configure': False, 'cmake_target': None, 'cmake_target_skip_unavailable': False, 'install_base': '/home/ryujihirano/robosys2022/ros2_ws/src/install/person_msgs', 'merge_install': False, 'path': '/home/ryujihirano/robosys2022/ros2_ws/src/person_msgs', 'symlink_install': False, 'test_result_base': None}
[0.441s] INFO:colcon.colcon_core.executor:Executing jobs using 'parallel' executor
[0.444s] DEBUG:colcon.colcon_parallel_executor.executor.parallel:run_until_complete
[0.445s] INFO:colcon.colcon_ros.task.ament_python.build:Building ROS package in '/home/ryujihirano/robosys2022/ros2_ws/src/mypkg' with build type 'ament_python'
[0.445s] Level 1:colcon.colcon_core.shell:create_environment_hook('mypkg', 'ament_prefix_path')
[0.451s] INFO:colcon.colcon_core.plugin_system:Skipping extension 'colcon_core.shell.bat': Not used on non-Windows systems
[0.451s] INFO:colcon.colcon_core.shell:Creating environment hook '/home/ryujihirano/robosys2022/ros2_ws/src/install/mypkg/share/mypkg/hook/ament_prefix_path.ps1'
[0.453s] INFO:colcon.colcon_core.shell:Creating environment descriptor '/home/ryujihirano/robosys2022/ros2_ws/src/install/mypkg/share/mypkg/hook/ament_prefix_path.dsv'
[0.455s] INFO:colcon.colcon_core.shell:Creating environment hook '/home/ryujihirano/robosys2022/ros2_ws/src/install/mypkg/share/mypkg/hook/ament_prefix_path.sh'
[0.457s] INFO:colcon.colcon_core.shell:Skip shell extension 'powershell' for command environment: Not usable outside of PowerShell
[0.457s] DEBUG:colcon.colcon_core.shell:Skip shell extension 'dsv' for command environment
[0.470s] INFO:colcon.colcon_ros.task.ament_cmake.build:Building ROS package in '/home/ryujihirano/robosys2022/ros2_ws/src/person_msgs' with build type 'ament_cmake'
[0.470s] INFO:colcon.colcon_cmake.task.cmake.build:Building CMake package in '/home/ryujihirano/robosys2022/ros2_ws/src/person_msgs'
[0.472s] INFO:colcon.colcon_core.shell:Skip shell extension 'powershell' for command environment: Not usable outside of PowerShell
[0.473s] DEBUG:colcon.colcon_core.shell:Skip shell extension 'dsv' for command environment
[0.852s] INFO:colcon.colcon_core.task.python.build:Building Python package in '/home/ryujihirano/robosys2022/ros2_ws/src/mypkg'
[0.854s] INFO:colcon.colcon_core.shell:Skip shell extension 'powershell' for command environment: Not usable outside of PowerShell
[0.854s] DEBUG:colcon.colcon_core.shell:Skip shell extension 'dsv' for command environment
[0.880s] DEBUG:colcon.colcon_core.event_handler.log_command:Invoking command in '/home/ryujihirano/robosys2022/ros2_ws/src/build/person_msgs': CMAKE_PREFIX_PATH=/home/ryujihirano/robosys2022/ros2_ws/install/mypkg:/opt/ros/foxy /usr/bin/cmake /home/ryujihirano/robosys2022/ros2_ws/src/person_msgs -DCMAKE_INSTALL_PREFIX=/home/ryujihirano/robosys2022/ros2_ws/src/install/person_msgs
[1.471s] DEBUG:colcon.colcon_core.event_handler.log_command:Invoking command in '/home/ryujihirano/robosys2022/ros2_ws/src/mypkg': PYTHONPATH=/home/ryujihirano/robosys2022/ros2_ws/src/install/mypkg/lib/python3.8/site-packages:${PYTHONPATH} /usr/bin/python3 setup.py egg_info --egg-base ../build/mypkg build --build-base /home/ryujihirano/robosys2022/ros2_ws/src/build/mypkg/build install --prefix /home/ryujihirano/robosys2022/ros2_ws/src/install/mypkg --record /home/ryujihirano/robosys2022/ros2_ws/src/build/mypkg/install.log --single-version-externally-managed
[1.982s] DEBUG:colcon.colcon_core.event_handler.log_command:Invoked command in '/home/ryujihirano/robosys2022/ros2_ws/src/mypkg' returned '0': PYTHONPATH=/home/ryujihirano/robosys2022/ros2_ws/src/install/mypkg/lib/python3.8/site-packages:${PYTHONPATH} /usr/bin/python3 setup.py egg_info --egg-base ../build/mypkg build --build-base /home/ryujihirano/robosys2022/ros2_ws/src/build/mypkg/build install --prefix /home/ryujihirano/robosys2022/ros2_ws/src/install/mypkg --record /home/ryujihirano/robosys2022/ros2_ws/src/build/mypkg/install.log --single-version-externally-managed
[1.993s] Level 1:colcon.colcon_core.environment:checking '/home/ryujihirano/robosys2022/ros2_ws/src/install/mypkg' for CMake module files
[1.994s] Level 1:colcon.colcon_core.environment:checking '/home/ryujihirano/robosys2022/ros2_ws/src/install/mypkg' for CMake config files
[1.996s] Level 1:colcon.colcon_core.environment:checking '/home/ryujihirano/robosys2022/ros2_ws/src/install/mypkg/lib'
[1.997s] Level 1:colcon.colcon_core.environment:checking '/home/ryujihirano/robosys2022/ros2_ws/src/install/mypkg/bin'
[1.997s] Level 1:colcon.colcon_core.environment:checking '/home/ryujihirano/robosys2022/ros2_ws/src/install/mypkg/lib/pkgconfig/mypkg.pc'
[1.997s] Level 1:colcon.colcon_core.environment:checking '/home/ryujihirano/robosys2022/ros2_ws/src/install/mypkg/lib/python3.8/site-packages'
[1.998s] Level 1:colcon.colcon_core.shell:create_environment_hook('mypkg', 'pythonpath')
[1.999s] INFO:colcon.colcon_core.shell:Creating environment hook '/home/ryujihirano/robosys2022/ros2_ws/src/install/mypkg/share/mypkg/hook/pythonpath.ps1'
[2.000s] INFO:colcon.colcon_core.shell:Creating environment descriptor '/home/ryujihirano/robosys2022/ros2_ws/src/install/mypkg/share/mypkg/hook/pythonpath.dsv'
[2.002s] INFO:colcon.colcon_core.shell:Creating environment hook '/home/ryujihirano/robosys2022/ros2_ws/src/install/mypkg/share/mypkg/hook/pythonpath.sh'
[2.003s] Level 1:colcon.colcon_core.environment:checking '/home/ryujihirano/robosys2022/ros2_ws/src/install/mypkg/bin'
[2.003s] Level 1:colcon.colcon_core.environment:create_environment_scripts_only(mypkg)
[2.004s] INFO:colcon.colcon_core.shell:Creating package script '/home/ryujihirano/robosys2022/ros2_ws/src/install/mypkg/share/mypkg/package.ps1'
[2.006s] INFO:colcon.colcon_core.shell:Creating package descriptor '/home/ryujihirano/robosys2022/ros2_ws/src/install/mypkg/share/mypkg/package.dsv'
[2.007s] INFO:colcon.colcon_core.shell:Creating package script '/home/ryujihirano/robosys2022/ros2_ws/src/install/mypkg/share/mypkg/package.sh'
[2.008s] INFO:colcon.colcon_core.shell:Creating package script '/home/ryujihirano/robosys2022/ros2_ws/src/install/mypkg/share/mypkg/package.bash'
[2.010s] INFO:colcon.colcon_core.shell:Creating package script '/home/ryujihirano/robosys2022/ros2_ws/src/install/mypkg/share/mypkg/package.zsh'
[2.011s] Level 1:colcon.colcon_core.environment:create_file_with_runtime_dependencies(/home/ryujihirano/robosys2022/ros2_ws/src/install/mypkg/share/colcon-core/packages/mypkg)
[4.908s] DEBUG:colcon.colcon_core.event_handler.log_command:Invoked command in '/home/ryujihirano/robosys2022/ros2_ws/src/build/person_msgs' returned '0': CMAKE_PREFIX_PATH=/home/ryujihirano/robosys2022/ros2_ws/install/mypkg:/opt/ros/foxy /usr/bin/cmake /home/ryujihirano/robosys2022/ros2_ws/src/person_msgs -DCMAKE_INSTALL_PREFIX=/home/ryujihirano/robosys2022/ros2_ws/src/install/person_msgs
[4.914s] DEBUG:colcon.colcon_core.event_handler.log_command:Invoking command in '/home/ryujihirano/robosys2022/ros2_ws/src/build/person_msgs': CMAKE_PREFIX_PATH=/home/ryujihirano/robosys2022/ros2_ws/install/mypkg:/opt/ros/foxy /usr/bin/cmake --build /home/ryujihirano/robosys2022/ros2_ws/src/build/person_msgs -- -j12 -l12
[9.124s] DEBUG:colcon.colcon_core.event_handler.log_command:Invoked command in '/home/ryujihirano/robosys2022/ros2_ws/src/build/person_msgs' returned '0': CMAKE_PREFIX_PATH=/home/ryujihirano/robosys2022/ros2_ws/install/mypkg:/opt/ros/foxy /usr/bin/cmake --build /home/ryujihirano/robosys2022/ros2_ws/src/build/person_msgs -- -j12 -l12
[9.410s] DEBUG:colcon.colcon_core.event_handler.log_command:Invoking command in '/home/ryujihirano/robosys2022/ros2_ws/src/build/person_msgs': CMAKE_PREFIX_PATH=/home/ryujihirano/robosys2022/ros2_ws/install/mypkg:/opt/ros/foxy /usr/bin/cmake --install /home/ryujihirano/robosys2022/ros2_ws/src/build/person_msgs
[9.650s] Level 1:colcon.colcon_core.environment:create_environment_scripts_only(person_msgs)
[9.653s] Level 1:colcon.colcon_core.environment:checking '/home/ryujihirano/robosys2022/ros2_ws/src/install/person_msgs' for CMake module files
[9.653s] DEBUG:colcon.colcon_core.event_handler.log_command:Invoked command in '/home/ryujihirano/robosys2022/ros2_ws/src/build/person_msgs' returned '0': CMAKE_PREFIX_PATH=/home/ryujihirano/robosys2022/ros2_ws/install/mypkg:/opt/ros/foxy /usr/bin/cmake --install /home/ryujihirano/robosys2022/ros2_ws/src/build/person_msgs
[9.654s] Level 1:colcon.colcon_core.environment:checking '/home/ryujihirano/robosys2022/ros2_ws/src/install/person_msgs' for CMake config files
[9.656s] Level 1:colcon.colcon_core.shell:create_environment_hook('person_msgs', 'cmake_prefix_path')
[9.657s] INFO:colcon.colcon_core.shell:Creating environment hook '/home/ryujihirano/robosys2022/ros2_ws/src/install/person_msgs/share/person_msgs/hook/cmake_prefix_path.ps1'
[9.659s] INFO:colcon.colcon_core.shell:Creating environment descriptor '/home/ryujihirano/robosys2022/ros2_ws/src/install/person_msgs/share/person_msgs/hook/cmake_prefix_path.dsv'
[9.660s] INFO:colcon.colcon_core.shell:Creating environment hook '/home/ryujihirano/robosys2022/ros2_ws/src/install/person_msgs/share/person_msgs/hook/cmake_prefix_path.sh'
[9.661s] Level 1:colcon.colcon_core.environment:checking '/home/ryujihirano/robosys2022/ros2_ws/src/install/person_msgs/lib'
[9.661s] Level 1:colcon.colcon_core.shell:create_environment_hook('person_msgs', 'ld_library_path_lib')
[9.662s] INFO:colcon.colcon_core.shell:Creating environment hook '/home/ryujihirano/robosys2022/ros2_ws/src/install/person_msgs/share/person_msgs/hook/ld_library_path_lib.ps1'
[9.663s] INFO:colcon.colcon_core.shell:Creating environment descriptor '/home/ryujihirano/robosys2022/ros2_ws/src/install/person_msgs/share/person_msgs/hook/ld_library_path_lib.dsv'
[9.665s] INFO:colcon.colcon_core.shell:Creating environment hook '/home/ryujihirano/robosys2022/ros2_ws/src/install/person_msgs/share/person_msgs/hook/ld_library_path_lib.sh'
[9.665s] Level 1:colcon.colcon_core.environment:checking '/home/ryujihirano/robosys2022/ros2_ws/src/install/person_msgs/bin'
[9.666s] Level 1:colcon.colcon_core.environment:checking '/home/ryujihirano/robosys2022/ros2_ws/src/install/person_msgs/lib/pkgconfig/person_msgs.pc'
[9.666s] Level 1:colcon.colcon_core.environment:checking '/home/ryujihirano/robosys2022/ros2_ws/src/install/person_msgs/lib/python3.8/site-packages'
[9.666s] Level 1:colcon.colcon_core.shell:create_environment_hook('person_msgs', 'pythonpath')
[9.667s] INFO:colcon.colcon_core.shell:Creating environment hook '/home/ryujihirano/robosys2022/ros2_ws/src/install/person_msgs/share/person_msgs/hook/pythonpath.ps1'
[9.668s] INFO:colcon.colcon_core.shell:Creating environment descriptor '/home/ryujihirano/robosys2022/ros2_ws/src/install/person_msgs/share/person_msgs/hook/pythonpath.dsv'
[9.669s] INFO:colcon.colcon_core.shell:Creating environment hook '/home/ryujihirano/robosys2022/ros2_ws/src/install/person_msgs/share/person_msgs/hook/pythonpath.sh'
[9.670s] Level 1:colcon.colcon_core.environment:checking '/home/ryujihirano/robosys2022/ros2_ws/src/install/person_msgs/bin'
[9.671s] INFO:colcon.colcon_core.shell:Creating package script '/home/ryujihirano/robosys2022/ros2_ws/src/install/person_msgs/share/person_msgs/package.ps1'
[9.673s] INFO:colcon.colcon_core.shell:Creating package descriptor '/home/ryujihirano/robosys2022/ros2_ws/src/install/person_msgs/share/person_msgs/package.dsv'
[9.673s] INFO:colcon.colcon_core.shell:Creating package script '/home/ryujihirano/robosys2022/ros2_ws/src/install/person_msgs/share/person_msgs/package.sh'
[9.675s] INFO:colcon.colcon_core.shell:Creating package script '/home/ryujihirano/robosys2022/ros2_ws/src/install/person_msgs/share/person_msgs/package.bash'
[9.676s] INFO:colcon.colcon_core.shell:Creating package script '/home/ryujihirano/robosys2022/ros2_ws/src/install/person_msgs/share/person_msgs/package.zsh'
[9.677s] Level 1:colcon.colcon_core.environment:create_file_with_runtime_dependencies(/home/ryujihirano/robosys2022/ros2_ws/src/install/person_msgs/share/colcon-core/packages/person_msgs)
[9.922s] Level 1:colcon.colcon_core.environment:create_environment_scripts_only(person_msgs)
[9.924s] Level 1:colcon.colcon_core.environment:checking '/home/ryujihirano/robosys2022/ros2_ws/src/install/person_msgs' for CMake module files
[9.925s] Level 1:colcon.colcon_core.environment:checking '/home/ryujihirano/robosys2022/ros2_ws/src/install/person_msgs' for CMake config files
[9.927s] Level 1:colcon.colcon_core.shell:create_environment_hook('person_msgs', 'cmake_prefix_path')
[9.928s] INFO:colcon.colcon_core.shell:Creating environment hook '/home/ryujihirano/robosys2022/ros2_ws/src/install/person_msgs/share/person_msgs/hook/cmake_prefix_path.ps1'
[9.929s] INFO:colcon.colcon_core.shell:Creating environment descriptor '/home/ryujihirano/robosys2022/ros2_ws/src/install/person_msgs/share/person_msgs/hook/cmake_prefix_path.dsv'
[9.930s] INFO:colcon.colcon_core.shell:Creating environment hook '/home/ryujihirano/robosys2022/ros2_ws/src/install/person_msgs/share/person_msgs/hook/cmake_prefix_path.sh'
[9.931s] Level 1:colcon.colcon_core.environment:checking '/home/ryujihirano/robosys2022/ros2_ws/src/install/person_msgs/lib'
[9.931s] Level 1:colcon.colcon_core.shell:create_environment_hook('person_msgs', 'ld_library_path_lib')
[9.932s] INFO:colcon.colcon_core.shell:Creating environment hook '/home/ryujihirano/robosys2022/ros2_ws/src/install/person_msgs/share/person_msgs/hook/ld_library_path_lib.ps1'
[9.933s] INFO:colcon.colcon_core.shell:Creating environment descriptor '/home/ryujihirano/robosys2022/ros2_ws/src/install/person_msgs/share/person_msgs/hook/ld_library_path_lib.dsv'
[9.934s] INFO:colcon.colcon_core.shell:Creating environment hook '/home/ryujihirano/robosys2022/ros2_ws/src/install/person_msgs/share/person_msgs/hook/ld_library_path_lib.sh'
[9.934s] Level 1:colcon.colcon_core.environment:checking '/home/ryujihirano/robosys2022/ros2_ws/src/install/person_msgs/bin'
[9.935s] Level 1:colcon.colcon_core.environment:checking '/home/ryujihirano/robosys2022/ros2_ws/src/install/person_msgs/lib/pkgconfig/person_msgs.pc'
[9.935s] Level 1:colcon.colcon_core.environment:checking '/home/ryujihirano/robosys2022/ros2_ws/src/install/person_msgs/lib/python3.8/site-packages'
[9.935s] Level 1:colcon.colcon_core.shell:create_environment_hook('person_msgs', 'pythonpath')
[9.936s] INFO:colcon.colcon_core.shell:Creating environment hook '/home/ryujihirano/robosys2022/ros2_ws/src/install/person_msgs/share/person_msgs/hook/pythonpath.ps1'
[9.937s] INFO:colcon.colcon_core.shell:Creating environment descriptor '/home/ryujihirano/robosys2022/ros2_ws/src/install/person_msgs/share/person_msgs/hook/pythonpath.dsv'
[9.937s] INFO:colcon.colcon_core.shell:Creating environment hook '/home/ryujihirano/robosys2022/ros2_ws/src/install/person_msgs/share/person_msgs/hook/pythonpath.sh'
[9.938s] Level 1:colcon.colcon_core.environment:checking '/home/ryujihirano/robosys2022/ros2_ws/src/install/person_msgs/bin'
[9.939s] INFO:colcon.colcon_core.shell:Creating package script '/home/ryujihirano/robosys2022/ros2_ws/src/install/person_msgs/share/person_msgs/package.ps1'
[9.940s] INFO:colcon.colcon_core.shell:Creating package descriptor '/home/ryujihirano/robosys2022/ros2_ws/src/install/person_msgs/share/person_msgs/package.dsv'
[9.941s] INFO:colcon.colcon_core.shell:Creating package script '/home/ryujihirano/robosys2022/ros2_ws/src/install/person_msgs/share/person_msgs/package.sh'
[9.942s] INFO:colcon.colcon_core.shell:Creating package script '/home/ryujihirano/robosys2022/ros2_ws/src/install/person_msgs/share/person_msgs/package.bash'
[9.943s] INFO:colcon.colcon_core.shell:Creating package script '/home/ryujihirano/robosys2022/ros2_ws/src/install/person_msgs/share/person_msgs/package.zsh'
[9.944s] Level 1:colcon.colcon_core.environment:create_file_with_runtime_dependencies(/home/ryujihirano/robosys2022/ros2_ws/src/install/person_msgs/share/colcon-core/packages/person_msgs)
[9.944s] DEBUG:colcon.colcon_parallel_executor.executor.parallel:closing loop
[9.945s] DEBUG:colcon.colcon_parallel_executor.executor.parallel:loop closed
[9.945s] DEBUG:colcon.colcon_parallel_executor.executor.parallel:run_until_complete finished with '0'
[9.945s] DEBUG:colcon.colcon_core.event_reactor:joining thread
[9.961s] INFO:colcon.colcon_core.plugin_system:Skipping extension 'colcon_notification.desktop_notification.notify_send': Could not find 'notify-send'
[9.961s] INFO:colcon.colcon_core.plugin_system:Skipping extension 'colcon_notification.desktop_notification.terminal_notifier': Not used on non-Darwin systems
[9.961s] INFO:colcon.colcon_core.plugin_system:Skipping extension 'colcon_notification.desktop_notification.win32': Not used on non-Windows systems
[9.961s] INFO:colcon.colcon_notification.desktop_notification:Sending desktop notification using 'notify2'
[9.962s] DEBUG:colcon.colcon_notification.desktop_notification.notify2:Failed to initialize notify2: org.freedesktop.DBus.Error.NotSupported: Unable to autolaunch a dbus-daemon without a $DISPLAY for X11
[9.962s] DEBUG:colcon.colcon_core.event_reactor:joined thread
[9.963s] INFO:colcon.colcon_core.shell:Creating prefix script '/home/ryujihirano/robosys2022/ros2_ws/src/install/local_setup.ps1'
[9.964s] INFO:colcon.colcon_core.shell:Creating prefix util module '/home/ryujihirano/robosys2022/ros2_ws/src/install/_local_setup_util_ps1.py'
[9.966s] INFO:colcon.colcon_core.shell:Creating prefix chain script '/home/ryujihirano/robosys2022/ros2_ws/src/install/setup.ps1'
[9.968s] INFO:colcon.colcon_core.shell:Creating prefix script '/home/ryujihirano/robosys2022/ros2_ws/src/install/local_setup.sh'
[9.969s] INFO:colcon.colcon_core.shell:Creating prefix util module '/home/ryujihirano/robosys2022/ros2_ws/src/install/_local_setup_util_sh.py'
[9.971s] INFO:colcon.colcon_core.shell:Creating prefix chain script '/home/ryujihirano/robosys2022/ros2_ws/src/install/setup.sh'
[9.973s] INFO:colcon.colcon_core.shell:Creating prefix script '/home/ryujihirano/robosys2022/ros2_ws/src/install/local_setup.bash'
[9.974s] INFO:colcon.colcon_core.shell:Creating prefix chain script '/home/ryujihirano/robosys2022/ros2_ws/src/install/setup.bash'
[9.976s] INFO:colcon.colcon_core.shell:Creating prefix script '/home/ryujihirano/robosys2022/ros2_ws/src/install/local_setup.zsh'
[9.977s] INFO:colcon.colcon_core.shell:Creating prefix chain script '/home/ryujihirano/robosys2022/ros2_ws/src/install/setup.zsh'
