[1.069s] Invoking command in '/home/ryujihirano/robosys2022/ros2_ws/src/mypkg': PYTHONPATH=/home/ryujihirano/robosys2022/ros2_ws/install/mypkg/lib/python3.8/site-packages:${PYTHONPATH} /usr/bin/python3 setup.py egg_info --egg-base ../../build/mypkg build --build-base /home/ryujihirano/robosys2022/ros2_ws/build/mypkg/build install --prefix /home/ryujihirano/robosys2022/ros2_ws/install/mypkg --record /home/ryujihirano/robosys2022/ros2_ws/build/mypkg/install.log --single-version-externally-managed
[1.472s] running egg_info
[1.472s] writing ../../build/mypkg/mypkg.egg-info/PKG-INFO
[1.473s] writing dependency_links to ../../build/mypkg/mypkg.egg-info/dependency_links.txt
[1.474s] writing entry points to ../../build/mypkg/mypkg.egg-info/entry_points.txt
[1.474s] writing requirements to ../../build/mypkg/mypkg.egg-info/requires.txt
[1.474s] writing top-level names to ../../build/mypkg/mypkg.egg-info/top_level.txt
[1.513s] reading manifest file '../../build/mypkg/mypkg.egg-info/SOURCES.txt'
[1.515s] writing manifest file '../../build/mypkg/mypkg.egg-info/SOURCES.txt'
[1.515s] running build
[1.515s] running build_py
[1.515s] copying mypkg/talker.py -> /home/ryujihirano/robosys2022/ros2_ws/build/mypkg/build/lib/mypkg
[1.517s] running install
[1.518s] running install_lib
[1.520s] copying /home/ryujihirano/robosys2022/ros2_ws/build/mypkg/build/lib/mypkg/talker.py -> /home/ryujihirano/robosys2022/ros2_ws/install/mypkg/lib/python3.8/site-packages/mypkg
[1.522s] byte-compiling /home/ryujihirano/robosys2022/ros2_ws/install/mypkg/lib/python3.8/site-packages/mypkg/talker.py to talker.cpython-38.pyc
[1.525s] running install_data
[1.525s] running install_egg_info
[1.528s] removing '/home/ryujihirano/robosys2022/ros2_ws/install/mypkg/lib/python3.8/site-packages/mypkg-0.0.0-py3.8.egg-info' (and everything under it)
[1.532s] Copying ../../build/mypkg/mypkg.egg-info to /home/ryujihirano/robosys2022/ros2_ws/install/mypkg/lib/python3.8/site-packages/mypkg-0.0.0-py3.8.egg-info
[1.540s] running install_scripts
[1.563s] Installing listener script to /home/ryujihirano/robosys2022/ros2_ws/install/mypkg/lib/mypkg
[1.563s] Installing talker script to /home/ryujihirano/robosys2022/ros2_ws/install/mypkg/lib/mypkg
[1.564s] writing list of installed files to '/home/ryujihirano/robosys2022/ros2_ws/build/mypkg/install.log'
[1.599s] Invoked command in '/home/ryujihirano/robosys2022/ros2_ws/src/mypkg' returned '0': PYTHONPATH=/home/ryujihirano/robosys2022/ros2_ws/install/mypkg/lib/python3.8/site-packages:${PYTHONPATH} /usr/bin/python3 setup.py egg_info --egg-base ../../build/mypkg build --build-base /home/ryujihirano/robosys2022/ros2_ws/build/mypkg/build install --prefix /home/ryujihirano/robosys2022/ros2_ws/install/mypkg --record /home/ryujihirano/robosys2022/ros2_ws/build/mypkg/install.log --single-version-externally-managed
