[1.095s] Invoking command in '/home/ryujihirano/robosys2022/ros2_ws/src/mypkg': PYTHONPATH=/home/ryujihirano/robosys2022/ros2_ws/install/mypkg/lib/python3.8/site-packages:${PYTHONPATH} /usr/bin/python3 setup.py egg_info --egg-base ../../build/mypkg build --build-base /home/ryujihirano/robosys2022/ros2_ws/build/mypkg/build install --prefix /home/ryujihirano/robosys2022/ros2_ws/install/mypkg --record /home/ryujihirano/robosys2022/ros2_ws/build/mypkg/install.log --single-version-externally-managed
[1.446s] running egg_info
[1.446s] creating ../../build/mypkg/mypkg.egg-info
[1.447s] writing ../../build/mypkg/mypkg.egg-info/PKG-INFO
[1.448s] writing dependency_links to ../../build/mypkg/mypkg.egg-info/dependency_links.txt
[1.449s] writing entry points to ../../build/mypkg/mypkg.egg-info/entry_points.txt
[1.449s] writing requirements to ../../build/mypkg/mypkg.egg-info/requires.txt
[1.450s] writing top-level names to ../../build/mypkg/mypkg.egg-info/top_level.txt
[1.455s] writing manifest file '../../build/mypkg/mypkg.egg-info/SOURCES.txt'
[1.488s] reading manifest file '../../build/mypkg/mypkg.egg-info/SOURCES.txt'
[1.489s] writing manifest file '../../build/mypkg/mypkg.egg-info/SOURCES.txt'
[1.489s] running build
[1.489s] running build_py
[1.489s] creating /home/ryujihirano/robosys2022/ros2_ws/build/mypkg/build
[1.489s] creating /home/ryujihirano/robosys2022/ros2_ws/build/mypkg/build/lib
[1.490s] creating /home/ryujihirano/robosys2022/ros2_ws/build/mypkg/build/lib/mypkg
[1.490s] copying mypkg/__init__.py -> /home/ryujihirano/robosys2022/ros2_ws/build/mypkg/build/lib/mypkg
[1.491s] running install
[1.491s] running install_lib
[1.493s] creating /home/ryujihirano/robosys2022/ros2_ws/install/mypkg/lib/python3.8/site-packages/mypkg
[1.493s] copying /home/ryujihirano/robosys2022/ros2_ws/build/mypkg/build/lib/mypkg/__init__.py -> /home/ryujihirano/robosys2022/ros2_ws/install/mypkg/lib/python3.8/site-packages/mypkg
[1.494s] byte-compiling /home/ryujihirano/robosys2022/ros2_ws/install/mypkg/lib/python3.8/site-packages/mypkg/__init__.py to __init__.cpython-38.pyc
[1.497s] running install_data
[1.498s] creating /home/ryujihirano/robosys2022/ros2_ws/install/mypkg/share/ament_index
[1.498s] creating /home/ryujihirano/robosys2022/ros2_ws/install/mypkg/share/ament_index/resource_index
[1.498s] creating /home/ryujihirano/robosys2022/ros2_ws/install/mypkg/share/ament_index/resource_index/packages
[1.498s] copying resource/mypkg -> /home/ryujihirano/robosys2022/ros2_ws/install/mypkg/share/ament_index/resource_index/packages
[1.499s] copying package.xml -> /home/ryujihirano/robosys2022/ros2_ws/install/mypkg/share/mypkg
[1.500s] running install_egg_info
[1.502s] Copying ../../build/mypkg/mypkg.egg-info to /home/ryujihirano/robosys2022/ros2_ws/install/mypkg/lib/python3.8/site-packages/mypkg-0.0.0-py3.8.egg-info
[1.509s] running install_scripts
[1.529s] writing list of installed files to '/home/ryujihirano/robosys2022/ros2_ws/build/mypkg/install.log'
[1.545s] Invoked command in '/home/ryujihirano/robosys2022/ros2_ws/src/mypkg' returned '0': PYTHONPATH=/home/ryujihirano/robosys2022/ros2_ws/install/mypkg/lib/python3.8/site-packages:${PYTHONPATH} /usr/bin/python3 setup.py egg_info --egg-base ../../build/mypkg build --build-base /home/ryujihirano/robosys2022/ros2_ws/build/mypkg/build install --prefix /home/ryujihirano/robosys2022/ros2_ws/install/mypkg --record /home/ryujihirano/robosys2022/ros2_ws/build/mypkg/install.log --single-version-externally-managed
