[1.025s] Invoking command in '/home/ryujihirano/robosys2022/ros2_ws/src/mypkg': PYTHONPATH=/home/ryujihirano/robosys2022/ros2_ws/src/install/mypkg/lib/python3.8/site-packages:${PYTHONPATH} /usr/bin/python3 setup.py egg_info --egg-base ../build/mypkg build --build-base /home/ryujihirano/robosys2022/ros2_ws/src/build/mypkg/build install --prefix /home/ryujihirano/robosys2022/ros2_ws/src/install/mypkg --record /home/ryujihirano/robosys2022/ros2_ws/src/build/mypkg/install.log --single-version-externally-managed
[1.416s] running egg_info
[1.416s] creating ../build/mypkg/mypkg.egg-info
[1.417s] writing ../build/mypkg/mypkg.egg-info/PKG-INFO
[1.418s] writing dependency_links to ../build/mypkg/mypkg.egg-info/dependency_links.txt
[1.418s] writing entry points to ../build/mypkg/mypkg.egg-info/entry_points.txt
[1.419s] writing requirements to ../build/mypkg/mypkg.egg-info/requires.txt
[1.420s] writing top-level names to ../build/mypkg/mypkg.egg-info/top_level.txt
[1.423s] writing manifest file '../build/mypkg/mypkg.egg-info/SOURCES.txt'
[1.458s] reading manifest file '../build/mypkg/mypkg.egg-info/SOURCES.txt'
[1.459s] writing manifest file '../build/mypkg/mypkg.egg-info/SOURCES.txt'
[1.459s] running build
[1.460s] running build_py
[1.460s] creating /home/ryujihirano/robosys2022/ros2_ws/src/build/mypkg/build
[1.460s] creating /home/ryujihirano/robosys2022/ros2_ws/src/build/mypkg/build/lib
[1.460s] creating /home/ryujihirano/robosys2022/ros2_ws/src/build/mypkg/build/lib/mypkg
[1.460s] copying mypkg/listener.py -> /home/ryujihirano/robosys2022/ros2_ws/src/build/mypkg/build/lib/mypkg
[1.461s] copying mypkg/talker.py -> /home/ryujihirano/robosys2022/ros2_ws/src/build/mypkg/build/lib/mypkg
[1.462s] copying mypkg/__init__.py -> /home/ryujihirano/robosys2022/ros2_ws/src/build/mypkg/build/lib/mypkg
[1.463s] running install
[1.464s] running install_lib
[1.465s] creating /home/ryujihirano/robosys2022/ros2_ws/src/install/mypkg/lib/python3.8/site-packages/mypkg
[1.466s] copying /home/ryujihirano/robosys2022/ros2_ws/src/build/mypkg/build/lib/mypkg/listener.py -> /home/ryujihirano/robosys2022/ros2_ws/src/install/mypkg/lib/python3.8/site-packages/mypkg
[1.467s] copying /home/ryujihirano/robosys2022/ros2_ws/src/build/mypkg/build/lib/mypkg/talker.py -> /home/ryujihirano/robosys2022/ros2_ws/src/install/mypkg/lib/python3.8/site-packages/mypkg
[1.468s] copying /home/ryujihirano/robosys2022/ros2_ws/src/build/mypkg/build/lib/mypkg/__init__.py -> /home/ryujihirano/robosys2022/ros2_ws/src/install/mypkg/lib/python3.8/site-packages/mypkg
[1.469s] byte-compiling /home/ryujihirano/robosys2022/ros2_ws/src/install/mypkg/lib/python3.8/site-packages/mypkg/listener.py to listener.cpython-38.pyc
[1.472s] byte-compiling /home/ryujihirano/robosys2022/ros2_ws/src/install/mypkg/lib/python3.8/site-packages/mypkg/talker.py to talker.cpython-38.pyc
[1.474s] byte-compiling /home/ryujihirano/robosys2022/ros2_ws/src/install/mypkg/lib/python3.8/site-packages/mypkg/__init__.py to __init__.cpython-38.pyc
[1.476s] running install_data
[1.477s] creating /home/ryujihirano/robosys2022/ros2_ws/src/install/mypkg/share/ament_index
[1.477s] creating /home/ryujihirano/robosys2022/ros2_ws/src/install/mypkg/share/ament_index/resource_index
[1.477s] creating /home/ryujihirano/robosys2022/ros2_ws/src/install/mypkg/share/ament_index/resource_index/packages
[1.477s] copying resource/mypkg -> /home/ryujihirano/robosys2022/ros2_ws/src/install/mypkg/share/ament_index/resource_index/packages
[1.478s] copying package.xml -> /home/ryujihirano/robosys2022/ros2_ws/src/install/mypkg/share/mypkg
[1.479s] copying launch/talk_listen.launch.py -> /home/ryujihirano/robosys2022/ros2_ws/src/install/mypkg/share/mypkg
[1.480s] running install_egg_info
[1.482s] Copying ../build/mypkg/mypkg.egg-info to /home/ryujihirano/robosys2022/ros2_ws/src/install/mypkg/lib/python3.8/site-packages/mypkg-0.0.0-py3.8.egg-info
[1.491s] running install_scripts
[1.512s] Installing listener script to /home/ryujihirano/robosys2022/ros2_ws/src/install/mypkg/lib/mypkg
[1.513s] Installing talker script to /home/ryujihirano/robosys2022/ros2_ws/src/install/mypkg/lib/mypkg
[1.514s] writing list of installed files to '/home/ryujihirano/robosys2022/ros2_ws/src/build/mypkg/install.log'
[1.535s] Invoked command in '/home/ryujihirano/robosys2022/ros2_ws/src/mypkg' returned '0': PYTHONPATH=/home/ryujihirano/robosys2022/ros2_ws/src/install/mypkg/lib/python3.8/site-packages:${PYTHONPATH} /usr/bin/python3 setup.py egg_info --egg-base ../build/mypkg build --build-base /home/ryujihirano/robosys2022/ros2_ws/src/build/mypkg/build install --prefix /home/ryujihirano/robosys2022/ros2_ws/src/install/mypkg --record /home/ryujihirano/robosys2022/ros2_ws/src/build/mypkg/install.log --single-version-externally-managed
