[1.041s] Invoking command in '/home/ryujihirano/robosys2022/ros2_ws/src/mypkg': PYTHONPATH=/home/ryujihirano/robosys2022/ros2_ws/install/mypkg/lib/python3.8/site-packages:${PYTHONPATH} /usr/bin/python3 setup.py egg_info --egg-base ../../build/mypkg build --build-base /home/ryujihirano/robosys2022/ros2_ws/build/mypkg/build install --prefix /home/ryujihirano/robosys2022/ros2_ws/install/mypkg --record /home/ryujihirano/robosys2022/ros2_ws/build/mypkg/install.log --single-version-externally-managed
[1.424s] running egg_info
[1.425s] writing ../../build/mypkg/mypkg.egg-info/PKG-INFO
[1.425s] writing dependency_links to ../../build/mypkg/mypkg.egg-info/dependency_links.txt
[1.427s] writing entry points to ../../build/mypkg/mypkg.egg-info/entry_points.txt
[1.427s] writing requirements to ../../build/mypkg/mypkg.egg-info/requires.txt
[1.427s] writing top-level names to ../../build/mypkg/mypkg.egg-info/top_level.txt
[1.463s] reading manifest file '../../build/mypkg/mypkg.egg-info/SOURCES.txt'
[1.464s] writing manifest file '../../build/mypkg/mypkg.egg-info/SOURCES.txt'
[1.465s] running build
[1.465s] running build_py
[1.465s] copying mypkg/listener.py -> /home/ryujihirano/robosys2022/ros2_ws/build/mypkg/build/lib/mypkg
[1.466s] running install
[1.467s] running install_lib
[1.469s] copying /home/ryujihirano/robosys2022/ros2_ws/build/mypkg/build/lib/mypkg/listener.py -> /home/ryujihirano/robosys2022/ros2_ws/install/mypkg/lib/python3.8/site-packages/mypkg
[1.471s] byte-compiling /home/ryujihirano/robosys2022/ros2_ws/install/mypkg/lib/python3.8/site-packages/mypkg/listener.py to listener.cpython-38.pyc
[1.474s] running install_data
[1.475s] running install_egg_info
[1.477s] removing '/home/ryujihirano/robosys2022/ros2_ws/install/mypkg/lib/python3.8/site-packages/mypkg-0.0.0-py3.8.egg-info' (and everything under it)
[1.480s] Copying ../../build/mypkg/mypkg.egg-info to /home/ryujihirano/robosys2022/ros2_ws/install/mypkg/lib/python3.8/site-packages/mypkg-0.0.0-py3.8.egg-info
[1.488s] running install_scripts
[1.510s] Installing listener script to /home/ryujihirano/robosys2022/ros2_ws/install/mypkg/lib/mypkg
[1.510s] Installing talker script to /home/ryujihirano/robosys2022/ros2_ws/install/mypkg/lib/mypkg
[1.511s] writing list of installed files to '/home/ryujihirano/robosys2022/ros2_ws/build/mypkg/install.log'
[1.564s] Invoked command in '/home/ryujihirano/robosys2022/ros2_ws/src/mypkg' returned '0': PYTHONPATH=/home/ryujihirano/robosys2022/ros2_ws/install/mypkg/lib/python3.8/site-packages:${PYTHONPATH} /usr/bin/python3 setup.py egg_info --egg-base ../../build/mypkg build --build-base /home/ryujihirano/robosys2022/ros2_ws/build/mypkg/build install --prefix /home/ryujihirano/robosys2022/ros2_ws/install/mypkg --record /home/ryujihirano/robosys2022/ros2_ws/build/mypkg/install.log --single-version-externally-managed
