[0.414s] Invoking command in '/home/ryujihirano/robosys2022/ros2_ws/build/person_msgs': CMAKE_PREFIX_PATH=/home/ryujihirano/robosys2022/ros2_ws/install/mypkg:/opt/ros/foxy /usr/bin/cmake /home/ryujihirano/robosys2022/ros2_ws/src/person_msgs -DCMAKE_INSTALL_PREFIX=/home/ryujihirano/robosys2022/ros2_ws/install/person_msgs
[3.681s] -- The C compiler identification is GNU 9.4.0
[5.000s] -- The CXX compiler identification is GNU 9.4.0
[5.033s] -- Check for working C compiler: /usr/bin/cc
[5.285s] -- Check for working C compiler: /usr/bin/cc -- works
[5.290s] -- Detecting C compiler ABI info
[5.540s] -- Detecting C compiler ABI info - done
[5.552s] -- Detecting C compile features
[5.553s] -- Detecting C compile features - done
[5.561s] -- Check for working CXX compiler: /usr/bin/c++
[5.812s] -- Check for working CXX compiler: /usr/bin/c++ -- works
[5.814s] -- Detecting CXX compiler ABI info
[6.061s] -- Detecting CXX compiler ABI info - done
[6.072s] -- Detecting CXX compile features
[6.073s] -- Detecting CXX compile features - done
[6.085s] -- Found ament_cmake: 0.9.11 (/opt/ros/foxy/share/ament_cmake/cmake)
[6.141s] -- Found PythonInterp: /usr/bin/python3 (found suitable version "3.8.10", minimum required is "3") 
[6.141s] -- Using PYTHON_EXECUTABLE: /usr/bin/python3
[6.563s] -- Found ament_lint_auto: 0.9.7 (/opt/ros/foxy/share/ament_lint_auto/cmake)
[6.697s] -- Found rosidl_default_generators: 1.0.1 (/opt/ros/foxy/share/rosidl_default_generators/cmake)
[6.706s] -- Using all available rosidl_typesupport_c: rosidl_typesupport_fastrtps_c;rosidl_typesupport_introspection_c
[6.723s] -- Found rosidl_adapter: 1.3.0 (/opt/ros/foxy/share/rosidl_adapter/cmake)
[7.240s] -- Found OpenSSL: /usr/lib/x86_64-linux-gnu/libcrypto.so (found version "1.1.1f")  
[7.375s] -- Found FastRTPS: /opt/ros/foxy/include  
[7.687s] -- Using all available rosidl_typesupport_cpp: rosidl_typesupport_fastrtps_cpp;rosidl_typesupport_introspection_cpp
[7.781s] -- Found PythonInterp: /usr/bin/python3 (found version "3.8.10") 
[7.895s] -- Found ament_cmake_ros: 0.9.2 (/opt/ros/foxy/share/ament_cmake_ros/cmake)
[8.433s] -- Using all available rosidl_typesupport_c: rosidl_typesupport_fastrtps_c;rosidl_typesupport_introspection_c
[8.474s] -- Using all available rosidl_typesupport_cpp: rosidl_typesupport_fastrtps_cpp;rosidl_typesupport_introspection_cpp
[8.515s] -- Found PythonInterp: /usr/bin/python3 (found suitable version "3.8.10", minimum required is "3.5") 
[8.518s] -- Found python_cmake_module: 0.8.1 (/opt/ros/foxy/share/python_cmake_module/cmake)
[8.599s] -- Found PythonLibs: /usr/lib/x86_64-linux-gnu/libpython3.8.so (found suitable version "3.8.10", minimum required is "3.5") 
[8.599s] -- Using PYTHON_EXECUTABLE: /usr/bin/python3
[8.599s] -- Using PYTHON_INCLUDE_DIRS: /usr/include/python3.8
[8.599s] -- Using PYTHON_LIBRARIES: /usr/lib/x86_64-linux-gnu/libpython3.8.so
[8.642s] -- Found PythonExtra: .so  
[8.747s] -- Added test 'copyright' to check source files copyright and LICENSE
[8.757s] -- Added test 'lint_cmake' to check CMake code style
[8.762s] -- Added test 'xmllint' to check XML markup files
[8.834s] -- Configuring done
[9.041s] -- Generating done
[9.071s] -- Build files have been written to: /home/ryujihirano/robosys2022/ros2_ws/build/person_msgs
[9.078s] Invoked command in '/home/ryujihirano/robosys2022/ros2_ws/build/person_msgs' returned '0': CMAKE_PREFIX_PATH=/home/ryujihirano/robosys2022/ros2_ws/install/mypkg:/opt/ros/foxy /usr/bin/cmake /home/ryujihirano/robosys2022/ros2_ws/src/person_msgs -DCMAKE_INSTALL_PREFIX=/home/ryujihirano/robosys2022/ros2_ws/install/person_msgs
[9.084s] Invoking command in '/home/ryujihirano/robosys2022/ros2_ws/build/person_msgs': CMAKE_PREFIX_PATH=/home/ryujihirano/robosys2022/ros2_ws/install/mypkg:/opt/ros/foxy /usr/bin/cmake --build /home/ryujihirano/robosys2022/ros2_ws/build/person_msgs -- -j12 -l12
[9.236s] [35m[1mScanning dependencies of target person_msgs__cpp[0m
[9.238s] [  3%] [34m[1mGenerating C code for ROS interfaces[0m
[9.283s] [  6%] [34m[1mGenerating C++ code for ROS interfaces[0m
[9.524s] [35m[1mScanning dependencies of target person_msgs__rosidl_generator_c[0m
[9.558s] [  6%] Built target person_msgs__cpp
[9.584s] [  9%] [32mBuilding C object CMakeFiles/person_msgs__rosidl_generator_c.dir/rosidl_generator_c/person_msgs/msg/detail/person__functions.c.o[0m
[9.606s] [ 19%] [34m[1mGenerating C++ type support dispatch for ROS interfaces[0m
[9.606s] [ 19%] [34m[1mGenerating C++ type support for eProsima Fast-RTPS[0m
[9.606s] [ 19%] [34m[1mGenerating C++ introspection for ROS interfaces[0m
[9.733s] [ 22%] [32m[1mLinking C shared library libperson_msgs__rosidl_generator_c.so[0m
[9.852s] [35m[1mScanning dependencies of target person_msgs__rosidl_typesupport_cpp[0m
[9.856s] [ 22%] Built target person_msgs__rosidl_generator_c
[9.886s] [35m[1mScanning dependencies of target person_msgs__rosidl_typesupport_introspection_cpp[0m
[9.893s] [35m[1mScanning dependencies of target person_msgs__rosidl_typesupport_fastrtps_cpp[0m
[9.903s] [ 25%] [34m[1mGenerating C type support dispatch for ROS interfaces[0m
[9.906s] [ 29%] [34m[1mGenerating C introspection for ROS interfaces[0m
[9.916s] [ 32%] [32mBuilding CXX object CMakeFiles/person_msgs__rosidl_typesupport_cpp.dir/rosidl_typesupport_cpp/person_msgs/msg/person__type_support.cpp.o[0m
[9.950s] [ 35%] [32mBuilding CXX object CMakeFiles/person_msgs__rosidl_typesupport_introspection_cpp.dir/rosidl_typesupport_introspection_cpp/person_msgs/msg/detail/person__type_support.cpp.o[0m
[9.965s] [ 38%] [32mBuilding CXX object CMakeFiles/person_msgs__rosidl_typesupport_fastrtps_cpp.dir/rosidl_typesupport_fastrtps_cpp/person_msgs/msg/detail/dds_fastrtps/person__type_support.cpp.o[0m
[10.140s] [35m[1mScanning dependencies of target person_msgs__rosidl_typesupport_c[0m
[10.187s] [35m[1mScanning dependencies of target person_msgs__rosidl_typesupport_introspection_c[0m
[10.197s] [ 41%] [32mBuilding CXX object CMakeFiles/person_msgs__rosidl_typesupport_c.dir/rosidl_typesupport_c/person_msgs/msg/person__type_support.cpp.o[0m
[10.249s] [ 45%] [32mBuilding C object CMakeFiles/person_msgs__rosidl_typesupport_introspection_c.dir/rosidl_typesupport_introspection_c/person_msgs/msg/detail/person__type_support.c.o[0m
[10.302s] [ 48%] [32m[1mLinking CXX shared library libperson_msgs__rosidl_typesupport_c.so[0m
[10.369s] [ 51%] [32m[1mLinking C shared library libperson_msgs__rosidl_typesupport_introspection_c.so[0m
[10.390s] [ 54%] [32m[1mLinking CXX shared library libperson_msgs__rosidl_typesupport_cpp.so[0m
[10.400s] [ 58%] [32m[1mLinking CXX shared library libperson_msgs__rosidl_typesupport_introspection_cpp.so[0m
[10.446s] [ 58%] Built target person_msgs__rosidl_typesupport_c
[10.491s] [ 58%] Built target person_msgs__rosidl_typesupport_introspection_c
[10.530s] [ 58%] Built target person_msgs__rosidl_typesupport_cpp
[10.558s] [ 58%] Built target person_msgs__rosidl_typesupport_introspection_cpp
[10.560s] [ 61%] [32m[1mLinking CXX shared library libperson_msgs__rosidl_typesupport_fastrtps_cpp.so[0m
[10.760s] [ 61%] Built target person_msgs__rosidl_typesupport_fastrtps_cpp
[10.801s] [ 64%] [34m[1mGenerating C type support for eProsima Fast-RTPS[0m
[11.060s] [35m[1mScanning dependencies of target person_msgs__rosidl_typesupport_fastrtps_c[0m
[11.120s] [ 67%] [32mBuilding CXX object CMakeFiles/person_msgs__rosidl_typesupport_fastrtps_c.dir/rosidl_typesupport_fastrtps_c/person_msgs/msg/detail/person__type_support_c.cpp.o[0m
[11.581s] [ 70%] [32m[1mLinking CXX shared library libperson_msgs__rosidl_typesupport_fastrtps_c.so[0m
[11.748s] [ 70%] Built target person_msgs__rosidl_typesupport_fastrtps_c
[11.789s] [35m[1mScanning dependencies of target person_msgs[0m
[11.845s] [ 70%] Built target person_msgs
[11.885s] [35m[1mScanning dependencies of target person_msgs__py[0m
[11.930s] [ 74%] [34m[1mGenerating Python code for ROS interfaces[0m
[12.524s] [ 74%] Built target person_msgs__py
[12.564s] [35m[1mScanning dependencies of target person_msgs__python[0m
[12.707s] [ 77%] [32mBuilding C object CMakeFiles/person_msgs__python.dir/rosidl_generator_py/person_msgs/msg/_person_s.c.o[0m
[12.921s] [ 80%] [32m[1mLinking C shared library rosidl_generator_py/person_msgs/libperson_msgs__python.so[0m
[13.041s] [ 80%] Built target person_msgs__python
[13.083s] [35m[1mScanning dependencies of target person_msgs__rosidl_typesupport_c__pyext[0m
[13.084s] [35m[1mScanning dependencies of target person_msgs__rosidl_typesupport_introspection_c__pyext[0m
[13.085s] [35m[1mScanning dependencies of target person_msgs__rosidl_typesupport_fastrtps_c__pyext[0m
[13.166s] [ 87%] [32mBuilding C object CMakeFiles/person_msgs__rosidl_typesupport_c__pyext.dir/rosidl_generator_py/person_msgs/_person_msgs_s.ep.rosidl_typesupport_c.c.o[0m
[13.166s] [ 87%] [32mBuilding C object CMakeFiles/person_msgs__rosidl_typesupport_introspection_c__pyext.dir/rosidl_generator_py/person_msgs/_person_msgs_s.ep.rosidl_typesupport_introspection_c.c.o[0m
[13.168s] [ 90%] [32mBuilding C object CMakeFiles/person_msgs__rosidl_typesupport_fastrtps_c__pyext.dir/rosidl_generator_py/person_msgs/_person_msgs_s.ep.rosidl_typesupport_fastrtps_c.c.o[0m
[13.360s] [ 96%] [32m[1mLinking C shared library rosidl_generator_py/person_msgs/person_msgs_s__rosidl_typesupport_c.cpython-38-x86_64-linux-gnu.so[0m
[13.360s] [ 96%] [32m[1mLinking C shared library rosidl_generator_py/person_msgs/person_msgs_s__rosidl_typesupport_introspection_c.cpython-38-x86_64-linux-gnu.so[0m
[13.376s] [100%] [32m[1mLinking CXX shared library rosidl_generator_py/person_msgs/person_msgs_s__rosidl_typesupport_fastrtps_c.cpython-38-x86_64-linux-gnu.so[0m
[13.490s] [100%] Built target person_msgs__rosidl_typesupport_c__pyext
[13.491s] [100%] Built target person_msgs__rosidl_typesupport_introspection_c__pyext
[13.536s] [100%] Built target person_msgs__rosidl_typesupport_fastrtps_c__pyext
[13.580s] Invoked command in '/home/ryujihirano/robosys2022/ros2_ws/build/person_msgs' returned '0': CMAKE_PREFIX_PATH=/home/ryujihirano/robosys2022/ros2_ws/install/mypkg:/opt/ros/foxy /usr/bin/cmake --build /home/ryujihirano/robosys2022/ros2_ws/build/person_msgs -- -j12 -l12
[13.868s] Invoking command in '/home/ryujihirano/robosys2022/ros2_ws/build/person_msgs': CMAKE_PREFIX_PATH=/home/ryujihirano/robosys2022/ros2_ws/install/mypkg:/opt/ros/foxy /usr/bin/cmake --install /home/ryujihirano/robosys2022/ros2_ws/build/person_msgs
[13.896s] -- Install configuration: ""
[13.897s] -- Installing: /home/ryujihirano/robosys2022/ros2_ws/install/person_msgs/share/ament_index/resource_index/rosidl_interfaces/person_msgs
[13.899s] -- Installing: /home/ryujihirano/robosys2022/ros2_ws/install/person_msgs/include/person_msgs
[13.899s] -- Installing: /home/ryujihirano/robosys2022/ros2_ws/install/person_msgs/include/person_msgs/msg
[13.899s] -- Installing: /home/ryujihirano/robosys2022/ros2_ws/install/person_msgs/include/person_msgs/msg/detail
[13.900s] -- Installing: /home/ryujihirano/robosys2022/ros2_ws/install/person_msgs/include/person_msgs/msg/detail/person__functions.c
[13.901s] -- Installing: /home/ryujihirano/robosys2022/ros2_ws/install/person_msgs/include/person_msgs/msg/detail/person__functions.h
[13.903s] -- Installing: /home/ryujihirano/robosys2022/ros2_ws/install/person_msgs/include/person_msgs/msg/detail/person__struct.h
[13.905s] -- Installing: /home/ryujihirano/robosys2022/ros2_ws/install/person_msgs/include/person_msgs/msg/detail/person__type_support.h
[13.906s] -- Installing: /home/ryujihirano/robosys2022/ros2_ws/install/person_msgs/include/person_msgs/msg/person.h
[13.908s] -- Installing: /home/ryujihirano/robosys2022/ros2_ws/install/person_msgs/include/person_msgs/msg/rosidl_generator_c__visibility_control.h
[13.910s] -- Installing: /home/ryujihirano/robosys2022/ros2_ws/install/person_msgs/share/person_msgs/environment/library_path.sh
[13.911s] -- Installing: /home/ryujihirano/robosys2022/ros2_ws/install/person_msgs/share/person_msgs/environment/library_path.dsv
[13.913s] -- Installing: /home/ryujihirano/robosys2022/ros2_ws/install/person_msgs/lib/libperson_msgs__rosidl_generator_c.so
[13.916s] -- Set runtime path of "/home/ryujihirano/robosys2022/ros2_ws/install/person_msgs/lib/libperson_msgs__rosidl_generator_c.so" to ""
[13.916s] -- Up-to-date: /home/ryujihirano/robosys2022/ros2_ws/install/person_msgs/include/person_msgs
[13.916s] -- Up-to-date: /home/ryujihirano/robosys2022/ros2_ws/install/person_msgs/include/person_msgs/msg
[13.916s] -- Up-to-date: /home/ryujihirano/robosys2022/ros2_ws/install/person_msgs/include/person_msgs/msg/detail
[13.917s] -- Installing: /home/ryujihirano/robosys2022/ros2_ws/install/person_msgs/include/person_msgs/msg/detail/person__rosidl_typesupport_fastrtps_c.h
[13.920s] -- Installing: /home/ryujihirano/robosys2022/ros2_ws/install/person_msgs/include/person_msgs/msg/rosidl_typesupport_fastrtps_c__visibility_control.h
[13.921s] -- Installing: /home/ryujihirano/robosys2022/ros2_ws/install/person_msgs/lib/libperson_msgs__rosidl_typesupport_fastrtps_c.so
[13.924s] -- Set runtime path of "/home/ryujihirano/robosys2022/ros2_ws/install/person_msgs/lib/libperson_msgs__rosidl_typesupport_fastrtps_c.so" to ""
[13.924s] -- Up-to-date: /home/ryujihirano/robosys2022/ros2_ws/install/person_msgs/include/person_msgs
[13.924s] -- Up-to-date: /home/ryujihirano/robosys2022/ros2_ws/install/person_msgs/include/person_msgs/msg
[13.924s] -- Up-to-date: /home/ryujihirano/robosys2022/ros2_ws/install/person_msgs/include/person_msgs/msg/detail
[13.925s] -- Installing: /home/ryujihirano/robosys2022/ros2_ws/install/person_msgs/include/person_msgs/msg/detail/dds_fastrtps
[13.925s] -- Installing: /home/ryujihirano/robosys2022/ros2_ws/install/person_msgs/include/person_msgs/msg/detail/person__rosidl_typesupport_fastrtps_cpp.hpp
[13.927s] -- Installing: /home/ryujihirano/robosys2022/ros2_ws/install/person_msgs/include/person_msgs/msg/rosidl_typesupport_fastrtps_cpp__visibility_control.h
[13.928s] -- Installing: /home/ryujihirano/robosys2022/ros2_ws/install/person_msgs/lib/libperson_msgs__rosidl_typesupport_fastrtps_cpp.so
[13.931s] -- Set runtime path of "/home/ryujihirano/robosys2022/ros2_ws/install/person_msgs/lib/libperson_msgs__rosidl_typesupport_fastrtps_cpp.so" to ""
[13.931s] -- Up-to-date: /home/ryujihirano/robosys2022/ros2_ws/install/person_msgs/include/person_msgs
[13.931s] -- Up-to-date: /home/ryujihirano/robosys2022/ros2_ws/install/person_msgs/include/person_msgs/msg
[13.931s] -- Up-to-date: /home/ryujihirano/robosys2022/ros2_ws/install/person_msgs/include/person_msgs/msg/detail
[13.931s] -- Installing: /home/ryujihirano/robosys2022/ros2_ws/install/person_msgs/include/person_msgs/msg/detail/person__rosidl_typesupport_introspection_c.h
[13.933s] -- Installing: /home/ryujihirano/robosys2022/ros2_ws/install/person_msgs/include/person_msgs/msg/detail/person__type_support.c
[13.935s] -- Installing: /home/ryujihirano/robosys2022/ros2_ws/install/person_msgs/include/person_msgs/msg/rosidl_typesupport_introspection_c__visibility_control.h
[13.936s] -- Installing: /home/ryujihirano/robosys2022/ros2_ws/install/person_msgs/lib/libperson_msgs__rosidl_typesupport_introspection_c.so
[13.939s] -- Set runtime path of "/home/ryujihirano/robosys2022/ros2_ws/install/person_msgs/lib/libperson_msgs__rosidl_typesupport_introspection_c.so" to ""
[13.939s] -- Installing: /home/ryujihirano/robosys2022/ros2_ws/install/person_msgs/lib/libperson_msgs__rosidl_typesupport_c.so
[13.942s] -- Set runtime path of "/home/ryujihirano/robosys2022/ros2_ws/install/person_msgs/lib/libperson_msgs__rosidl_typesupport_c.so" to ""
[13.942s] -- Up-to-date: /home/ryujihirano/robosys2022/ros2_ws/install/person_msgs/include/person_msgs
[13.942s] -- Up-to-date: /home/ryujihirano/robosys2022/ros2_ws/install/person_msgs/include/person_msgs/msg
[13.942s] -- Up-to-date: /home/ryujihirano/robosys2022/ros2_ws/install/person_msgs/include/person_msgs/msg/detail
[13.942s] -- Installing: /home/ryujihirano/robosys2022/ros2_ws/install/person_msgs/include/person_msgs/msg/detail/person__builder.hpp
[13.944s] -- Installing: /home/ryujihirano/robosys2022/ros2_ws/install/person_msgs/include/person_msgs/msg/detail/person__struct.hpp
[13.945s] -- Installing: /home/ryujihirano/robosys2022/ros2_ws/install/person_msgs/include/person_msgs/msg/detail/person__traits.hpp
[13.947s] -- Installing: /home/ryujihirano/robosys2022/ros2_ws/install/person_msgs/include/person_msgs/msg/person.hpp
[13.949s] -- Up-to-date: /home/ryujihirano/robosys2022/ros2_ws/install/person_msgs/include/person_msgs
[13.949s] -- Up-to-date: /home/ryujihirano/robosys2022/ros2_ws/install/person_msgs/include/person_msgs/msg
[13.949s] -- Up-to-date: /home/ryujihirano/robosys2022/ros2_ws/install/person_msgs/include/person_msgs/msg/detail
[13.949s] -- Installing: /home/ryujihirano/robosys2022/ros2_ws/install/person_msgs/include/person_msgs/msg/detail/person__rosidl_typesupport_introspection_cpp.hpp
[13.951s] -- Installing: /home/ryujihirano/robosys2022/ros2_ws/install/person_msgs/include/person_msgs/msg/detail/person__type_support.cpp
[13.952s] -- Installing: /home/ryujihirano/robosys2022/ros2_ws/install/person_msgs/lib/libperson_msgs__rosidl_typesupport_introspection_cpp.so
[13.955s] -- Set runtime path of "/home/ryujihirano/robosys2022/ros2_ws/install/person_msgs/lib/libperson_msgs__rosidl_typesupport_introspection_cpp.so" to ""
[13.955s] -- Installing: /home/ryujihirano/robosys2022/ros2_ws/install/person_msgs/lib/libperson_msgs__rosidl_typesupport_cpp.so
[13.958s] -- Set runtime path of "/home/ryujihirano/robosys2022/ros2_ws/install/person_msgs/lib/libperson_msgs__rosidl_typesupport_cpp.so" to ""
[13.958s] -- Installing: /home/ryujihirano/robosys2022/ros2_ws/install/person_msgs/share/person_msgs/environment/pythonpath.sh
[13.960s] -- Installing: /home/ryujihirano/robosys2022/ros2_ws/install/person_msgs/share/person_msgs/environment/pythonpath.dsv
[13.962s] -- Installing: /home/ryujihirano/robosys2022/ros2_ws/install/person_msgs/lib/python3.8/site-packages/person_msgs/__init__.py
[14.019s] Compiling '/home/ryujihirano/robosys2022/ros2_ws/install/person_msgs/lib/python3.8/site-packages/person_msgs/__init__.py'...
[14.022s] -- Installing: /home/ryujihirano/robosys2022/ros2_ws/install/person_msgs/lib/python3.8/site-packages/person_msgs/msg
[14.022s] -- Installing: /home/ryujihirano/robosys2022/ros2_ws/install/person_msgs/lib/python3.8/site-packages/person_msgs/msg/_person.py
[14.024s] -- Installing: /home/ryujihirano/robosys2022/ros2_ws/install/person_msgs/lib/python3.8/site-packages/person_msgs/msg/_person_s.c
[14.026s] -- Installing: /home/ryujihirano/robosys2022/ros2_ws/install/person_msgs/lib/python3.8/site-packages/person_msgs/msg/__init__.py
[14.028s] -- Installing: /home/ryujihirano/robosys2022/ros2_ws/install/person_msgs/lib/python3.8/site-packages/person_msgs/person_msgs_s__rosidl_typesupport_fastrtps_c.cpython-38-x86_64-linux-gnu.so
[14.031s] -- Set runtime path of "/home/ryujihirano/robosys2022/ros2_ws/install/person_msgs/lib/python3.8/site-packages/person_msgs/person_msgs_s__rosidl_typesupport_fastrtps_c.cpython-38-x86_64-linux-gnu.so" to ""
[14.031s] -- Installing: /home/ryujihirano/robosys2022/ros2_ws/install/person_msgs/lib/python3.8/site-packages/person_msgs/person_msgs_s__rosidl_typesupport_introspection_c.cpython-38-x86_64-linux-gnu.so
[14.034s] -- Set runtime path of "/home/ryujihirano/robosys2022/ros2_ws/install/person_msgs/lib/python3.8/site-packages/person_msgs/person_msgs_s__rosidl_typesupport_introspection_c.cpython-38-x86_64-linux-gnu.so" to ""
[14.034s] -- Installing: /home/ryujihirano/robosys2022/ros2_ws/install/person_msgs/lib/python3.8/site-packages/person_msgs/person_msgs_s__rosidl_typesupport_c.cpython-38-x86_64-linux-gnu.so
[14.037s] -- Set runtime path of "/home/ryujihirano/robosys2022/ros2_ws/install/person_msgs/lib/python3.8/site-packages/person_msgs/person_msgs_s__rosidl_typesupport_c.cpython-38-x86_64-linux-gnu.so" to ""
[14.038s] -- Installing: /home/ryujihirano/robosys2022/ros2_ws/install/person_msgs/lib/libperson_msgs__python.so
[14.040s] -- Set runtime path of "/home/ryujihirano/robosys2022/ros2_ws/install/person_msgs/lib/libperson_msgs__python.so" to ""
[14.040s] -- Installing: /home/ryujihirano/robosys2022/ros2_ws/install/person_msgs/share/person_msgs/msg/Person.idl
[14.042s] -- Installing: /home/ryujihirano/robosys2022/ros2_ws/install/person_msgs/share/person_msgs/msg/Person.msg
[14.044s] -- Installing: /home/ryujihirano/robosys2022/ros2_ws/install/person_msgs/share/ament_index/resource_index/package_run_dependencies/person_msgs
[14.046s] -- Installing: /home/ryujihirano/robosys2022/ros2_ws/install/person_msgs/share/ament_index/resource_index/parent_prefix_path/person_msgs
[14.048s] -- Installing: /home/ryujihirano/robosys2022/ros2_ws/install/person_msgs/share/person_msgs/environment/ament_prefix_path.sh
[14.050s] -- Installing: /home/ryujihirano/robosys2022/ros2_ws/install/person_msgs/share/person_msgs/environment/ament_prefix_path.dsv
[14.051s] -- Installing: /home/ryujihirano/robosys2022/ros2_ws/install/person_msgs/share/person_msgs/environment/path.sh
[14.053s] -- Installing: /home/ryujihirano/robosys2022/ros2_ws/install/person_msgs/share/person_msgs/environment/path.dsv
[14.055s] -- Installing: /home/ryujihirano/robosys2022/ros2_ws/install/person_msgs/share/person_msgs/local_setup.bash
[14.056s] -- Installing: /home/ryujihirano/robosys2022/ros2_ws/install/person_msgs/share/person_msgs/local_setup.sh
[14.058s] -- Installing: /home/ryujihirano/robosys2022/ros2_ws/install/person_msgs/share/person_msgs/local_setup.zsh
[14.060s] -- Installing: /home/ryujihirano/robosys2022/ros2_ws/install/person_msgs/share/person_msgs/local_setup.dsv
[14.062s] -- Installing: /home/ryujihirano/robosys2022/ros2_ws/install/person_msgs/share/person_msgs/package.dsv
[14.063s] -- Installing: /home/ryujihirano/robosys2022/ros2_ws/install/person_msgs/share/ament_index/resource_index/packages/person_msgs
[14.065s] -- Installing: /home/ryujihirano/robosys2022/ros2_ws/install/person_msgs/share/person_msgs/cmake/person_msgs__rosidl_generator_cExport.cmake
[14.067s] -- Installing: /home/ryujihirano/robosys2022/ros2_ws/install/person_msgs/share/person_msgs/cmake/person_msgs__rosidl_generator_cExport-noconfig.cmake
[14.069s] -- Installing: /home/ryujihirano/robosys2022/ros2_ws/install/person_msgs/share/person_msgs/cmake/person_msgs__rosidl_typesupport_introspection_cExport.cmake
[14.071s] -- Installing: /home/ryujihirano/robosys2022/ros2_ws/install/person_msgs/share/person_msgs/cmake/person_msgs__rosidl_typesupport_introspection_cExport-noconfig.cmake
[14.072s] -- Installing: /home/ryujihirano/robosys2022/ros2_ws/install/person_msgs/share/person_msgs/cmake/person_msgs__rosidl_typesupport_cExport.cmake
[14.074s] -- Installing: /home/ryujihirano/robosys2022/ros2_ws/install/person_msgs/share/person_msgs/cmake/person_msgs__rosidl_typesupport_cExport-noconfig.cmake
[14.076s] -- Installing: /home/ryujihirano/robosys2022/ros2_ws/install/person_msgs/share/person_msgs/cmake/person_msgs__rosidl_generator_cppExport.cmake
[14.078s] -- Installing: /home/ryujihirano/robosys2022/ros2_ws/install/person_msgs/share/person_msgs/cmake/person_msgs__rosidl_typesupport_introspection_cppExport.cmake
[14.080s] -- Installing: /home/ryujihirano/robosys2022/ros2_ws/install/person_msgs/share/person_msgs/cmake/person_msgs__rosidl_typesupport_introspection_cppExport-noconfig.cmake
[14.082s] -- Installing: /home/ryujihirano/robosys2022/ros2_ws/install/person_msgs/share/person_msgs/cmake/person_msgs__rosidl_typesupport_cppExport.cmake
[14.083s] -- Installing: /home/ryujihirano/robosys2022/ros2_ws/install/person_msgs/share/person_msgs/cmake/person_msgs__rosidl_typesupport_cppExport-noconfig.cmake
[14.085s] -- Installing: /home/ryujihirano/robosys2022/ros2_ws/install/person_msgs/share/person_msgs/cmake/rosidl_cmake-extras.cmake
[14.087s] -- Installing: /home/ryujihirano/robosys2022/ros2_ws/install/person_msgs/share/person_msgs/cmake/ament_cmake_export_dependencies-extras.cmake
[14.089s] -- Installing: /home/ryujihirano/robosys2022/ros2_ws/install/person_msgs/share/person_msgs/cmake/ament_cmake_export_libraries-extras.cmake
[14.091s] -- Installing: /home/ryujihirano/robosys2022/ros2_ws/install/person_msgs/share/person_msgs/cmake/ament_cmake_export_targets-extras.cmake
[14.093s] -- Installing: /home/ryujihirano/robosys2022/ros2_ws/install/person_msgs/share/person_msgs/cmake/ament_cmake_export_include_directories-extras.cmake
[14.095s] -- Installing: /home/ryujihirano/robosys2022/ros2_ws/install/person_msgs/share/person_msgs/cmake/rosidl_cmake_export_typesupport_libraries-extras.cmake
[14.096s] -- Installing: /home/ryujihirano/robosys2022/ros2_ws/install/person_msgs/share/person_msgs/cmake/rosidl_cmake_export_typesupport_targets-extras.cmake
[14.098s] -- Installing: /home/ryujihirano/robosys2022/ros2_ws/install/person_msgs/share/person_msgs/cmake/person_msgsConfig.cmake
[14.100s] -- Installing: /home/ryujihirano/robosys2022/ros2_ws/install/person_msgs/share/person_msgs/cmake/person_msgsConfig-version.cmake
[14.102s] -- Installing: /home/ryujihirano/robosys2022/ros2_ws/install/person_msgs/share/person_msgs/package.xml
[14.111s] Invoked command in '/home/ryujihirano/robosys2022/ros2_ws/build/person_msgs' returned '0': CMAKE_PREFIX_PATH=/home/ryujihirano/robosys2022/ros2_ws/install/mypkg:/opt/ros/foxy /usr/bin/cmake --install /home/ryujihirano/robosys2022/ros2_ws/build/person_msgs
