[1.019s] Invoking command in '/home/ryujihirano/robosys2022/ros2_ws/src/mypkg': PYTHONPATH=/home/ryujihirano/robosys2022/ros2_ws/install/mypkg/lib/python3.8/site-packages:${PYTHONPATH} /usr/bin/python3 setup.py egg_info --egg-base ../../build/mypkg build --build-base /home/ryujihirano/robosys2022/ros2_ws/build/mypkg/build install --prefix /home/ryujihirano/robosys2022/ros2_ws/install/mypkg --record /home/ryujihirano/robosys2022/ros2_ws/build/mypkg/install.log --single-version-externally-managed
[1.389s] running egg_info
[1.389s] writing ../../build/mypkg/mypkg.egg-info/PKG-INFO
[1.390s] writing dependency_links to ../../build/mypkg/mypkg.egg-info/dependency_links.txt
[1.392s] writing entry points to ../../build/mypkg/mypkg.egg-info/entry_points.txt
[1.392s] writing requirements to ../../build/mypkg/mypkg.egg-info/requires.txt
[1.392s] writing top-level names to ../../build/mypkg/mypkg.egg-info/top_level.txt
[1.427s] reading manifest file '../../build/mypkg/mypkg.egg-info/SOURCES.txt'
[1.428s] writing manifest file '../../build/mypkg/mypkg.egg-info/SOURCES.txt'
[1.428s] running build
[1.428s] running build_py
[1.429s] running install
[1.430s] running install_lib
[1.432s] running install_data
[1.433s] running install_egg_info
[1.435s] removing '/home/ryujihirano/robosys2022/ros2_ws/install/mypkg/lib/python3.8/site-packages/mypkg-0.0.0-py3.8.egg-info' (and everything under it)
[1.438s] Copying ../../build/mypkg/mypkg.egg-info to /home/ryujihirano/robosys2022/ros2_ws/install/mypkg/lib/python3.8/site-packages/mypkg-0.0.0-py3.8.egg-info
[1.446s] running install_scripts
[1.470s] Installing listener script to /home/ryujihirano/robosys2022/ros2_ws/install/mypkg/lib/mypkg
[1.471s] Installing talker script to /home/ryujihirano/robosys2022/ros2_ws/install/mypkg/lib/mypkg
[1.471s] writing list of installed files to '/home/ryujihirano/robosys2022/ros2_ws/build/mypkg/install.log'
[1.491s] Invoked command in '/home/ryujihirano/robosys2022/ros2_ws/src/mypkg' returned '0': PYTHONPATH=/home/ryujihirano/robosys2022/ros2_ws/install/mypkg/lib/python3.8/site-packages:${PYTHONPATH} /usr/bin/python3 setup.py egg_info --egg-base ../../build/mypkg build --build-base /home/ryujihirano/robosys2022/ros2_ws/build/mypkg/build install --prefix /home/ryujihirano/robosys2022/ros2_ws/install/mypkg --record /home/ryujihirano/robosys2022/ros2_ws/build/mypkg/install.log --single-version-externally-managed
