[0.415s] Invoking command in '/home/ryujihirano/robosys2022/ros2_ws/build/person_msgs': CMAKE_PREFIX_PATH=/home/ryujihirano/robosys2022/ros2_ws/install/mypkg:/opt/ros/foxy /usr/bin/cmake --build /home/ryujihirano/robosys2022/ros2_ws/build/person_msgs -- -j12 -l12
[0.500s] -- Found ament_cmake: 0.9.11 (/opt/ros/foxy/share/ament_cmake/cmake)
[0.540s] -- Found PythonInterp: /usr/bin/python3 (found suitable version "3.8.10", minimum required is "3") 
[0.540s] -- Using PYTHON_EXECUTABLE: /usr/bin/python3
[0.865s] -- Found ament_lint_auto: 0.9.7 (/opt/ros/foxy/share/ament_lint_auto/cmake)
[0.960s] -- Found rosidl_default_generators: 1.0.1 (/opt/ros/foxy/share/rosidl_default_generators/cmake)
[0.964s] -- Using all available rosidl_typesupport_c: rosidl_typesupport_fastrtps_c;rosidl_typesupport_introspection_c
[0.970s] -- Found rosidl_adapter: 1.3.0 (/opt/ros/foxy/share/rosidl_adapter/cmake)
[1.540s] -- Using all available rosidl_typesupport_cpp: rosidl_typesupport_fastrtps_cpp;rosidl_typesupport_introspection_cpp
[1.617s] -- Found PythonInterp: /usr/bin/python3 (found version "3.8.10") 
[1.742s] -- Found ament_cmake_ros: 0.9.2 (/opt/ros/foxy/share/ament_cmake_ros/cmake)
[2.259s] -- Using all available rosidl_typesupport_c: rosidl_typesupport_fastrtps_c;rosidl_typesupport_introspection_c
[2.289s] -- Using all available rosidl_typesupport_cpp: rosidl_typesupport_fastrtps_cpp;rosidl_typesupport_introspection_cpp
[2.329s] -- Found PythonInterp: /usr/bin/python3 (found suitable version "3.8.10", minimum required is "3.5") 
[2.330s] -- Found python_cmake_module: 0.8.1 (/opt/ros/foxy/share/python_cmake_module/cmake)
[2.370s] -- Using PYTHON_EXECUTABLE: /usr/bin/python3
[2.370s] -- Using PYTHON_INCLUDE_DIRS: /usr/include/python3.8
[2.370s] -- Using PYTHON_LIBRARIES: /usr/lib/x86_64-linux-gnu/libpython3.8.so
[2.405s] -- Added test 'copyright' to check source files copyright and LICENSE
[2.414s] -- Added test 'lint_cmake' to check CMake code style
[2.419s] -- Added test 'xmllint' to check XML markup files
[2.445s] -- Configuring done
[2.632s] -- Generating done
[2.660s] -- Build files have been written to: /home/ryujihirano/robosys2022/ros2_ws/build/person_msgs
[2.746s] [35m[1mScanning dependencies of target person_msgs__cpp[0m
[2.747s] [  2%] [34m[1mGenerating C code for ROS interfaces[0m
[2.792s] [  5%] [34m[1mGenerating C++ code for ROS interfaces[0m
[3.143s] [35m[1mScanning dependencies of target person_msgs__rosidl_generator_c[0m
[3.176s] [  5%] Built target person_msgs__cpp
[3.208s] [  7%] [32mBuilding C object CMakeFiles/person_msgs__rosidl_generator_c.dir/rosidl_generator_c/person_msgs/msg/detail/person__functions.c.o[0m
[3.211s] [ 10%] [32mBuilding C object CMakeFiles/person_msgs__rosidl_generator_c.dir/rosidl_generator_c/person_msgs/srv/detail/query__functions.c.o[0m
[3.235s] [ 17%] [34m[1mGenerating C++ type support dispatch for ROS interfaces[0m
[3.235s] [ 17%] [34m[1mGenerating C++ introspection for ROS interfaces[0m
[3.235s] [ 17%] [34m[1mGenerating C++ type support for eProsima Fast-RTPS[0m
[3.373s] [ 20%] [32m[1mLinking C shared library libperson_msgs__rosidl_generator_c.so[0m
[3.527s] [ 20%] Built target person_msgs__rosidl_generator_c
[3.585s] [35m[1mScanning dependencies of target person_msgs__rosidl_typesupport_cpp[0m
[3.588s] [ 25%] [34m[1mGenerating C type support dispatch for ROS interfaces[0m
[3.589s] [ 25%] [34m[1mGenerating C introspection for ROS interfaces[0m
[3.639s] [35m[1mScanning dependencies of target person_msgs__rosidl_typesupport_introspection_cpp[0m
[3.662s] [ 28%] [32mBuilding CXX object CMakeFiles/person_msgs__rosidl_typesupport_cpp.dir/rosidl_typesupport_cpp/person_msgs/msg/person__type_support.cpp.o[0m
[3.663s] [ 30%] [32mBuilding CXX object CMakeFiles/person_msgs__rosidl_typesupport_cpp.dir/rosidl_typesupport_cpp/person_msgs/srv/query__type_support.cpp.o[0m
[3.663s] [35m[1mScanning dependencies of target person_msgs__rosidl_typesupport_fastrtps_cpp[0m
[3.716s] [ 33%] [32mBuilding CXX object CMakeFiles/person_msgs__rosidl_typesupport_introspection_cpp.dir/rosidl_typesupport_introspection_cpp/person_msgs/msg/detail/person__type_support.cpp.o[0m
[3.717s] [ 35%] [32mBuilding CXX object CMakeFiles/person_msgs__rosidl_typesupport_introspection_cpp.dir/rosidl_typesupport_introspection_cpp/person_msgs/srv/detail/query__type_support.cpp.o[0m
[3.777s] [ 38%] [32mBuilding CXX object CMakeFiles/person_msgs__rosidl_typesupport_fastrtps_cpp.dir/rosidl_typesupport_fastrtps_cpp/person_msgs/msg/detail/dds_fastrtps/person__type_support.cpp.o[0m
[3.783s] [ 41%] [32mBuilding CXX object CMakeFiles/person_msgs__rosidl_typesupport_fastrtps_cpp.dir/rosidl_typesupport_fastrtps_cpp/person_msgs/srv/detail/dds_fastrtps/query__type_support.cpp.o[0m
[4.022s] [35m[1mScanning dependencies of target person_msgs__rosidl_typesupport_c[0m
[4.050s] [35m[1mScanning dependencies of target person_msgs__rosidl_typesupport_introspection_c[0m
[4.100s] [ 43%] [32mBuilding CXX object CMakeFiles/person_msgs__rosidl_typesupport_c.dir/rosidl_typesupport_c/person_msgs/msg/person__type_support.cpp.o[0m
[4.102s] [ 46%] [32mBuilding CXX object CMakeFiles/person_msgs__rosidl_typesupport_c.dir/rosidl_typesupport_c/person_msgs/srv/query__type_support.cpp.o[0m
[4.133s] [ 48%] [32mBuilding C object CMakeFiles/person_msgs__rosidl_typesupport_introspection_c.dir/rosidl_typesupport_introspection_c/person_msgs/msg/detail/person__type_support.c.o[0m
[4.137s] [ 51%] [32mBuilding C object CMakeFiles/person_msgs__rosidl_typesupport_introspection_c.dir/rosidl_typesupport_introspection_c/person_msgs/srv/detail/query__type_support.c.o[0m
[4.244s] [ 53%] [32m[1mLinking CXX shared library libperson_msgs__rosidl_typesupport_c.so[0m
[4.267s] [ 56%] [32m[1mLinking CXX shared library libperson_msgs__rosidl_typesupport_cpp.so[0m
[4.290s] [ 58%] [32m[1mLinking C shared library libperson_msgs__rosidl_typesupport_introspection_c.so[0m
[4.324s] [ 61%] [32m[1mLinking CXX shared library libperson_msgs__rosidl_typesupport_introspection_cpp.so[0m
[4.425s] [ 61%] Built target person_msgs__rosidl_typesupport_c
[4.448s] [ 61%] Built target person_msgs__rosidl_typesupport_cpp
[4.448s] [ 61%] Built target person_msgs__rosidl_typesupport_introspection_c
[4.504s] [ 61%] Built target person_msgs__rosidl_typesupport_introspection_cpp
[4.576s] [ 64%] [32m[1mLinking CXX shared library libperson_msgs__rosidl_typesupport_fastrtps_cpp.so[0m
[4.750s] [ 64%] Built target person_msgs__rosidl_typesupport_fastrtps_cpp
[4.793s] [ 66%] [34m[1mGenerating C type support for eProsima Fast-RTPS[0m
[5.111s] [35m[1mScanning dependencies of target person_msgs__rosidl_typesupport_fastrtps_c[0m
[5.180s] [ 69%] [32mBuilding CXX object CMakeFiles/person_msgs__rosidl_typesupport_fastrtps_c.dir/rosidl_typesupport_fastrtps_c/person_msgs/msg/detail/person__type_support_c.cpp.o[0m
[5.182s] [ 71%] [32mBuilding CXX object CMakeFiles/person_msgs__rosidl_typesupport_fastrtps_c.dir/rosidl_typesupport_fastrtps_c/person_msgs/srv/detail/query__type_support_c.cpp.o[0m
[5.688s] [ 74%] [32m[1mLinking CXX shared library libperson_msgs__rosidl_typesupport_fastrtps_c.so[0m
[5.860s] [ 74%] Built target person_msgs__rosidl_typesupport_fastrtps_c
[5.941s] [ 74%] Built target person_msgs
[5.983s] [35m[1mScanning dependencies of target person_msgs__py[0m
[6.028s] [ 76%] [34m[1mGenerating Python code for ROS interfaces[0m
[6.616s] [ 76%] Built target person_msgs__py
[6.660s] [35m[1mScanning dependencies of target person_msgs__python[0m
[6.732s] [ 79%] [32mBuilding C object CMakeFiles/person_msgs__python.dir/rosidl_generator_py/person_msgs/msg/_person_s.c.o[0m
[6.733s] [ 82%] [32mBuilding C object CMakeFiles/person_msgs__python.dir/rosidl_generator_py/person_msgs/srv/_query_s.c.o[0m
[6.948s] [ 84%] [32m[1mLinking C shared library rosidl_generator_py/person_msgs/libperson_msgs__python.so[0m
[7.068s] [ 84%] Built target person_msgs__python
[7.116s] [35m[1mScanning dependencies of target person_msgs__rosidl_typesupport_introspection_c__pyext[0m
[7.116s] [35m[1mScanning dependencies of target person_msgs__rosidl_typesupport_c__pyext[0m
[7.117s] [35m[1mScanning dependencies of target person_msgs__rosidl_typesupport_fastrtps_c__pyext[0m
[7.185s] [ 89%] [32mBuilding C object CMakeFiles/person_msgs__rosidl_typesupport_introspection_c__pyext.dir/rosidl_generator_py/person_msgs/_person_msgs_s.ep.rosidl_typesupport_introspection_c.c.o[0m
[7.185s] [ 89%] [32mBuilding C object CMakeFiles/person_msgs__rosidl_typesupport_c__pyext.dir/rosidl_generator_py/person_msgs/_person_msgs_s.ep.rosidl_typesupport_c.c.o[0m
[7.186s] [ 92%] [32mBuilding C object CMakeFiles/person_msgs__rosidl_typesupport_fastrtps_c__pyext.dir/rosidl_generator_py/person_msgs/_person_msgs_s.ep.rosidl_typesupport_fastrtps_c.c.o[0m
[7.409s] [ 97%] [32m[1mLinking C shared library rosidl_generator_py/person_msgs/person_msgs_s__rosidl_typesupport_introspection_c.cpython-38-x86_64-linux-gnu.so[0m
[7.409s] [ 97%] [32m[1mLinking C shared library rosidl_generator_py/person_msgs/person_msgs_s__rosidl_typesupport_c.cpython-38-x86_64-linux-gnu.so[0m
[7.412s] [100%] [32m[1mLinking CXX shared library rosidl_generator_py/person_msgs/person_msgs_s__rosidl_typesupport_fastrtps_c.cpython-38-x86_64-linux-gnu.so[0m
[7.540s] [100%] Built target person_msgs__rosidl_typesupport_introspection_c__pyext
[7.541s] [100%] Built target person_msgs__rosidl_typesupport_c__pyext
[7.578s] [100%] Built target person_msgs__rosidl_typesupport_fastrtps_c__pyext
[7.626s] Invoked command in '/home/ryujihirano/robosys2022/ros2_ws/build/person_msgs' returned '0': CMAKE_PREFIX_PATH=/home/ryujihirano/robosys2022/ros2_ws/install/mypkg:/opt/ros/foxy /usr/bin/cmake --build /home/ryujihirano/robosys2022/ros2_ws/build/person_msgs -- -j12 -l12
[7.995s] Invoking command in '/home/ryujihirano/robosys2022/ros2_ws/build/person_msgs': CMAKE_PREFIX_PATH=/home/ryujihirano/robosys2022/ros2_ws/install/mypkg:/opt/ros/foxy /usr/bin/cmake --install /home/ryujihirano/robosys2022/ros2_ws/build/person_msgs
[8.023s] -- Install configuration: ""
[8.023s] -- Installing: /home/ryujihirano/robosys2022/ros2_ws/install/person_msgs/share/ament_index/resource_index/rosidl_interfaces/person_msgs
[8.025s] -- Up-to-date: /home/ryujihirano/robosys2022/ros2_ws/install/person_msgs/include/person_msgs
[8.025s] -- Up-to-date: /home/ryujihirano/robosys2022/ros2_ws/install/person_msgs/include/person_msgs/msg
[8.025s] -- Up-to-date: /home/ryujihirano/robosys2022/ros2_ws/install/person_msgs/include/person_msgs/msg/detail
[8.025s] -- Installing: /home/ryujihirano/robosys2022/ros2_ws/install/person_msgs/include/person_msgs/msg/detail/person__functions.c
[8.027s] -- Installing: /home/ryujihirano/robosys2022/ros2_ws/install/person_msgs/include/person_msgs/msg/detail/person__functions.h
[8.030s] -- Installing: /home/ryujihirano/robosys2022/ros2_ws/install/person_msgs/include/person_msgs/msg/detail/person__struct.h
[8.031s] -- Installing: /home/ryujihirano/robosys2022/ros2_ws/install/person_msgs/include/person_msgs/msg/detail/person__type_support.h
[8.033s] -- Installing: /home/ryujihirano/robosys2022/ros2_ws/install/person_msgs/include/person_msgs/msg/person.h
[8.035s] -- Up-to-date: /home/ryujihirano/robosys2022/ros2_ws/install/person_msgs/include/person_msgs/msg/rosidl_generator_c__visibility_control.h
[8.036s] -- Installing: /home/ryujihirano/robosys2022/ros2_ws/install/person_msgs/include/person_msgs/srv
[8.036s] -- Installing: /home/ryujihirano/robosys2022/ros2_ws/install/person_msgs/include/person_msgs/srv/detail
[8.036s] -- Installing: /home/ryujihirano/robosys2022/ros2_ws/install/person_msgs/include/person_msgs/srv/detail/query__functions.c
[8.038s] -- Installing: /home/ryujihirano/robosys2022/ros2_ws/install/person_msgs/include/person_msgs/srv/detail/query__functions.h
[8.039s] -- Installing: /home/ryujihirano/robosys2022/ros2_ws/install/person_msgs/include/person_msgs/srv/detail/query__struct.h
[8.041s] -- Installing: /home/ryujihirano/robosys2022/ros2_ws/install/person_msgs/include/person_msgs/srv/detail/query__type_support.h
[8.043s] -- Installing: /home/ryujihirano/robosys2022/ros2_ws/install/person_msgs/include/person_msgs/srv/query.h
[8.044s] -- Up-to-date: /home/ryujihirano/robosys2022/ros2_ws/install/person_msgs/share/person_msgs/environment/library_path.sh
[8.044s] -- Installing: /home/ryujihirano/robosys2022/ros2_ws/install/person_msgs/share/person_msgs/environment/library_path.dsv
[8.047s] -- Installing: /home/ryujihirano/robosys2022/ros2_ws/install/person_msgs/lib/libperson_msgs__rosidl_generator_c.so
[8.050s] -- Set runtime path of "/home/ryujihirano/robosys2022/ros2_ws/install/person_msgs/lib/libperson_msgs__rosidl_generator_c.so" to ""
[8.050s] -- Up-to-date: /home/ryujihirano/robosys2022/ros2_ws/install/person_msgs/include/person_msgs
[8.050s] -- Up-to-date: /home/ryujihirano/robosys2022/ros2_ws/install/person_msgs/include/person_msgs/msg
[8.050s] -- Up-to-date: /home/ryujihirano/robosys2022/ros2_ws/install/person_msgs/include/person_msgs/msg/detail
[8.051s] -- Installing: /home/ryujihirano/robosys2022/ros2_ws/install/person_msgs/include/person_msgs/msg/detail/person__rosidl_typesupport_fastrtps_c.h
[8.053s] -- Up-to-date: /home/ryujihirano/robosys2022/ros2_ws/install/person_msgs/include/person_msgs/msg/rosidl_typesupport_fastrtps_c__visibility_control.h
[8.053s] -- Up-to-date: /home/ryujihirano/robosys2022/ros2_ws/install/person_msgs/include/person_msgs/srv
[8.053s] -- Up-to-date: /home/ryujihirano/robosys2022/ros2_ws/install/person_msgs/include/person_msgs/srv/detail
[8.053s] -- Installing: /home/ryujihirano/robosys2022/ros2_ws/install/person_msgs/include/person_msgs/srv/detail/query__rosidl_typesupport_fastrtps_c.h
[8.055s] -- Installing: /home/ryujihirano/robosys2022/ros2_ws/install/person_msgs/lib/libperson_msgs__rosidl_typesupport_fastrtps_c.so
[8.059s] -- Set runtime path of "/home/ryujihirano/robosys2022/ros2_ws/install/person_msgs/lib/libperson_msgs__rosidl_typesupport_fastrtps_c.so" to ""
[8.059s] -- Up-to-date: /home/ryujihirano/robosys2022/ros2_ws/install/person_msgs/include/person_msgs
[8.059s] -- Up-to-date: /home/ryujihirano/robosys2022/ros2_ws/install/person_msgs/include/person_msgs/msg
[8.059s] -- Up-to-date: /home/ryujihirano/robosys2022/ros2_ws/install/person_msgs/include/person_msgs/msg/detail
[8.059s] -- Up-to-date: /home/ryujihirano/robosys2022/ros2_ws/install/person_msgs/include/person_msgs/msg/detail/dds_fastrtps
[8.059s] -- Installing: /home/ryujihirano/robosys2022/ros2_ws/install/person_msgs/include/person_msgs/msg/detail/person__rosidl_typesupport_fastrtps_cpp.hpp
[8.062s] -- Up-to-date: /home/ryujihirano/robosys2022/ros2_ws/install/person_msgs/include/person_msgs/msg/rosidl_typesupport_fastrtps_cpp__visibility_control.h
[8.062s] -- Up-to-date: /home/ryujihirano/robosys2022/ros2_ws/install/person_msgs/include/person_msgs/srv
[8.062s] -- Up-to-date: /home/ryujihirano/robosys2022/ros2_ws/install/person_msgs/include/person_msgs/srv/detail
[8.062s] -- Installing: /home/ryujihirano/robosys2022/ros2_ws/install/person_msgs/include/person_msgs/srv/detail/dds_fastrtps
[8.063s] -- Installing: /home/ryujihirano/robosys2022/ros2_ws/install/person_msgs/include/person_msgs/srv/detail/query__rosidl_typesupport_fastrtps_cpp.hpp
[8.065s] -- Installing: /home/ryujihirano/robosys2022/ros2_ws/install/person_msgs/lib/libperson_msgs__rosidl_typesupport_fastrtps_cpp.so
[8.072s] -- Set runtime path of "/home/ryujihirano/robosys2022/ros2_ws/install/person_msgs/lib/libperson_msgs__rosidl_typesupport_fastrtps_cpp.so" to ""
[8.072s] -- Up-to-date: /home/ryujihirano/robosys2022/ros2_ws/install/person_msgs/include/person_msgs
[8.072s] -- Up-to-date: /home/ryujihirano/robosys2022/ros2_ws/install/person_msgs/include/person_msgs/msg
[8.072s] -- Up-to-date: /home/ryujihirano/robosys2022/ros2_ws/install/person_msgs/include/person_msgs/msg/detail
[8.072s] -- Installing: /home/ryujihirano/robosys2022/ros2_ws/install/person_msgs/include/person_msgs/msg/detail/person__rosidl_typesupport_introspection_c.h
[8.074s] -- Installing: /home/ryujihirano/robosys2022/ros2_ws/install/person_msgs/include/person_msgs/msg/detail/person__type_support.c
[8.076s] -- Up-to-date: /home/ryujihirano/robosys2022/ros2_ws/install/person_msgs/include/person_msgs/msg/rosidl_typesupport_introspection_c__visibility_control.h
[8.076s] -- Up-to-date: /home/ryujihirano/robosys2022/ros2_ws/install/person_msgs/include/person_msgs/srv
[8.076s] -- Up-to-date: /home/ryujihirano/robosys2022/ros2_ws/install/person_msgs/include/person_msgs/srv/detail
[8.076s] -- Installing: /home/ryujihirano/robosys2022/ros2_ws/install/person_msgs/include/person_msgs/srv/detail/query__rosidl_typesupport_introspection_c.h
[8.078s] -- Installing: /home/ryujihirano/robosys2022/ros2_ws/install/person_msgs/include/person_msgs/srv/detail/query__type_support.c
[8.080s] -- Installing: /home/ryujihirano/robosys2022/ros2_ws/install/person_msgs/lib/libperson_msgs__rosidl_typesupport_introspection_c.so
[8.083s] -- Set runtime path of "/home/ryujihirano/robosys2022/ros2_ws/install/person_msgs/lib/libperson_msgs__rosidl_typesupport_introspection_c.so" to ""
[8.084s] -- Installing: /home/ryujihirano/robosys2022/ros2_ws/install/person_msgs/lib/libperson_msgs__rosidl_typesupport_c.so
[8.087s] -- Set runtime path of "/home/ryujihirano/robosys2022/ros2_ws/install/person_msgs/lib/libperson_msgs__rosidl_typesupport_c.so" to ""
[8.087s] -- Up-to-date: /home/ryujihirano/robosys2022/ros2_ws/install/person_msgs/include/person_msgs
[8.087s] -- Up-to-date: /home/ryujihirano/robosys2022/ros2_ws/install/person_msgs/include/person_msgs/msg
[8.087s] -- Up-to-date: /home/ryujihirano/robosys2022/ros2_ws/install/person_msgs/include/person_msgs/msg/detail
[8.087s] -- Installing: /home/ryujihirano/robosys2022/ros2_ws/install/person_msgs/include/person_msgs/msg/detail/person__builder.hpp
[8.089s] -- Installing: /home/ryujihirano/robosys2022/ros2_ws/install/person_msgs/include/person_msgs/msg/detail/person__struct.hpp
[8.091s] -- Installing: /home/ryujihirano/robosys2022/ros2_ws/install/person_msgs/include/person_msgs/msg/detail/person__traits.hpp
[8.093s] -- Installing: /home/ryujihirano/robosys2022/ros2_ws/install/person_msgs/include/person_msgs/msg/person.hpp
[8.095s] -- Up-to-date: /home/ryujihirano/robosys2022/ros2_ws/install/person_msgs/include/person_msgs/srv
[8.095s] -- Up-to-date: /home/ryujihirano/robosys2022/ros2_ws/install/person_msgs/include/person_msgs/srv/detail
[8.095s] -- Installing: /home/ryujihirano/robosys2022/ros2_ws/install/person_msgs/include/person_msgs/srv/detail/query__builder.hpp
[8.097s] -- Installing: /home/ryujihirano/robosys2022/ros2_ws/install/person_msgs/include/person_msgs/srv/detail/query__struct.hpp
[8.099s] -- Installing: /home/ryujihirano/robosys2022/ros2_ws/install/person_msgs/include/person_msgs/srv/detail/query__traits.hpp
[8.100s] -- Installing: /home/ryujihirano/robosys2022/ros2_ws/install/person_msgs/include/person_msgs/srv/query.hpp
[8.102s] -- Up-to-date: /home/ryujihirano/robosys2022/ros2_ws/install/person_msgs/include/person_msgs
[8.102s] -- Up-to-date: /home/ryujihirano/robosys2022/ros2_ws/install/person_msgs/include/person_msgs/msg
[8.102s] -- Up-to-date: /home/ryujihirano/robosys2022/ros2_ws/install/person_msgs/include/person_msgs/msg/detail
[8.102s] -- Installing: /home/ryujihirano/robosys2022/ros2_ws/install/person_msgs/include/person_msgs/msg/detail/person__rosidl_typesupport_introspection_cpp.hpp
[8.104s] -- Installing: /home/ryujihirano/robosys2022/ros2_ws/install/person_msgs/include/person_msgs/msg/detail/person__type_support.cpp
[8.106s] -- Up-to-date: /home/ryujihirano/robosys2022/ros2_ws/install/person_msgs/include/person_msgs/srv
[8.106s] -- Up-to-date: /home/ryujihirano/robosys2022/ros2_ws/install/person_msgs/include/person_msgs/srv/detail
[8.106s] -- Installing: /home/ryujihirano/robosys2022/ros2_ws/install/person_msgs/include/person_msgs/srv/detail/query__rosidl_typesupport_introspection_cpp.hpp
[8.108s] -- Installing: /home/ryujihirano/robosys2022/ros2_ws/install/person_msgs/include/person_msgs/srv/detail/query__type_support.cpp
[8.110s] -- Installing: /home/ryujihirano/robosys2022/ros2_ws/install/person_msgs/lib/libperson_msgs__rosidl_typesupport_introspection_cpp.so
[8.113s] -- Set runtime path of "/home/ryujihirano/robosys2022/ros2_ws/install/person_msgs/lib/libperson_msgs__rosidl_typesupport_introspection_cpp.so" to ""
[8.114s] -- Installing: /home/ryujihirano/robosys2022/ros2_ws/install/person_msgs/lib/libperson_msgs__rosidl_typesupport_cpp.so
[8.117s] -- Set runtime path of "/home/ryujihirano/robosys2022/ros2_ws/install/person_msgs/lib/libperson_msgs__rosidl_typesupport_cpp.so" to ""
[8.117s] -- Up-to-date: /home/ryujihirano/robosys2022/ros2_ws/install/person_msgs/share/person_msgs/environment/pythonpath.sh
[8.117s] -- Installing: /home/ryujihirano/robosys2022/ros2_ws/install/person_msgs/share/person_msgs/environment/pythonpath.dsv
[8.119s] -- Installing: /home/ryujihirano/robosys2022/ros2_ws/install/person_msgs/lib/python3.8/site-packages/person_msgs/__init__.py
[8.176s] Compiling '/home/ryujihirano/robosys2022/ros2_ws/install/person_msgs/lib/python3.8/site-packages/person_msgs/__init__.py'...
[8.179s] -- Up-to-date: /home/ryujihirano/robosys2022/ros2_ws/install/person_msgs/lib/python3.8/site-packages/person_msgs/msg
[8.179s] -- Installing: /home/ryujihirano/robosys2022/ros2_ws/install/person_msgs/lib/python3.8/site-packages/person_msgs/msg/_person.py
[8.181s] -- Installing: /home/ryujihirano/robosys2022/ros2_ws/install/person_msgs/lib/python3.8/site-packages/person_msgs/msg/_person_s.c
[8.183s] -- Installing: /home/ryujihirano/robosys2022/ros2_ws/install/person_msgs/lib/python3.8/site-packages/person_msgs/msg/__init__.py
[8.185s] -- Installing: /home/ryujihirano/robosys2022/ros2_ws/install/person_msgs/lib/python3.8/site-packages/person_msgs/srv
[8.186s] -- Installing: /home/ryujihirano/robosys2022/ros2_ws/install/person_msgs/lib/python3.8/site-packages/person_msgs/srv/_query.py
[8.188s] -- Installing: /home/ryujihirano/robosys2022/ros2_ws/install/person_msgs/lib/python3.8/site-packages/person_msgs/srv/_query_s.c
[8.189s] -- Installing: /home/ryujihirano/robosys2022/ros2_ws/install/person_msgs/lib/python3.8/site-packages/person_msgs/srv/__init__.py
[8.192s] -- Installing: /home/ryujihirano/robosys2022/ros2_ws/install/person_msgs/lib/python3.8/site-packages/person_msgs/person_msgs_s__rosidl_typesupport_fastrtps_c.cpython-38-x86_64-linux-gnu.so
[8.195s] -- Set runtime path of "/home/ryujihirano/robosys2022/ros2_ws/install/person_msgs/lib/python3.8/site-packages/person_msgs/person_msgs_s__rosidl_typesupport_fastrtps_c.cpython-38-x86_64-linux-gnu.so" to ""
[8.196s] -- Installing: /home/ryujihirano/robosys2022/ros2_ws/install/person_msgs/lib/python3.8/site-packages/person_msgs/person_msgs_s__rosidl_typesupport_introspection_c.cpython-38-x86_64-linux-gnu.so
[8.199s] -- Set runtime path of "/home/ryujihirano/robosys2022/ros2_ws/install/person_msgs/lib/python3.8/site-packages/person_msgs/person_msgs_s__rosidl_typesupport_introspection_c.cpython-38-x86_64-linux-gnu.so" to ""
[8.199s] -- Installing: /home/ryujihirano/robosys2022/ros2_ws/install/person_msgs/lib/python3.8/site-packages/person_msgs/person_msgs_s__rosidl_typesupport_c.cpython-38-x86_64-linux-gnu.so
[8.202s] -- Set runtime path of "/home/ryujihirano/robosys2022/ros2_ws/install/person_msgs/lib/python3.8/site-packages/person_msgs/person_msgs_s__rosidl_typesupport_c.cpython-38-x86_64-linux-gnu.so" to ""
[8.203s] -- Installing: /home/ryujihirano/robosys2022/ros2_ws/install/person_msgs/lib/libperson_msgs__python.so
[8.206s] -- Set runtime path of "/home/ryujihirano/robosys2022/ros2_ws/install/person_msgs/lib/libperson_msgs__python.so" to ""
[8.206s] -- Up-to-date: /home/ryujihirano/robosys2022/ros2_ws/install/person_msgs/share/person_msgs/msg/Person.idl
[8.207s] -- Installing: /home/ryujihirano/robosys2022/ros2_ws/install/person_msgs/share/person_msgs/srv/Query.idl
[8.208s] -- Up-to-date: /home/ryujihirano/robosys2022/ros2_ws/install/person_msgs/share/person_msgs/msg/Person.msg
[8.208s] -- Installing: /home/ryujihirano/robosys2022/ros2_ws/install/person_msgs/share/person_msgs/srv/Query.srv
[8.210s] -- Installing: /home/ryujihirano/robosys2022/ros2_ws/install/person_msgs/share/person_msgs/srv/Query_Request.msg
[8.212s] -- Installing: /home/ryujihirano/robosys2022/ros2_ws/install/person_msgs/share/person_msgs/srv/Query_Response.msg
[8.214s] -- Up-to-date: /home/ryujihirano/robosys2022/ros2_ws/install/person_msgs/share/ament_index/resource_index/package_run_dependencies/person_msgs
[8.214s] -- Up-to-date: /home/ryujihirano/robosys2022/ros2_ws/install/person_msgs/share/ament_index/resource_index/parent_prefix_path/person_msgs
[8.214s] -- Up-to-date: /home/ryujihirano/robosys2022/ros2_ws/install/person_msgs/share/person_msgs/environment/ament_prefix_path.sh
[8.214s] -- Installing: /home/ryujihirano/robosys2022/ros2_ws/install/person_msgs/share/person_msgs/environment/ament_prefix_path.dsv
[8.216s] -- Up-to-date: /home/ryujihirano/robosys2022/ros2_ws/install/person_msgs/share/person_msgs/environment/path.sh
[8.216s] -- Installing: /home/ryujihirano/robosys2022/ros2_ws/install/person_msgs/share/person_msgs/environment/path.dsv
[8.218s] -- Up-to-date: /home/ryujihirano/robosys2022/ros2_ws/install/person_msgs/share/person_msgs/local_setup.bash
[8.219s] -- Up-to-date: /home/ryujihirano/robosys2022/ros2_ws/install/person_msgs/share/person_msgs/local_setup.sh
[8.219s] -- Up-to-date: /home/ryujihirano/robosys2022/ros2_ws/install/person_msgs/share/person_msgs/local_setup.zsh
[8.219s] -- Installing: /home/ryujihirano/robosys2022/ros2_ws/install/person_msgs/share/person_msgs/local_setup.dsv
[8.221s] -- Installing: /home/ryujihirano/robosys2022/ros2_ws/install/person_msgs/share/person_msgs/package.dsv
[8.223s] -- Up-to-date: /home/ryujihirano/robosys2022/ros2_ws/install/person_msgs/share/ament_index/resource_index/packages/person_msgs
[8.223s] -- Up-to-date: /home/ryujihirano/robosys2022/ros2_ws/install/person_msgs/share/person_msgs/cmake/person_msgs__rosidl_generator_cExport.cmake
[8.223s] -- Installing: /home/ryujihirano/robosys2022/ros2_ws/install/person_msgs/share/person_msgs/cmake/person_msgs__rosidl_generator_cExport-noconfig.cmake
[8.226s] -- Up-to-date: /home/ryujihirano/robosys2022/ros2_ws/install/person_msgs/share/person_msgs/cmake/person_msgs__rosidl_typesupport_introspection_cExport.cmake
[8.226s] -- Installing: /home/ryujihirano/robosys2022/ros2_ws/install/person_msgs/share/person_msgs/cmake/person_msgs__rosidl_typesupport_introspection_cExport-noconfig.cmake
[8.228s] -- Up-to-date: /home/ryujihirano/robosys2022/ros2_ws/install/person_msgs/share/person_msgs/cmake/person_msgs__rosidl_typesupport_cExport.cmake
[8.229s] -- Installing: /home/ryujihirano/robosys2022/ros2_ws/install/person_msgs/share/person_msgs/cmake/person_msgs__rosidl_typesupport_cExport-noconfig.cmake
[8.231s] -- Up-to-date: /home/ryujihirano/robosys2022/ros2_ws/install/person_msgs/share/person_msgs/cmake/person_msgs__rosidl_generator_cppExport.cmake
[8.232s] -- Up-to-date: /home/ryujihirano/robosys2022/ros2_ws/install/person_msgs/share/person_msgs/cmake/person_msgs__rosidl_typesupport_introspection_cppExport.cmake
[8.232s] -- Installing: /home/ryujihirano/robosys2022/ros2_ws/install/person_msgs/share/person_msgs/cmake/person_msgs__rosidl_typesupport_introspection_cppExport-noconfig.cmake
[8.234s] -- Up-to-date: /home/ryujihirano/robosys2022/ros2_ws/install/person_msgs/share/person_msgs/cmake/person_msgs__rosidl_typesupport_cppExport.cmake
[8.234s] -- Installing: /home/ryujihirano/robosys2022/ros2_ws/install/person_msgs/share/person_msgs/cmake/person_msgs__rosidl_typesupport_cppExport-noconfig.cmake
[8.237s] -- Installing: /home/ryujihirano/robosys2022/ros2_ws/install/person_msgs/share/person_msgs/cmake/rosidl_cmake-extras.cmake
[8.239s] -- Up-to-date: /home/ryujihirano/robosys2022/ros2_ws/install/person_msgs/share/person_msgs/cmake/ament_cmake_export_dependencies-extras.cmake
[8.239s] -- Up-to-date: /home/ryujihirano/robosys2022/ros2_ws/install/person_msgs/share/person_msgs/cmake/ament_cmake_export_libraries-extras.cmake
[8.239s] -- Up-to-date: /home/ryujihirano/robosys2022/ros2_ws/install/person_msgs/share/person_msgs/cmake/ament_cmake_export_targets-extras.cmake
[8.239s] -- Up-to-date: /home/ryujihirano/robosys2022/ros2_ws/install/person_msgs/share/person_msgs/cmake/ament_cmake_export_include_directories-extras.cmake
[8.239s] -- Up-to-date: /home/ryujihirano/robosys2022/ros2_ws/install/person_msgs/share/person_msgs/cmake/rosidl_cmake_export_typesupport_libraries-extras.cmake
[8.239s] -- Up-to-date: /home/ryujihirano/robosys2022/ros2_ws/install/person_msgs/share/person_msgs/cmake/rosidl_cmake_export_typesupport_targets-extras.cmake
[8.239s] -- Up-to-date: /home/ryujihirano/robosys2022/ros2_ws/install/person_msgs/share/person_msgs/cmake/person_msgsConfig.cmake
[8.239s] -- Up-to-date: /home/ryujihirano/robosys2022/ros2_ws/install/person_msgs/share/person_msgs/cmake/person_msgsConfig-version.cmake
[8.239s] -- Up-to-date: /home/ryujihirano/robosys2022/ros2_ws/install/person_msgs/share/person_msgs/package.xml
[8.246s] Invoked command in '/home/ryujihirano/robosys2022/ros2_ws/build/person_msgs' returned '0': CMAKE_PREFIX_PATH=/home/ryujihirano/robosys2022/ros2_ws/install/mypkg:/opt/ros/foxy /usr/bin/cmake --install /home/ryujihirano/robosys2022/ros2_ws/build/person_msgs
