[0.221s] DEBUG:colcon:Command line arguments: ['/usr/bin/colcon', 'build']
[0.221s] DEBUG:colcon:Parsed command line arguments: Namespace(allow_overriding=[], ament_cmake_args=None, base_paths=['.'], build_base='build', catkin_cmake_args=None, catkin_skip_building_tests=False, cmake_args=None, cmake_clean_cache=False, cmake_clean_first=False, cmake_force_configure=False, cmake_target=None, cmake_target_skip_unavailable=False, continue_on_error=False, event_handlers=None, executor='parallel', ignore_user_meta=False, install_base='install', log_base=None, log_level=None, main=<bound method BuildVerb.main of <colcon_core.verb.build.BuildVerb object at 0x7f287f5cd3a0>>, merge_install=False, metas=['./colcon.meta'], packages_above=None, packages_above_and_dependencies=None, packages_above_depth=None, packages_end=None, packages_ignore=None, packages_ignore_regex=None, packages_select=None, packages_select_build_failed=False, packages_select_by_dep=None, packages_select_regex=None, packages_select_test_failures=False, packages_skip=None, packages_skip_build_finished=False, packages_skip_by_dep=None, packages_skip_regex=None, packages_skip_test_passed=False, packages_skip_up_to=None, packages_start=None, packages_up_to=None, packages_up_to_regex=None, parallel_workers=12, paths=None, symlink_install=False, test_result_base=None, verb_extension=<colcon_core.verb.build.BuildVerb object at 0x7f287f5cd3a0>, verb_name='build', verb_parser=<colcon_defaults.argument_parser.defaults.DefaultArgumentsDecorator object at 0x7f287f5cd8e0>)
[0.261s] Level 1:colcon.colcon_core.package_discovery:discover_packages(colcon_meta) check parameters
[0.261s] Level 1:colcon.colcon_core.package_discovery:discover_packages(recursive) check parameters
[0.261s] Level 1:colcon.colcon_core.package_discovery:discover_packages(ignore) check parameters
[0.261s] Level 1:colcon.colcon_core.package_discovery:discover_packages(path) check parameters
[0.261s] Level 1:colcon.colcon_core.package_discovery:discover_packages(colcon_meta) discover
[0.261s] Level 1:colcon.colcon_core.package_discovery:discover_packages(recursive) discover
[0.261s] INFO:colcon.colcon_core.package_discovery:Crawling recursively for packages in '/home/ryujihirano/robosys2022/ros2_ws'
[0.261s] Level 1:colcon.colcon_core.package_identification:_identify(.) by extensions ['ignore', 'ignore_ament_install']
[0.261s] Level 1:colcon.colcon_core.package_identification:_identify(.) by extension 'ignore'
[0.262s] Level 1:colcon.colcon_core.package_identification:_identify(.) by extension 'ignore_ament_install'
[0.262s] Level 1:colcon.colcon_core.package_identification:_identify(.) by extensions ['colcon_pkg']
[0.262s] Level 1:colcon.colcon_core.package_identification:_identify(.) by extension 'colcon_pkg'
[0.262s] Level 1:colcon.colcon_core.package_identification:_identify(.) by extensions ['colcon_meta']
[0.262s] Level 1:colcon.colcon_core.package_identification:_identify(.) by extension 'colcon_meta'
[0.262s] Level 1:colcon.colcon_core.package_identification:_identify(.) by extensions ['ros']
[0.262s] Level 1:colcon.colcon_core.package_identification:_identify(.) by extension 'ros'
[0.274s] Level 1:colcon.colcon_core.package_identification:_identify(.) by extensions ['cmake', 'python']
[0.274s] Level 1:colcon.colcon_core.package_identification:_identify(.) by extension 'cmake'
[0.274s] Level 1:colcon.colcon_core.package_identification:_identify(.) by extension 'python'
[0.274s] Level 1:colcon.colcon_core.package_identification:_identify(.) by extensions ['python_setup_py']
[0.275s] Level 1:colcon.colcon_core.package_identification:_identify(.) by extension 'python_setup_py'
[0.275s] Level 1:colcon.colcon_core.package_identification:_identify(build) by extensions ['ignore', 'ignore_ament_install']
[0.275s] Level 1:colcon.colcon_core.package_identification:_identify(build) by extension 'ignore'
[0.275s] Level 1:colcon.colcon_core.package_identification:_identify(build) ignored
[0.275s] Level 1:colcon.colcon_core.package_identification:_identify(install) by extensions ['ignore', 'ignore_ament_install']
[0.275s] Level 1:colcon.colcon_core.package_identification:_identify(install) by extension 'ignore'
[0.275s] Level 1:colcon.colcon_core.package_identification:_identify(install) ignored
[0.276s] Level 1:colcon.colcon_core.package_identification:_identify(log) by extensions ['ignore', 'ignore_ament_install']
[0.276s] Level 1:colcon.colcon_core.package_identification:_identify(log) by extension 'ignore'
[0.276s] Level 1:colcon.colcon_core.package_identification:_identify(log) ignored
[0.276s] Level 1:colcon.colcon_core.package_identification:_identify(src) by extensions ['ignore', 'ignore_ament_install']
[0.276s] Level 1:colcon.colcon_core.package_identification:_identify(src) by extension 'ignore'
[0.276s] Level 1:colcon.colcon_core.package_identification:_identify(src) by extension 'ignore_ament_install'
[0.276s] Level 1:colcon.colcon_core.package_identification:_identify(src) by extensions ['colcon_pkg']
[0.276s] Level 1:colcon.colcon_core.package_identification:_identify(src) by extension 'colcon_pkg'
[0.276s] Level 1:colcon.colcon_core.package_identification:_identify(src) by extensions ['colcon_meta']
[0.276s] Level 1:colcon.colcon_core.package_identification:_identify(src) by extension 'colcon_meta'
[0.276s] Level 1:colcon.colcon_core.package_identification:_identify(src) by extensions ['ros']
[0.277s] Level 1:colcon.colcon_core.package_identification:_identify(src) by extension 'ros'
[0.277s] Level 1:colcon.colcon_core.package_identification:_identify(src) by extensions ['cmake', 'python']
[0.277s] Level 1:colcon.colcon_core.package_identification:_identify(src) by extension 'cmake'
[0.277s] Level 1:colcon.colcon_core.package_identification:_identify(src) by extension 'python'
[0.277s] Level 1:colcon.colcon_core.package_identification:_identify(src) by extensions ['python_setup_py']
[0.277s] Level 1:colcon.colcon_core.package_identification:_identify(src) by extension 'python_setup_py'
[0.277s] Level 1:colcon.colcon_core.package_identification:_identify(src/build) by extensions ['ignore', 'ignore_ament_install']
[0.277s] Level 1:colcon.colcon_core.package_identification:_identify(src/build) by extension 'ignore'
[0.277s] Level 1:colcon.colcon_core.package_identification:_identify(src/build) ignored
[0.277s] Level 1:colcon.colcon_core.package_identification:_identify(src/install) by extensions ['ignore', 'ignore_ament_install']
[0.278s] Level 1:colcon.colcon_core.package_identification:_identify(src/install) by extension 'ignore'
[0.278s] Level 1:colcon.colcon_core.package_identification:_identify(src/install) ignored
[0.278s] Level 1:colcon.colcon_core.package_identification:_identify(src/log) by extensions ['ignore', 'ignore_ament_install']
[0.278s] Level 1:colcon.colcon_core.package_identification:_identify(src/log) by extension 'ignore'
[0.278s] Level 1:colcon.colcon_core.package_identification:_identify(src/log) ignored
[0.278s] Level 1:colcon.colcon_core.package_identification:_identify(src/mypkg) by extensions ['ignore', 'ignore_ament_install']
[0.278s] Level 1:colcon.colcon_core.package_identification:_identify(src/mypkg) by extension 'ignore'
[0.278s] Level 1:colcon.colcon_core.package_identification:_identify(src/mypkg) by extension 'ignore_ament_install'
[0.278s] Level 1:colcon.colcon_core.package_identification:_identify(src/mypkg) by extensions ['colcon_pkg']
[0.278s] Level 1:colcon.colcon_core.package_identification:_identify(src/mypkg) by extension 'colcon_pkg'
[0.279s] Level 1:colcon.colcon_core.package_identification:_identify(src/mypkg) by extensions ['colcon_meta']
[0.279s] Level 1:colcon.colcon_core.package_identification:_identify(src/mypkg) by extension 'colcon_meta'
[0.279s] Level 1:colcon.colcon_core.package_identification:_identify(src/mypkg) by extensions ['ros']
[0.279s] Level 1:colcon.colcon_core.package_identification:_identify(src/mypkg) by extension 'ros'
[0.282s] DEBUG:colcon.colcon_core.package_identification:Package 'src/mypkg' with type 'ros.ament_python' and name 'mypkg'
[0.282s] Level 1:colcon.colcon_core.package_identification:_identify(src/person_msgs) by extensions ['ignore', 'ignore_ament_install']
[0.282s] Level 1:colcon.colcon_core.package_identification:_identify(src/person_msgs) by extension 'ignore'
[0.282s] Level 1:colcon.colcon_core.package_identification:_identify(src/person_msgs) by extension 'ignore_ament_install'
[0.282s] Level 1:colcon.colcon_core.package_identification:_identify(src/person_msgs) by extensions ['colcon_pkg']
[0.282s] Level 1:colcon.colcon_core.package_identification:_identify(src/person_msgs) by extension 'colcon_pkg'
[0.282s] Level 1:colcon.colcon_core.package_identification:_identify(src/person_msgs) by extensions ['colcon_meta']
[0.282s] Level 1:colcon.colcon_core.package_identification:_identify(src/person_msgs) by extension 'colcon_meta'
[0.282s] Level 1:colcon.colcon_core.package_identification:_identify(src/person_msgs) by extensions ['ros']
[0.283s] Level 1:colcon.colcon_core.package_identification:_identify(src/person_msgs) by extension 'ros'
[0.283s] DEBUG:colcon.colcon_core.package_identification:Package 'src/person_msgs' with type 'ros.ament_cmake' and name 'person_msgs'
[0.283s] Level 1:colcon.colcon_core.package_discovery:discover_packages(recursive) using defaults
[0.283s] Level 1:colcon.colcon_core.package_discovery:discover_packages(ignore) discover
[0.283s] Level 1:colcon.colcon_core.package_discovery:discover_packages(ignore) using defaults
[0.283s] Level 1:colcon.colcon_core.package_discovery:discover_packages(path) discover
[0.283s] Level 1:colcon.colcon_core.package_discovery:discover_packages(path) using defaults
[0.314s] Level 1:colcon.colcon_core.package_discovery:discover_packages(prefix_path) check parameters
[0.314s] Level 1:colcon.colcon_core.package_discovery:discover_packages(prefix_path) discover
[0.318s] DEBUG:colcon.colcon_installed_package_information.package_discovery:Found 2 installed packages in /home/ryujihirano/robosys2022/ros2_ws/install
[0.321s] DEBUG:colcon.colcon_installed_package_information.package_discovery:Found 256 installed packages in /opt/ros/foxy
[0.322s] Level 1:colcon.colcon_core.package_discovery:discover_packages(prefix_path) using defaults
[0.441s] Level 5:colcon.colcon_core.verb:set package 'mypkg' build argument 'cmake_args' from command line to 'None'
[0.441s] Level 5:colcon.colcon_core.verb:set package 'mypkg' build argument 'cmake_target' from command line to 'None'
[0.441s] Level 5:colcon.colcon_core.verb:set package 'mypkg' build argument 'cmake_target_skip_unavailable' from command line to 'False'
[0.441s] Level 5:colcon.colcon_core.verb:set package 'mypkg' build argument 'cmake_clean_cache' from command line to 'False'
[0.441s] Level 5:colcon.colcon_core.verb:set package 'mypkg' build argument 'cmake_clean_first' from command line to 'False'
[0.441s] Level 5:colcon.colcon_core.verb:set package 'mypkg' build argument 'cmake_force_configure' from command line to 'False'
[0.441s] Level 5:colcon.colcon_core.verb:set package 'mypkg' build argument 'ament_cmake_args' from command line to 'None'
[0.441s] Level 5:colcon.colcon_core.verb:set package 'mypkg' build argument 'catkin_cmake_args' from command line to 'None'
[0.441s] Level 5:colcon.colcon_core.verb:set package 'mypkg' build argument 'catkin_skip_building_tests' from command line to 'False'
[0.442s] DEBUG:colcon.colcon_core.verb:Building package 'mypkg' with the following arguments: {'ament_cmake_args': None, 'build_base': '/home/ryujihirano/robosys2022/ros2_ws/build/mypkg', 'catkin_cmake_args': None, 'catkin_skip_building_tests': False, 'cmake_args': None, 'cmake_clean_cache': False, 'cmake_clean_first': False, 'cmake_force_configure': False, 'cmake_target': None, 'cmake_target_skip_unavailable': False, 'install_base': '/home/ryujihirano/robosys2022/ros2_ws/install/mypkg', 'merge_install': False, 'path': '/home/ryujihirano/robosys2022/ros2_ws/src/mypkg', 'symlink_install': False, 'test_result_base': None}
[0.442s] Level 5:colcon.colcon_core.verb:set package 'person_msgs' build argument 'cmake_args' from command line to 'None'
[0.442s] Level 5:colcon.colcon_core.verb:set package 'person_msgs' build argument 'cmake_target' from command line to 'None'
[0.442s] Level 5:colcon.colcon_core.verb:set package 'person_msgs' build argument 'cmake_target_skip_unavailable' from command line to 'False'
[0.442s] Level 5:colcon.colcon_core.verb:set package 'person_msgs' build argument 'cmake_clean_cache' from command line to 'False'
[0.442s] Level 5:colcon.colcon_core.verb:set package 'person_msgs' build argument 'cmake_clean_first' from command line to 'False'
[0.443s] Level 5:colcon.colcon_core.verb:set package 'person_msgs' build argument 'cmake_force_configure' from command line to 'False'
[0.443s] Level 5:colcon.colcon_core.verb:set package 'person_msgs' build argument 'ament_cmake_args' from command line to 'None'
[0.443s] Level 5:colcon.colcon_core.verb:set package 'person_msgs' build argument 'catkin_cmake_args' from command line to 'None'
[0.443s] Level 5:colcon.colcon_core.verb:set package 'person_msgs' build argument 'catkin_skip_building_tests' from command line to 'False'
[0.443s] DEBUG:colcon.colcon_core.verb:Building package 'person_msgs' with the following arguments: {'ament_cmake_args': None, 'build_base': '/home/ryujihirano/robosys2022/ros2_ws/build/person_msgs', 'catkin_cmake_args': None, 'catkin_skip_building_tests': False, 'cmake_args': None, 'cmake_clean_cache': False, 'cmake_clean_first': False, 'cmake_force_configure': False, 'cmake_target': None, 'cmake_target_skip_unavailable': False, 'install_base': '/home/ryujihirano/robosys2022/ros2_ws/install/person_msgs', 'merge_install': False, 'path': '/home/ryujihirano/robosys2022/ros2_ws/src/person_msgs', 'symlink_install': False, 'test_result_base': None}
[0.443s] INFO:colcon.colcon_core.executor:Executing jobs using 'parallel' executor
[0.447s] DEBUG:colcon.colcon_parallel_executor.executor.parallel:run_until_complete
[0.447s] INFO:colcon.colcon_ros.task.ament_python.build:Building ROS package in '/home/ryujihirano/robosys2022/ros2_ws/src/mypkg' with build type 'ament_python'
[0.447s] Level 1:colcon.colcon_core.shell:create_environment_hook('mypkg', 'ament_prefix_path')
[0.454s] INFO:colcon.colcon_core.plugin_system:Skipping extension 'colcon_core.shell.bat': Not used on non-Windows systems
[0.454s] INFO:colcon.colcon_core.shell:Creating environment hook '/home/ryujihirano/robosys2022/ros2_ws/install/mypkg/share/mypkg/hook/ament_prefix_path.ps1'
[0.455s] INFO:colcon.colcon_core.shell:Creating environment descriptor '/home/ryujihirano/robosys2022/ros2_ws/install/mypkg/share/mypkg/hook/ament_prefix_path.dsv'
[0.455s] INFO:colcon.colcon_core.shell:Creating environment hook '/home/ryujihirano/robosys2022/ros2_ws/install/mypkg/share/mypkg/hook/ament_prefix_path.sh'
[0.457s] INFO:colcon.colcon_core.shell:Skip shell extension 'powershell' for command environment: Not usable outside of PowerShell
[0.457s] DEBUG:colcon.colcon_core.shell:Skip shell extension 'dsv' for command environment
[0.470s] INFO:colcon.colcon_ros.task.ament_cmake.build:Building ROS package in '/home/ryujihirano/robosys2022/ros2_ws/src/person_msgs' with build type 'ament_cmake'
[0.470s] INFO:colcon.colcon_cmake.task.cmake.build:Building CMake package in '/home/ryujihirano/robosys2022/ros2_ws/src/person_msgs'
[0.472s] INFO:colcon.colcon_core.shell:Skip shell extension 'powershell' for command environment: Not usable outside of PowerShell
[0.473s] DEBUG:colcon.colcon_core.shell:Skip shell extension 'dsv' for command environment
[0.862s] INFO:colcon.colcon_core.task.python.build:Building Python package in '/home/ryujihirano/robosys2022/ros2_ws/src/mypkg'
[0.864s] INFO:colcon.colcon_core.shell:Skip shell extension 'powershell' for command environment: Not usable outside of PowerShell
[0.864s] DEBUG:colcon.colcon_core.shell:Skip shell extension 'dsv' for command environment
[0.891s] DEBUG:colcon.colcon_core.event_handler.log_command:Invoking command in '/home/ryujihirano/robosys2022/ros2_ws/build/person_msgs': CMAKE_PREFIX_PATH=/home/ryujihirano/robosys2022/ros2_ws/install/mypkg:/opt/ros/foxy /usr/bin/cmake --build /home/ryujihirano/robosys2022/ros2_ws/build/person_msgs -- -j12 -l12
[1.494s] DEBUG:colcon.colcon_core.event_handler.log_command:Invoking command in '/home/ryujihirano/robosys2022/ros2_ws/src/mypkg': PYTHONPATH=/home/ryujihirano/robosys2022/ros2_ws/install/mypkg/lib/python3.8/site-packages:${PYTHONPATH} /usr/bin/python3 setup.py egg_info --egg-base ../../build/mypkg build --build-base /home/ryujihirano/robosys2022/ros2_ws/build/mypkg/build install --prefix /home/ryujihirano/robosys2022/ros2_ws/install/mypkg --record /home/ryujihirano/robosys2022/ros2_ws/build/mypkg/install.log --single-version-externally-managed
[1.716s] DEBUG:colcon.colcon_core.event_handler.log_command:Invoked command in '/home/ryujihirano/robosys2022/ros2_ws/build/person_msgs' returned '0': CMAKE_PREFIX_PATH=/home/ryujihirano/robosys2022/ros2_ws/install/mypkg:/opt/ros/foxy /usr/bin/cmake --build /home/ryujihirano/robosys2022/ros2_ws/build/person_msgs -- -j12 -l12
[2.019s] DEBUG:colcon.colcon_core.event_handler.log_command:Invoking command in '/home/ryujihirano/robosys2022/ros2_ws/build/person_msgs': CMAKE_PREFIX_PATH=/home/ryujihirano/robosys2022/ros2_ws/install/mypkg:/opt/ros/foxy /usr/bin/cmake --install /home/ryujihirano/robosys2022/ros2_ws/build/person_msgs
[2.022s] DEBUG:colcon.colcon_core.event_handler.log_command:Invoked command in '/home/ryujihirano/robosys2022/ros2_ws/src/mypkg' returned '0': PYTHONPATH=/home/ryujihirano/robosys2022/ros2_ws/install/mypkg/lib/python3.8/site-packages:${PYTHONPATH} /usr/bin/python3 setup.py egg_info --egg-base ../../build/mypkg build --build-base /home/ryujihirano/robosys2022/ros2_ws/build/mypkg/build install --prefix /home/ryujihirano/robosys2022/ros2_ws/install/mypkg --record /home/ryujihirano/robosys2022/ros2_ws/build/mypkg/install.log --single-version-externally-managed
[2.029s] Level 1:colcon.colcon_core.environment:checking '/home/ryujihirano/robosys2022/ros2_ws/install/mypkg' for CMake module files
[2.031s] Level 1:colcon.colcon_core.environment:checking '/home/ryujihirano/robosys2022/ros2_ws/install/mypkg' for CMake config files
[2.033s] Level 1:colcon.colcon_core.environment:checking '/home/ryujihirano/robosys2022/ros2_ws/install/mypkg/lib'
[2.033s] Level 1:colcon.colcon_core.environment:checking '/home/ryujihirano/robosys2022/ros2_ws/install/mypkg/bin'
[2.033s] Level 1:colcon.colcon_core.environment:checking '/home/ryujihirano/robosys2022/ros2_ws/install/mypkg/lib/pkgconfig/mypkg.pc'
[2.033s] Level 1:colcon.colcon_core.environment:checking '/home/ryujihirano/robosys2022/ros2_ws/install/mypkg/lib/python3.8/site-packages'
[2.033s] Level 1:colcon.colcon_core.shell:create_environment_hook('mypkg', 'pythonpath')
[2.034s] INFO:colcon.colcon_core.shell:Creating environment hook '/home/ryujihirano/robosys2022/ros2_ws/install/mypkg/share/mypkg/hook/pythonpath.ps1'
[2.035s] INFO:colcon.colcon_core.shell:Creating environment descriptor '/home/ryujihirano/robosys2022/ros2_ws/install/mypkg/share/mypkg/hook/pythonpath.dsv'
[2.036s] INFO:colcon.colcon_core.shell:Creating environment hook '/home/ryujihirano/robosys2022/ros2_ws/install/mypkg/share/mypkg/hook/pythonpath.sh'
[2.037s] Level 1:colcon.colcon_core.environment:checking '/home/ryujihirano/robosys2022/ros2_ws/install/mypkg/bin'
[2.037s] Level 1:colcon.colcon_core.environment:create_environment_scripts_only(mypkg)
[2.039s] INFO:colcon.colcon_core.shell:Creating package script '/home/ryujihirano/robosys2022/ros2_ws/install/mypkg/share/mypkg/package.ps1'
[2.040s] INFO:colcon.colcon_core.shell:Creating package descriptor '/home/ryujihirano/robosys2022/ros2_ws/install/mypkg/share/mypkg/package.dsv'
[2.041s] INFO:colcon.colcon_core.shell:Creating package script '/home/ryujihirano/robosys2022/ros2_ws/install/mypkg/share/mypkg/package.sh'
[2.042s] INFO:colcon.colcon_core.shell:Creating package script '/home/ryujihirano/robosys2022/ros2_ws/install/mypkg/share/mypkg/package.bash'
[2.043s] INFO:colcon.colcon_core.shell:Creating package script '/home/ryujihirano/robosys2022/ros2_ws/install/mypkg/share/mypkg/package.zsh'
[2.044s] Level 1:colcon.colcon_core.environment:create_file_with_runtime_dependencies(/home/ryujihirano/robosys2022/ros2_ws/install/mypkg/share/colcon-core/packages/mypkg)
[2.130s] Level 1:colcon.colcon_core.environment:create_environment_scripts_only(person_msgs)
[2.132s] Level 1:colcon.colcon_core.environment:checking '/home/ryujihirano/robosys2022/ros2_ws/install/person_msgs' for CMake module files
[2.132s] DEBUG:colcon.colcon_core.event_handler.log_command:Invoked command in '/home/ryujihirano/robosys2022/ros2_ws/build/person_msgs' returned '0': CMAKE_PREFIX_PATH=/home/ryujihirano/robosys2022/ros2_ws/install/mypkg:/opt/ros/foxy /usr/bin/cmake --install /home/ryujihirano/robosys2022/ros2_ws/build/person_msgs
[2.133s] Level 1:colcon.colcon_core.environment:checking '/home/ryujihirano/robosys2022/ros2_ws/install/person_msgs' for CMake config files
[2.135s] Level 1:colcon.colcon_core.shell:create_environment_hook('person_msgs', 'cmake_prefix_path')
[2.136s] INFO:colcon.colcon_core.shell:Creating environment hook '/home/ryujihirano/robosys2022/ros2_ws/install/person_msgs/share/person_msgs/hook/cmake_prefix_path.ps1'
[2.137s] INFO:colcon.colcon_core.shell:Creating environment descriptor '/home/ryujihirano/robosys2022/ros2_ws/install/person_msgs/share/person_msgs/hook/cmake_prefix_path.dsv'
[2.138s] INFO:colcon.colcon_core.shell:Creating environment hook '/home/ryujihirano/robosys2022/ros2_ws/install/person_msgs/share/person_msgs/hook/cmake_prefix_path.sh'
[2.139s] Level 1:colcon.colcon_core.environment:checking '/home/ryujihirano/robosys2022/ros2_ws/install/person_msgs/lib'
[2.139s] Level 1:colcon.colcon_core.shell:create_environment_hook('person_msgs', 'ld_library_path_lib')
[2.140s] INFO:colcon.colcon_core.shell:Creating environment hook '/home/ryujihirano/robosys2022/ros2_ws/install/person_msgs/share/person_msgs/hook/ld_library_path_lib.ps1'
[2.141s] INFO:colcon.colcon_core.shell:Creating environment descriptor '/home/ryujihirano/robosys2022/ros2_ws/install/person_msgs/share/person_msgs/hook/ld_library_path_lib.dsv'
[2.142s] INFO:colcon.colcon_core.shell:Creating environment hook '/home/ryujihirano/robosys2022/ros2_ws/install/person_msgs/share/person_msgs/hook/ld_library_path_lib.sh'
[2.142s] Level 1:colcon.colcon_core.environment:checking '/home/ryujihirano/robosys2022/ros2_ws/install/person_msgs/bin'
[2.143s] Level 1:colcon.colcon_core.environment:checking '/home/ryujihirano/robosys2022/ros2_ws/install/person_msgs/lib/pkgconfig/person_msgs.pc'
[2.143s] Level 1:colcon.colcon_core.environment:checking '/home/ryujihirano/robosys2022/ros2_ws/install/person_msgs/lib/python3.8/site-packages'
[2.143s] Level 1:colcon.colcon_core.shell:create_environment_hook('person_msgs', 'pythonpath')
[2.144s] INFO:colcon.colcon_core.shell:Creating environment hook '/home/ryujihirano/robosys2022/ros2_ws/install/person_msgs/share/person_msgs/hook/pythonpath.ps1'
[2.145s] INFO:colcon.colcon_core.shell:Creating environment descriptor '/home/ryujihirano/robosys2022/ros2_ws/install/person_msgs/share/person_msgs/hook/pythonpath.dsv'
[2.145s] INFO:colcon.colcon_core.shell:Creating environment hook '/home/ryujihirano/robosys2022/ros2_ws/install/person_msgs/share/person_msgs/hook/pythonpath.sh'
[2.146s] Level 1:colcon.colcon_core.environment:checking '/home/ryujihirano/robosys2022/ros2_ws/install/person_msgs/bin'
[2.147s] INFO:colcon.colcon_core.shell:Creating package script '/home/ryujihirano/robosys2022/ros2_ws/install/person_msgs/share/person_msgs/package.ps1'
[2.148s] INFO:colcon.colcon_core.shell:Creating package descriptor '/home/ryujihirano/robosys2022/ros2_ws/install/person_msgs/share/person_msgs/package.dsv'
[2.149s] INFO:colcon.colcon_core.shell:Creating package script '/home/ryujihirano/robosys2022/ros2_ws/install/person_msgs/share/person_msgs/package.sh'
[2.150s] INFO:colcon.colcon_core.shell:Creating package script '/home/ryujihirano/robosys2022/ros2_ws/install/person_msgs/share/person_msgs/package.bash'
[2.151s] INFO:colcon.colcon_core.shell:Creating package script '/home/ryujihirano/robosys2022/ros2_ws/install/person_msgs/share/person_msgs/package.zsh'
[2.151s] Level 1:colcon.colcon_core.environment:create_file_with_runtime_dependencies(/home/ryujihirano/robosys2022/ros2_ws/install/person_msgs/share/colcon-core/packages/person_msgs)
[2.399s] Level 1:colcon.colcon_core.environment:create_environment_scripts_only(person_msgs)
[2.400s] Level 1:colcon.colcon_core.environment:checking '/home/ryujihirano/robosys2022/ros2_ws/install/person_msgs' for CMake module files
[2.402s] Level 1:colcon.colcon_core.environment:checking '/home/ryujihirano/robosys2022/ros2_ws/install/person_msgs' for CMake config files
[2.404s] Level 1:colcon.colcon_core.shell:create_environment_hook('person_msgs', 'cmake_prefix_path')
[2.405s] INFO:colcon.colcon_core.shell:Creating environment hook '/home/ryujihirano/robosys2022/ros2_ws/install/person_msgs/share/person_msgs/hook/cmake_prefix_path.ps1'
[2.406s] INFO:colcon.colcon_core.shell:Creating environment descriptor '/home/ryujihirano/robosys2022/ros2_ws/install/person_msgs/share/person_msgs/hook/cmake_prefix_path.dsv'
[2.407s] INFO:colcon.colcon_core.shell:Creating environment hook '/home/ryujihirano/robosys2022/ros2_ws/install/person_msgs/share/person_msgs/hook/cmake_prefix_path.sh'
[2.408s] Level 1:colcon.colcon_core.environment:checking '/home/ryujihirano/robosys2022/ros2_ws/install/person_msgs/lib'
[2.408s] Level 1:colcon.colcon_core.shell:create_environment_hook('person_msgs', 'ld_library_path_lib')
[2.409s] INFO:colcon.colcon_core.shell:Creating environment hook '/home/ryujihirano/robosys2022/ros2_ws/install/person_msgs/share/person_msgs/hook/ld_library_path_lib.ps1'
[2.410s] INFO:colcon.colcon_core.shell:Creating environment descriptor '/home/ryujihirano/robosys2022/ros2_ws/install/person_msgs/share/person_msgs/hook/ld_library_path_lib.dsv'
[2.410s] INFO:colcon.colcon_core.shell:Creating environment hook '/home/ryujihirano/robosys2022/ros2_ws/install/person_msgs/share/person_msgs/hook/ld_library_path_lib.sh'
[2.411s] Level 1:colcon.colcon_core.environment:checking '/home/ryujihirano/robosys2022/ros2_ws/install/person_msgs/bin'
[2.411s] Level 1:colcon.colcon_core.environment:checking '/home/ryujihirano/robosys2022/ros2_ws/install/person_msgs/lib/pkgconfig/person_msgs.pc'
[2.411s] Level 1:colcon.colcon_core.environment:checking '/home/ryujihirano/robosys2022/ros2_ws/install/person_msgs/lib/python3.8/site-packages'
[2.411s] Level 1:colcon.colcon_core.shell:create_environment_hook('person_msgs', 'pythonpath')
[2.413s] INFO:colcon.colcon_core.shell:Creating environment hook '/home/ryujihirano/robosys2022/ros2_ws/install/person_msgs/share/person_msgs/hook/pythonpath.ps1'
[2.413s] INFO:colcon.colcon_core.shell:Creating environment descriptor '/home/ryujihirano/robosys2022/ros2_ws/install/person_msgs/share/person_msgs/hook/pythonpath.dsv'
[2.414s] INFO:colcon.colcon_core.shell:Creating environment hook '/home/ryujihirano/robosys2022/ros2_ws/install/person_msgs/share/person_msgs/hook/pythonpath.sh'
[2.415s] Level 1:colcon.colcon_core.environment:checking '/home/ryujihirano/robosys2022/ros2_ws/install/person_msgs/bin'
[2.416s] INFO:colcon.colcon_core.shell:Creating package script '/home/ryujihirano/robosys2022/ros2_ws/install/person_msgs/share/person_msgs/package.ps1'
[2.417s] INFO:colcon.colcon_core.shell:Creating package descriptor '/home/ryujihirano/robosys2022/ros2_ws/install/person_msgs/share/person_msgs/package.dsv'
[2.418s] INFO:colcon.colcon_core.shell:Creating package script '/home/ryujihirano/robosys2022/ros2_ws/install/person_msgs/share/person_msgs/package.sh'
[2.419s] INFO:colcon.colcon_core.shell:Creating package script '/home/ryujihirano/robosys2022/ros2_ws/install/person_msgs/share/person_msgs/package.bash'
[2.419s] INFO:colcon.colcon_core.shell:Creating package script '/home/ryujihirano/robosys2022/ros2_ws/install/person_msgs/share/person_msgs/package.zsh'
[2.420s] Level 1:colcon.colcon_core.environment:create_file_with_runtime_dependencies(/home/ryujihirano/robosys2022/ros2_ws/install/person_msgs/share/colcon-core/packages/person_msgs)
[2.421s] DEBUG:colcon.colcon_parallel_executor.executor.parallel:closing loop
[2.421s] DEBUG:colcon.colcon_parallel_executor.executor.parallel:loop closed
[2.421s] DEBUG:colcon.colcon_parallel_executor.executor.parallel:run_until_complete finished with '0'
[2.421s] DEBUG:colcon.colcon_core.event_reactor:joining thread
[2.437s] INFO:colcon.colcon_core.plugin_system:Skipping extension 'colcon_notification.desktop_notification.notify_send': Could not find 'notify-send'
[2.437s] INFO:colcon.colcon_core.plugin_system:Skipping extension 'colcon_notification.desktop_notification.terminal_notifier': Not used on non-Darwin systems
[2.438s] INFO:colcon.colcon_core.plugin_system:Skipping extension 'colcon_notification.desktop_notification.win32': Not used on non-Windows systems
[2.438s] INFO:colcon.colcon_notification.desktop_notification:Sending desktop notification using 'notify2'
[2.438s] DEBUG:colcon.colcon_notification.desktop_notification.notify2:Failed to initialize notify2: org.freedesktop.DBus.Error.NotSupported: Unable to autolaunch a dbus-daemon without a $DISPLAY for X11
[2.438s] DEBUG:colcon.colcon_core.event_reactor:joined thread
[2.439s] INFO:colcon.colcon_core.shell:Creating prefix script '/home/ryujihirano/robosys2022/ros2_ws/install/local_setup.ps1'
[2.440s] INFO:colcon.colcon_core.shell:Creating prefix util module '/home/ryujihirano/robosys2022/ros2_ws/install/_local_setup_util_ps1.py'
[2.442s] INFO:colcon.colcon_core.shell:Creating prefix chain script '/home/ryujihirano/robosys2022/ros2_ws/install/setup.ps1'
[2.443s] INFO:colcon.colcon_core.shell:Creating prefix script '/home/ryujihirano/robosys2022/ros2_ws/install/local_setup.sh'
[2.444s] INFO:colcon.colcon_core.shell:Creating prefix util module '/home/ryujihirano/robosys2022/ros2_ws/install/_local_setup_util_sh.py'
[2.445s] INFO:colcon.colcon_core.shell:Creating prefix chain script '/home/ryujihirano/robosys2022/ros2_ws/install/setup.sh'
[2.447s] INFO:colcon.colcon_core.shell:Creating prefix script '/home/ryujihirano/robosys2022/ros2_ws/install/local_setup.bash'
[2.448s] INFO:colcon.colcon_core.shell:Creating prefix chain script '/home/ryujihirano/robosys2022/ros2_ws/install/setup.bash'
[2.449s] INFO:colcon.colcon_core.shell:Creating prefix script '/home/ryujihirano/robosys2022/ros2_ws/install/local_setup.zsh'
[2.450s] INFO:colcon.colcon_core.shell:Creating prefix chain script '/home/ryujihirano/robosys2022/ros2_ws/install/setup.zsh'
