[0.975s] Invoking command in '/home/ryujihirano/robosys2022/ros2_ws/src/mypkg': PYTHONPATH=/home/ryujihirano/robosys2022/ros2_ws/install/mypkg/lib/python3.8/site-packages:${PYTHONPATH} /usr/bin/python3 setup.py egg_info --egg-base ../../build/mypkg build --build-base /home/ryujihirano/robosys2022/ros2_ws/build/mypkg/build install --prefix /home/ryujihirano/robosys2022/ros2_ws/install/mypkg --record /home/ryujihirano/robosys2022/ros2_ws/build/mypkg/install.log --single-version-externally-managed
[1.327s] running egg_info
[1.327s] writing ../../build/mypkg/mypkg.egg-info/PKG-INFO
[1.328s] writing dependency_links to ../../build/mypkg/mypkg.egg-info/dependency_links.txt
[1.329s] writing entry points to ../../build/mypkg/mypkg.egg-info/entry_points.txt
[1.329s] writing requirements to ../../build/mypkg/mypkg.egg-info/requires.txt
[1.329s] writing top-level names to ../../build/mypkg/mypkg.egg-info/top_level.txt
[1.365s] reading manifest file '../../build/mypkg/mypkg.egg-info/SOURCES.txt'
[1.366s] writing manifest file '../../build/mypkg/mypkg.egg-info/SOURCES.txt'
[1.366s] running build
[1.366s] running build_py
[1.367s] copying mypkg/talker.py -> /home/ryujihirano/robosys2022/ros2_ws/build/mypkg/build/lib/mypkg
[1.367s] running install
[1.368s] running install_lib
[1.370s] copying /home/ryujihirano/robosys2022/ros2_ws/build/mypkg/build/lib/mypkg/talker.py -> /home/ryujihirano/robosys2022/ros2_ws/install/mypkg/lib/python3.8/site-packages/mypkg
[1.371s] byte-compiling /home/ryujihirano/robosys2022/ros2_ws/install/mypkg/lib/python3.8/site-packages/mypkg/talker.py to talker.cpython-38.pyc
[1.374s] running install_data
[1.375s] copying package.xml -> /home/ryujihirano/robosys2022/ros2_ws/install/mypkg/share/mypkg
[1.376s] running install_egg_info
[1.378s] removing '/home/ryujihirano/robosys2022/ros2_ws/install/mypkg/lib/python3.8/site-packages/mypkg-0.0.0-py3.8.egg-info' (and everything under it)
[1.381s] Copying ../../build/mypkg/mypkg.egg-info to /home/ryujihirano/robosys2022/ros2_ws/install/mypkg/lib/python3.8/site-packages/mypkg-0.0.0-py3.8.egg-info
[1.388s] running install_scripts
[1.409s] Installing talker script to /home/ryujihirano/robosys2022/ros2_ws/install/mypkg/lib/mypkg
[1.410s] writing list of installed files to '/home/ryujihirano/robosys2022/ros2_ws/build/mypkg/install.log'
[1.427s] Invoked command in '/home/ryujihirano/robosys2022/ros2_ws/src/mypkg' returned '0': PYTHONPATH=/home/ryujihirano/robosys2022/ros2_ws/install/mypkg/lib/python3.8/site-packages:${PYTHONPATH} /usr/bin/python3 setup.py egg_info --egg-base ../../build/mypkg build --build-base /home/ryujihirano/robosys2022/ros2_ws/build/mypkg/build install --prefix /home/ryujihirano/robosys2022/ros2_ws/install/mypkg --record /home/ryujihirano/robosys2022/ros2_ws/build/mypkg/install.log --single-version-externally-managed
