[0.414s] Invoking command in '/home/ryujihirano/robosys2022/ros2_ws/build/person_msgs': CMAKE_PREFIX_PATH=/home/ryujihirano/robosys2022/ros2_ws/install/mypkg:/opt/ros/foxy /usr/bin/cmake --build /home/ryujihirano/robosys2022/ros2_ws/build/person_msgs -- -j12 -l12
[0.614s] [  3%] Built target person_msgs__cpp
[0.619s] [ 12%] Built target person_msgs__rosidl_generator_c
[0.723s] [ 29%] Built target person_msgs__rosidl_typesupport_cpp
[0.724s] [ 32%] Built target person_msgs__rosidl_typesupport_introspection_cpp
[0.726s] [ 41%] Built target person_msgs__rosidl_typesupport_c
[0.729s] [ 51%] Built target person_msgs__rosidl_typesupport_fastrtps_cpp
[0.731s] [ 61%] Built target person_msgs__rosidl_typesupport_introspection_c
[0.824s] [ 70%] Built target person_msgs__rosidl_typesupport_fastrtps_c
[0.907s] [ 70%] Built target person_msgs
[1.005s] [ 74%] Built target person_msgs__py
[1.105s] [ 80%] Built target person_msgs__python
[1.218s] [100%] Built target person_msgs__rosidl_typesupport_introspection_c__pyext
[1.218s] [100%] Built target person_msgs__rosidl_typesupport_c__pyext
[1.218s] [100%] Built target person_msgs__rosidl_typesupport_fastrtps_c__pyext
[1.264s] Invoked command in '/home/ryujihirano/robosys2022/ros2_ws/build/person_msgs' returned '0': CMAKE_PREFIX_PATH=/home/ryujihirano/robosys2022/ros2_ws/install/mypkg:/opt/ros/foxy /usr/bin/cmake --build /home/ryujihirano/robosys2022/ros2_ws/build/person_msgs -- -j12 -l12
[1.571s] Invoking command in '/home/ryujihirano/robosys2022/ros2_ws/build/person_msgs': CMAKE_PREFIX_PATH=/home/ryujihirano/robosys2022/ros2_ws/install/mypkg:/opt/ros/foxy /usr/bin/cmake --install /home/ryujihirano/robosys2022/ros2_ws/build/person_msgs
[1.601s] -- Install configuration: ""
[1.601s] -- Up-to-date: /home/ryujihirano/robosys2022/ros2_ws/install/person_msgs/share/ament_index/resource_index/rosidl_interfaces/person_msgs
[1.601s] -- Up-to-date: /home/ryujihirano/robosys2022/ros2_ws/install/person_msgs/include/person_msgs
[1.601s] -- Up-to-date: /home/ryujihirano/robosys2022/ros2_ws/install/person_msgs/include/person_msgs/msg
[1.602s] -- Up-to-date: /home/ryujihirano/robosys2022/ros2_ws/install/person_msgs/include/person_msgs/msg/detail
[1.602s] -- Up-to-date: /home/ryujihirano/robosys2022/ros2_ws/install/person_msgs/include/person_msgs/msg/detail/person__functions.c
[1.602s] -- Up-to-date: /home/ryujihirano/robosys2022/ros2_ws/install/person_msgs/include/person_msgs/msg/detail/person__functions.h
[1.602s] -- Up-to-date: /home/ryujihirano/robosys2022/ros2_ws/install/person_msgs/include/person_msgs/msg/detail/person__struct.h
[1.602s] -- Up-to-date: /home/ryujihirano/robosys2022/ros2_ws/install/person_msgs/include/person_msgs/msg/detail/person__type_support.h
[1.602s] -- Up-to-date: /home/ryujihirano/robosys2022/ros2_ws/install/person_msgs/include/person_msgs/msg/person.h
[1.602s] -- Up-to-date: /home/ryujihirano/robosys2022/ros2_ws/install/person_msgs/include/person_msgs/msg/rosidl_generator_c__visibility_control.h
[1.602s] -- Up-to-date: /home/ryujihirano/robosys2022/ros2_ws/install/person_msgs/share/person_msgs/environment/library_path.sh
[1.602s] -- Up-to-date: /home/ryujihirano/robosys2022/ros2_ws/install/person_msgs/share/person_msgs/environment/library_path.dsv
[1.603s] -- Up-to-date: /home/ryujihirano/robosys2022/ros2_ws/install/person_msgs/lib/libperson_msgs__rosidl_generator_c.so
[1.603s] -- Up-to-date: /home/ryujihirano/robosys2022/ros2_ws/install/person_msgs/include/person_msgs
[1.604s] -- Up-to-date: /home/ryujihirano/robosys2022/ros2_ws/install/person_msgs/include/person_msgs/msg
[1.604s] -- Up-to-date: /home/ryujihirano/robosys2022/ros2_ws/install/person_msgs/include/person_msgs/msg/detail
[1.604s] -- Up-to-date: /home/ryujihirano/robosys2022/ros2_ws/install/person_msgs/include/person_msgs/msg/detail/person__rosidl_typesupport_fastrtps_c.h
[1.604s] -- Up-to-date: /home/ryujihirano/robosys2022/ros2_ws/install/person_msgs/include/person_msgs/msg/rosidl_typesupport_fastrtps_c__visibility_control.h
[1.605s] -- Up-to-date: /home/ryujihirano/robosys2022/ros2_ws/install/person_msgs/lib/libperson_msgs__rosidl_typesupport_fastrtps_c.so
[1.605s] -- Up-to-date: /home/ryujihirano/robosys2022/ros2_ws/install/person_msgs/include/person_msgs
[1.605s] -- Up-to-date: /home/ryujihirano/robosys2022/ros2_ws/install/person_msgs/include/person_msgs/msg
[1.606s] -- Up-to-date: /home/ryujihirano/robosys2022/ros2_ws/install/person_msgs/include/person_msgs/msg/detail
[1.606s] -- Up-to-date: /home/ryujihirano/robosys2022/ros2_ws/install/person_msgs/include/person_msgs/msg/detail/dds_fastrtps
[1.606s] -- Up-to-date: /home/ryujihirano/robosys2022/ros2_ws/install/person_msgs/include/person_msgs/msg/detail/person__rosidl_typesupport_fastrtps_cpp.hpp
[1.606s] -- Up-to-date: /home/ryujihirano/robosys2022/ros2_ws/install/person_msgs/include/person_msgs/msg/rosidl_typesupport_fastrtps_cpp__visibility_control.h
[1.607s] -- Up-to-date: /home/ryujihirano/robosys2022/ros2_ws/install/person_msgs/lib/libperson_msgs__rosidl_typesupport_fastrtps_cpp.so
[1.607s] -- Up-to-date: /home/ryujihirano/robosys2022/ros2_ws/install/person_msgs/include/person_msgs
[1.607s] -- Up-to-date: /home/ryujihirano/robosys2022/ros2_ws/install/person_msgs/include/person_msgs/msg
[1.608s] -- Up-to-date: /home/ryujihirano/robosys2022/ros2_ws/install/person_msgs/include/person_msgs/msg/detail
[1.608s] -- Up-to-date: /home/ryujihirano/robosys2022/ros2_ws/install/person_msgs/include/person_msgs/msg/detail/person__rosidl_typesupport_introspection_c.h
[1.608s] -- Up-to-date: /home/ryujihirano/robosys2022/ros2_ws/install/person_msgs/include/person_msgs/msg/detail/person__type_support.c
[1.608s] -- Up-to-date: /home/ryujihirano/robosys2022/ros2_ws/install/person_msgs/include/person_msgs/msg/rosidl_typesupport_introspection_c__visibility_control.h
[1.608s] -- Up-to-date: /home/ryujihirano/robosys2022/ros2_ws/install/person_msgs/lib/libperson_msgs__rosidl_typesupport_introspection_c.so
[1.609s] -- Up-to-date: /home/ryujihirano/robosys2022/ros2_ws/install/person_msgs/lib/libperson_msgs__rosidl_typesupport_c.so
[1.610s] -- Up-to-date: /home/ryujihirano/robosys2022/ros2_ws/install/person_msgs/include/person_msgs
[1.610s] -- Up-to-date: /home/ryujihirano/robosys2022/ros2_ws/install/person_msgs/include/person_msgs/msg
[1.610s] -- Up-to-date: /home/ryujihirano/robosys2022/ros2_ws/install/person_msgs/include/person_msgs/msg/detail
[1.610s] -- Up-to-date: /home/ryujihirano/robosys2022/ros2_ws/install/person_msgs/include/person_msgs/msg/detail/person__builder.hpp
[1.610s] -- Up-to-date: /home/ryujihirano/robosys2022/ros2_ws/install/person_msgs/include/person_msgs/msg/detail/person__struct.hpp
[1.611s] -- Up-to-date: /home/ryujihirano/robosys2022/ros2_ws/install/person_msgs/include/person_msgs/msg/detail/person__traits.hpp
[1.611s] -- Up-to-date: /home/ryujihirano/robosys2022/ros2_ws/install/person_msgs/include/person_msgs/msg/person.hpp
[1.611s] -- Up-to-date: /home/ryujihirano/robosys2022/ros2_ws/install/person_msgs/include/person_msgs
[1.611s] -- Up-to-date: /home/ryujihirano/robosys2022/ros2_ws/install/person_msgs/include/person_msgs/msg
[1.611s] -- Up-to-date: /home/ryujihirano/robosys2022/ros2_ws/install/person_msgs/include/person_msgs/msg/detail
[1.611s] -- Up-to-date: /home/ryujihirano/robosys2022/ros2_ws/install/person_msgs/include/person_msgs/msg/detail/person__rosidl_typesupport_introspection_cpp.hpp
[1.611s] -- Up-to-date: /home/ryujihirano/robosys2022/ros2_ws/install/person_msgs/include/person_msgs/msg/detail/person__type_support.cpp
[1.612s] -- Up-to-date: /home/ryujihirano/robosys2022/ros2_ws/install/person_msgs/lib/libperson_msgs__rosidl_typesupport_introspection_cpp.so
[1.613s] -- Up-to-date: /home/ryujihirano/robosys2022/ros2_ws/install/person_msgs/lib/libperson_msgs__rosidl_typesupport_cpp.so
[1.614s] -- Up-to-date: /home/ryujihirano/robosys2022/ros2_ws/install/person_msgs/share/person_msgs/environment/pythonpath.sh
[1.614s] -- Up-to-date: /home/ryujihirano/robosys2022/ros2_ws/install/person_msgs/share/person_msgs/environment/pythonpath.dsv
[1.614s] -- Up-to-date: /home/ryujihirano/robosys2022/ros2_ws/install/person_msgs/lib/python3.8/site-packages/person_msgs/__init__.py
[1.670s] -- Up-to-date: /home/ryujihirano/robosys2022/ros2_ws/install/person_msgs/lib/python3.8/site-packages/person_msgs/msg
[1.670s] -- Up-to-date: /home/ryujihirano/robosys2022/ros2_ws/install/person_msgs/lib/python3.8/site-packages/person_msgs/msg/_person.py
[1.670s] -- Up-to-date: /home/ryujihirano/robosys2022/ros2_ws/install/person_msgs/lib/python3.8/site-packages/person_msgs/msg/_person_s.c
[1.670s] -- Up-to-date: /home/ryujihirano/robosys2022/ros2_ws/install/person_msgs/lib/python3.8/site-packages/person_msgs/msg/__init__.py
[1.671s] -- Up-to-date: /home/ryujihirano/robosys2022/ros2_ws/install/person_msgs/lib/python3.8/site-packages/person_msgs/person_msgs_s__rosidl_typesupport_fastrtps_c.cpython-38-x86_64-linux-gnu.so
[1.672s] -- Up-to-date: /home/ryujihirano/robosys2022/ros2_ws/install/person_msgs/lib/python3.8/site-packages/person_msgs/person_msgs_s__rosidl_typesupport_introspection_c.cpython-38-x86_64-linux-gnu.so
[1.673s] -- Up-to-date: /home/ryujihirano/robosys2022/ros2_ws/install/person_msgs/lib/python3.8/site-packages/person_msgs/person_msgs_s__rosidl_typesupport_c.cpython-38-x86_64-linux-gnu.so
[1.674s] -- Up-to-date: /home/ryujihirano/robosys2022/ros2_ws/install/person_msgs/lib/libperson_msgs__python.so
[1.675s] -- Up-to-date: /home/ryujihirano/robosys2022/ros2_ws/install/person_msgs/share/person_msgs/msg/Person.idl
[1.675s] -- Up-to-date: /home/ryujihirano/robosys2022/ros2_ws/install/person_msgs/share/person_msgs/msg/Person.msg
[1.675s] -- Up-to-date: /home/ryujihirano/robosys2022/ros2_ws/install/person_msgs/share/ament_index/resource_index/package_run_dependencies/person_msgs
[1.675s] -- Up-to-date: /home/ryujihirano/robosys2022/ros2_ws/install/person_msgs/share/ament_index/resource_index/parent_prefix_path/person_msgs
[1.676s] -- Up-to-date: /home/ryujihirano/robosys2022/ros2_ws/install/person_msgs/share/person_msgs/environment/ament_prefix_path.sh
[1.676s] -- Up-to-date: /home/ryujihirano/robosys2022/ros2_ws/install/person_msgs/share/person_msgs/environment/ament_prefix_path.dsv
[1.676s] -- Up-to-date: /home/ryujihirano/robosys2022/ros2_ws/install/person_msgs/share/person_msgs/environment/path.sh
[1.676s] -- Up-to-date: /home/ryujihirano/robosys2022/ros2_ws/install/person_msgs/share/person_msgs/environment/path.dsv
[1.676s] -- Up-to-date: /home/ryujihirano/robosys2022/ros2_ws/install/person_msgs/share/person_msgs/local_setup.bash
[1.676s] -- Up-to-date: /home/ryujihirano/robosys2022/ros2_ws/install/person_msgs/share/person_msgs/local_setup.sh
[1.676s] -- Up-to-date: /home/ryujihirano/robosys2022/ros2_ws/install/person_msgs/share/person_msgs/local_setup.zsh
[1.676s] -- Up-to-date: /home/ryujihirano/robosys2022/ros2_ws/install/person_msgs/share/person_msgs/local_setup.dsv
[1.676s] -- Installing: /home/ryujihirano/robosys2022/ros2_ws/install/person_msgs/share/person_msgs/package.dsv
[1.679s] -- Up-to-date: /home/ryujihirano/robosys2022/ros2_ws/install/person_msgs/share/ament_index/resource_index/packages/person_msgs
[1.679s] -- Up-to-date: /home/ryujihirano/robosys2022/ros2_ws/install/person_msgs/share/person_msgs/cmake/person_msgs__rosidl_generator_cExport.cmake
[1.679s] -- Up-to-date: /home/ryujihirano/robosys2022/ros2_ws/install/person_msgs/share/person_msgs/cmake/person_msgs__rosidl_generator_cExport-noconfig.cmake
[1.680s] -- Up-to-date: /home/ryujihirano/robosys2022/ros2_ws/install/person_msgs/share/person_msgs/cmake/person_msgs__rosidl_typesupport_introspection_cExport.cmake
[1.680s] -- Up-to-date: /home/ryujihirano/robosys2022/ros2_ws/install/person_msgs/share/person_msgs/cmake/person_msgs__rosidl_typesupport_introspection_cExport-noconfig.cmake
[1.681s] -- Up-to-date: /home/ryujihirano/robosys2022/ros2_ws/install/person_msgs/share/person_msgs/cmake/person_msgs__rosidl_typesupport_cExport.cmake
[1.681s] -- Up-to-date: /home/ryujihirano/robosys2022/ros2_ws/install/person_msgs/share/person_msgs/cmake/person_msgs__rosidl_typesupport_cExport-noconfig.cmake
[1.681s] -- Up-to-date: /home/ryujihirano/robosys2022/ros2_ws/install/person_msgs/share/person_msgs/cmake/person_msgs__rosidl_generator_cppExport.cmake
[1.682s] -- Up-to-date: /home/ryujihirano/robosys2022/ros2_ws/install/person_msgs/share/person_msgs/cmake/person_msgs__rosidl_typesupport_introspection_cppExport.cmake
[1.682s] -- Up-to-date: /home/ryujihirano/robosys2022/ros2_ws/install/person_msgs/share/person_msgs/cmake/person_msgs__rosidl_typesupport_introspection_cppExport-noconfig.cmake
[1.683s] -- Up-to-date: /home/ryujihirano/robosys2022/ros2_ws/install/person_msgs/share/person_msgs/cmake/person_msgs__rosidl_typesupport_cppExport.cmake
[1.683s] -- Up-to-date: /home/ryujihirano/robosys2022/ros2_ws/install/person_msgs/share/person_msgs/cmake/person_msgs__rosidl_typesupport_cppExport-noconfig.cmake
[1.683s] -- Up-to-date: /home/ryujihirano/robosys2022/ros2_ws/install/person_msgs/share/person_msgs/cmake/rosidl_cmake-extras.cmake
[1.683s] -- Up-to-date: /home/ryujihirano/robosys2022/ros2_ws/install/person_msgs/share/person_msgs/cmake/ament_cmake_export_dependencies-extras.cmake
[1.683s] -- Up-to-date: /home/ryujihirano/robosys2022/ros2_ws/install/person_msgs/share/person_msgs/cmake/ament_cmake_export_libraries-extras.cmake
[1.683s] -- Up-to-date: /home/ryujihirano/robosys2022/ros2_ws/install/person_msgs/share/person_msgs/cmake/ament_cmake_export_targets-extras.cmake
[1.683s] -- Up-to-date: /home/ryujihirano/robosys2022/ros2_ws/install/person_msgs/share/person_msgs/cmake/ament_cmake_export_include_directories-extras.cmake
[1.683s] -- Up-to-date: /home/ryujihirano/robosys2022/ros2_ws/install/person_msgs/share/person_msgs/cmake/rosidl_cmake_export_typesupport_libraries-extras.cmake
[1.684s] -- Up-to-date: /home/ryujihirano/robosys2022/ros2_ws/install/person_msgs/share/person_msgs/cmake/rosidl_cmake_export_typesupport_targets-extras.cmake
[1.684s] -- Up-to-date: /home/ryujihirano/robosys2022/ros2_ws/install/person_msgs/share/person_msgs/cmake/person_msgsConfig.cmake
[1.684s] -- Up-to-date: /home/ryujihirano/robosys2022/ros2_ws/install/person_msgs/share/person_msgs/cmake/person_msgsConfig-version.cmake
[1.684s] -- Up-to-date: /home/ryujihirano/robosys2022/ros2_ws/install/person_msgs/share/person_msgs/package.xml
[1.690s] Invoked command in '/home/ryujihirano/robosys2022/ros2_ws/build/person_msgs' returned '0': CMAKE_PREFIX_PATH=/home/ryujihirano/robosys2022/ros2_ws/install/mypkg:/opt/ros/foxy /usr/bin/cmake --install /home/ryujihirano/robosys2022/ros2_ws/build/person_msgs
