[0.410s] Invoking command in '/home/ryujihirano/robosys2022/ros2_ws/src/build/person_msgs': CMAKE_PREFIX_PATH=/home/ryujihirano/robosys2022/ros2_ws/install/mypkg:/opt/ros/foxy /usr/bin/cmake /home/ryujihirano/robosys2022/ros2_ws/src/person_msgs -DCMAKE_INSTALL_PREFIX=/home/ryujihirano/robosys2022/ros2_ws/src/install/person_msgs
[0.573s] -- The C compiler identification is GNU 9.4.0
[0.699s] -- The CXX compiler identification is GNU 9.4.0
[0.719s] -- Check for working C compiler: /usr/bin/cc
[0.962s] -- Check for working C compiler: /usr/bin/cc -- works
[0.964s] -- Detecting C compiler ABI info
[1.202s] -- Detecting C compiler ABI info - done
[1.213s] -- Detecting C compile features
[1.213s] -- Detecting C compile features - done
[1.221s] -- Check for working CXX compiler: /usr/bin/c++
[1.478s] -- Check for working CXX compiler: /usr/bin/c++ -- works
[1.480s] -- Detecting CXX compiler ABI info
[1.736s] -- Detecting CXX compiler ABI info - done
[1.747s] -- Detecting CXX compile features
[1.747s] -- Detecting CXX compile features - done
[1.757s] -- Found ament_cmake: 0.9.11 (/opt/ros/foxy/share/ament_cmake/cmake)
[1.803s] -- Found PythonInterp: /usr/bin/python3 (found suitable version "3.8.10", minimum required is "3") 
[1.803s] -- Using PYTHON_EXECUTABLE: /usr/bin/python3
[2.177s] -- Found ament_lint_auto: 0.9.7 (/opt/ros/foxy/share/ament_lint_auto/cmake)
[2.295s] -- Found rosidl_default_generators: 1.0.1 (/opt/ros/foxy/share/rosidl_default_generators/cmake)
[2.301s] -- Using all available rosidl_typesupport_c: rosidl_typesupport_fastrtps_c;rosidl_typesupport_introspection_c
[2.314s] -- Found rosidl_adapter: 1.3.0 (/opt/ros/foxy/share/rosidl_adapter/cmake)
[2.727s] -- Found OpenSSL: /usr/lib/x86_64-linux-gnu/libcrypto.so (found version "1.1.1f")  
[2.857s] -- Found FastRTPS: /opt/ros/foxy/include  
[3.144s] -- Using all available rosidl_typesupport_cpp: rosidl_typesupport_fastrtps_cpp;rosidl_typesupport_introspection_cpp
[3.227s] -- Found PythonInterp: /usr/bin/python3 (found version "3.8.10") 
[3.334s] -- Found ament_cmake_ros: 0.9.2 (/opt/ros/foxy/share/ament_cmake_ros/cmake)
[3.855s] -- Using all available rosidl_typesupport_c: rosidl_typesupport_fastrtps_c;rosidl_typesupport_introspection_c
[3.887s] -- Using all available rosidl_typesupport_cpp: rosidl_typesupport_fastrtps_cpp;rosidl_typesupport_introspection_cpp
[3.927s] -- Found PythonInterp: /usr/bin/python3 (found suitable version "3.8.10", minimum required is "3.5") 
[3.930s] -- Found python_cmake_module: 0.8.1 (/opt/ros/foxy/share/python_cmake_module/cmake)
[3.997s] -- Found PythonLibs: /usr/lib/x86_64-linux-gnu/libpython3.8.so (found suitable version "3.8.10", minimum required is "3.5") 
[3.997s] -- Using PYTHON_EXECUTABLE: /usr/bin/python3
[3.997s] -- Using PYTHON_INCLUDE_DIRS: /usr/include/python3.8
[3.998s] -- Using PYTHON_LIBRARIES: /usr/lib/x86_64-linux-gnu/libpython3.8.so
[4.035s] -- Found PythonExtra: .so  
[4.132s] -- Added test 'copyright' to check source files copyright and LICENSE
[4.141s] -- Added test 'lint_cmake' to check CMake code style
[4.146s] -- Added test 'xmllint' to check XML markup files
[4.194s] -- Configuring done
[4.401s] -- Generating done
[4.431s] -- Build files have been written to: /home/ryujihirano/robosys2022/ros2_ws/src/build/person_msgs
[4.438s] Invoked command in '/home/ryujihirano/robosys2022/ros2_ws/src/build/person_msgs' returned '0': CMAKE_PREFIX_PATH=/home/ryujihirano/robosys2022/ros2_ws/install/mypkg:/opt/ros/foxy /usr/bin/cmake /home/ryujihirano/robosys2022/ros2_ws/src/person_msgs -DCMAKE_INSTALL_PREFIX=/home/ryujihirano/robosys2022/ros2_ws/src/install/person_msgs
[4.444s] Invoking command in '/home/ryujihirano/robosys2022/ros2_ws/src/build/person_msgs': CMAKE_PREFIX_PATH=/home/ryujihirano/robosys2022/ros2_ws/install/mypkg:/opt/ros/foxy /usr/bin/cmake --build /home/ryujihirano/robosys2022/ros2_ws/src/build/person_msgs -- -j12 -l12
[4.598s] [35m[1mScanning dependencies of target person_msgs__cpp[0m
[4.600s] [  3%] [34m[1mGenerating C code for ROS interfaces[0m
[4.644s] [  6%] [34m[1mGenerating C++ code for ROS interfaces[0m
[4.886s] [35m[1mScanning dependencies of target person_msgs__rosidl_generator_c[0m
[4.923s] [  6%] Built target person_msgs__cpp
[4.939s] [  9%] [32mBuilding C object CMakeFiles/person_msgs__rosidl_generator_c.dir/rosidl_generator_c/person_msgs/msg/detail/person__functions.c.o[0m
[4.968s] [ 16%] [34m[1mGenerating C++ type support dispatch for ROS interfaces[0m
[4.969s] [ 16%] [34m[1mGenerating C++ type support for eProsima Fast-RTPS[0m
[4.969s] [ 19%] [34m[1mGenerating C++ introspection for ROS interfaces[0m
[5.062s] [ 22%] [32m[1mLinking C shared library libperson_msgs__rosidl_generator_c.so[0m
[5.185s] [ 22%] Built target person_msgs__rosidl_generator_c
[5.202s] [35m[1mScanning dependencies of target person_msgs__rosidl_typesupport_cpp[0m
[5.233s] [ 25%] [34m[1mGenerating C type support dispatch for ROS interfaces[0m
[5.235s] [ 29%] [34m[1mGenerating C introspection for ROS interfaces[0m
[5.249s] [35m[1mScanning dependencies of target person_msgs__rosidl_typesupport_introspection_cpp[0m
[5.255s] [35m[1mScanning dependencies of target person_msgs__rosidl_typesupport_fastrtps_cpp[0m
[5.260s] [ 32%] [32mBuilding CXX object CMakeFiles/person_msgs__rosidl_typesupport_cpp.dir/rosidl_typesupport_cpp/person_msgs/msg/person__type_support.cpp.o[0m
[5.308s] [ 35%] [32mBuilding CXX object CMakeFiles/person_msgs__rosidl_typesupport_introspection_cpp.dir/rosidl_typesupport_introspection_cpp/person_msgs/msg/detail/person__type_support.cpp.o[0m
[5.321s] [ 38%] [32mBuilding CXX object CMakeFiles/person_msgs__rosidl_typesupport_fastrtps_cpp.dir/rosidl_typesupport_fastrtps_cpp/person_msgs/msg/detail/dds_fastrtps/person__type_support.cpp.o[0m
[5.471s] [35m[1mScanning dependencies of target person_msgs__rosidl_typesupport_c[0m
[5.514s] [35m[1mScanning dependencies of target person_msgs__rosidl_typesupport_introspection_c[0m
[5.528s] [ 41%] [32mBuilding CXX object CMakeFiles/person_msgs__rosidl_typesupport_c.dir/rosidl_typesupport_c/person_msgs/msg/person__type_support.cpp.o[0m
[5.574s] [ 45%] [32mBuilding C object CMakeFiles/person_msgs__rosidl_typesupport_introspection_c.dir/rosidl_typesupport_introspection_c/person_msgs/msg/detail/person__type_support.c.o[0m
[5.626s] [ 48%] [32m[1mLinking CXX shared library libperson_msgs__rosidl_typesupport_c.so[0m
[5.674s] [ 51%] [32m[1mLinking CXX shared library libperson_msgs__rosidl_typesupport_cpp.so[0m
[5.688s] [ 54%] [32m[1mLinking C shared library libperson_msgs__rosidl_typesupport_introspection_c.so[0m
[5.723s] [ 58%] [32m[1mLinking CXX shared library libperson_msgs__rosidl_typesupport_introspection_cpp.so[0m
[5.765s] [ 58%] Built target person_msgs__rosidl_typesupport_c
[5.810s] [ 58%] Built target person_msgs__rosidl_typesupport_cpp
[5.813s] [ 58%] Built target person_msgs__rosidl_typesupport_introspection_c
[5.877s] [ 58%] Built target person_msgs__rosidl_typesupport_introspection_cpp
[5.898s] [ 61%] [32m[1mLinking CXX shared library libperson_msgs__rosidl_typesupport_fastrtps_cpp.so[0m
[6.064s] [ 61%] Built target person_msgs__rosidl_typesupport_fastrtps_cpp
[6.106s] [ 64%] [34m[1mGenerating C type support for eProsima Fast-RTPS[0m
[6.360s] [35m[1mScanning dependencies of target person_msgs__rosidl_typesupport_fastrtps_c[0m
[6.417s] [ 67%] [32mBuilding CXX object CMakeFiles/person_msgs__rosidl_typesupport_fastrtps_c.dir/rosidl_typesupport_fastrtps_c/person_msgs/msg/detail/person__type_support_c.cpp.o[0m
[6.875s] [ 70%] [32m[1mLinking CXX shared library libperson_msgs__rosidl_typesupport_fastrtps_c.so[0m
[7.043s] [ 70%] Built target person_msgs__rosidl_typesupport_fastrtps_c
[7.083s] [35m[1mScanning dependencies of target person_msgs[0m
[7.129s] [ 70%] Built target person_msgs
[7.170s] [35m[1mScanning dependencies of target person_msgs__py[0m
[7.228s] [ 74%] [34m[1mGenerating Python code for ROS interfaces[0m
[7.673s] [ 74%] Built target person_msgs__py
[7.714s] [35m[1mScanning dependencies of target person_msgs__python[0m
[7.792s] [ 77%] [32mBuilding C object CMakeFiles/person_msgs__python.dir/rosidl_generator_py/person_msgs/msg/_person_s.c.o[0m
[7.986s] [ 80%] [32m[1mLinking C shared library rosidl_generator_py/person_msgs/libperson_msgs__python.so[0m
[8.117s] [ 80%] Built target person_msgs__python
[8.160s] [35m[1mScanning dependencies of target person_msgs__rosidl_typesupport_c__pyext[0m
[8.161s] [35m[1mScanning dependencies of target person_msgs__rosidl_typesupport_introspection_c__pyext[0m
[8.162s] [35m[1mScanning dependencies of target person_msgs__rosidl_typesupport_fastrtps_c__pyext[0m
[8.239s] [ 83%] [32mBuilding C object CMakeFiles/person_msgs__rosidl_typesupport_c__pyext.dir/rosidl_generator_py/person_msgs/_person_msgs_s.ep.rosidl_typesupport_c.c.o[0m
[8.241s] [ 90%] [32mBuilding C object CMakeFiles/person_msgs__rosidl_typesupport_introspection_c__pyext.dir/rosidl_generator_py/person_msgs/_person_msgs_s.ep.rosidl_typesupport_introspection_c.c.o[0m
[8.241s] [ 90%] [32mBuilding C object CMakeFiles/person_msgs__rosidl_typesupport_fastrtps_c__pyext.dir/rosidl_generator_py/person_msgs/_person_msgs_s.ep.rosidl_typesupport_fastrtps_c.c.o[0m
[8.434s] [ 96%] [32m[1mLinking C shared library rosidl_generator_py/person_msgs/person_msgs_s__rosidl_typesupport_c.cpython-38-x86_64-linux-gnu.so[0m
[8.434s] [ 96%] [32m[1mLinking C shared library rosidl_generator_py/person_msgs/person_msgs_s__rosidl_typesupport_introspection_c.cpython-38-x86_64-linux-gnu.so[0m
[8.449s] [100%] [32m[1mLinking CXX shared library rosidl_generator_py/person_msgs/person_msgs_s__rosidl_typesupport_fastrtps_c.cpython-38-x86_64-linux-gnu.so[0m
[8.561s] [100%] Built target person_msgs__rosidl_typesupport_c__pyext
[8.563s] [100%] Built target person_msgs__rosidl_typesupport_introspection_c__pyext
[8.610s] [100%] Built target person_msgs__rosidl_typesupport_fastrtps_c__pyext
[8.653s] Invoked command in '/home/ryujihirano/robosys2022/ros2_ws/src/build/person_msgs' returned '0': CMAKE_PREFIX_PATH=/home/ryujihirano/robosys2022/ros2_ws/install/mypkg:/opt/ros/foxy /usr/bin/cmake --build /home/ryujihirano/robosys2022/ros2_ws/src/build/person_msgs -- -j12 -l12
[8.940s] Invoking command in '/home/ryujihirano/robosys2022/ros2_ws/src/build/person_msgs': CMAKE_PREFIX_PATH=/home/ryujihirano/robosys2022/ros2_ws/install/mypkg:/opt/ros/foxy /usr/bin/cmake --install /home/ryujihirano/robosys2022/ros2_ws/src/build/person_msgs
[8.968s] -- Install configuration: ""
[8.968s] -- Installing: /home/ryujihirano/robosys2022/ros2_ws/src/install/person_msgs/share/ament_index/resource_index/rosidl_interfaces/person_msgs
[8.970s] -- Installing: /home/ryujihirano/robosys2022/ros2_ws/src/install/person_msgs/include/person_msgs
[8.970s] -- Installing: /home/ryujihirano/robosys2022/ros2_ws/src/install/person_msgs/include/person_msgs/msg
[8.971s] -- Installing: /home/ryujihirano/robosys2022/ros2_ws/src/install/person_msgs/include/person_msgs/msg/detail
[8.971s] -- Installing: /home/ryujihirano/robosys2022/ros2_ws/src/install/person_msgs/include/person_msgs/msg/detail/person__functions.c
[8.973s] -- Installing: /home/ryujihirano/robosys2022/ros2_ws/src/install/person_msgs/include/person_msgs/msg/detail/person__functions.h
[8.974s] -- Installing: /home/ryujihirano/robosys2022/ros2_ws/src/install/person_msgs/include/person_msgs/msg/detail/person__struct.h
[8.976s] -- Installing: /home/ryujihirano/robosys2022/ros2_ws/src/install/person_msgs/include/person_msgs/msg/detail/person__type_support.h
[8.978s] -- Installing: /home/ryujihirano/robosys2022/ros2_ws/src/install/person_msgs/include/person_msgs/msg/person.h
[8.979s] -- Installing: /home/ryujihirano/robosys2022/ros2_ws/src/install/person_msgs/include/person_msgs/msg/rosidl_generator_c__visibility_control.h
[8.981s] -- Installing: /home/ryujihirano/robosys2022/ros2_ws/src/install/person_msgs/share/person_msgs/environment/library_path.sh
[8.983s] -- Installing: /home/ryujihirano/robosys2022/ros2_ws/src/install/person_msgs/share/person_msgs/environment/library_path.dsv
[8.985s] -- Installing: /home/ryujihirano/robosys2022/ros2_ws/src/install/person_msgs/lib/libperson_msgs__rosidl_generator_c.so
[8.987s] -- Set runtime path of "/home/ryujihirano/robosys2022/ros2_ws/src/install/person_msgs/lib/libperson_msgs__rosidl_generator_c.so" to ""
[8.987s] -- Up-to-date: /home/ryujihirano/robosys2022/ros2_ws/src/install/person_msgs/include/person_msgs
[8.988s] -- Up-to-date: /home/ryujihirano/robosys2022/ros2_ws/src/install/person_msgs/include/person_msgs/msg
[8.988s] -- Up-to-date: /home/ryujihirano/robosys2022/ros2_ws/src/install/person_msgs/include/person_msgs/msg/detail
[8.988s] -- Installing: /home/ryujihirano/robosys2022/ros2_ws/src/install/person_msgs/include/person_msgs/msg/detail/person__rosidl_typesupport_fastrtps_c.h
[8.991s] -- Installing: /home/ryujihirano/robosys2022/ros2_ws/src/install/person_msgs/include/person_msgs/msg/rosidl_typesupport_fastrtps_c__visibility_control.h
[8.993s] -- Installing: /home/ryujihirano/robosys2022/ros2_ws/src/install/person_msgs/lib/libperson_msgs__rosidl_typesupport_fastrtps_c.so
[8.995s] -- Set runtime path of "/home/ryujihirano/robosys2022/ros2_ws/src/install/person_msgs/lib/libperson_msgs__rosidl_typesupport_fastrtps_c.so" to ""
[8.996s] -- Up-to-date: /home/ryujihirano/robosys2022/ros2_ws/src/install/person_msgs/include/person_msgs
[8.996s] -- Up-to-date: /home/ryujihirano/robosys2022/ros2_ws/src/install/person_msgs/include/person_msgs/msg
[8.996s] -- Up-to-date: /home/ryujihirano/robosys2022/ros2_ws/src/install/person_msgs/include/person_msgs/msg/detail
[8.996s] -- Installing: /home/ryujihirano/robosys2022/ros2_ws/src/install/person_msgs/include/person_msgs/msg/detail/dds_fastrtps
[8.996s] -- Installing: /home/ryujihirano/robosys2022/ros2_ws/src/install/person_msgs/include/person_msgs/msg/detail/person__rosidl_typesupport_fastrtps_cpp.hpp
[8.998s] -- Installing: /home/ryujihirano/robosys2022/ros2_ws/src/install/person_msgs/include/person_msgs/msg/rosidl_typesupport_fastrtps_cpp__visibility_control.h
[9.000s] -- Installing: /home/ryujihirano/robosys2022/ros2_ws/src/install/person_msgs/lib/libperson_msgs__rosidl_typesupport_fastrtps_cpp.so
[9.002s] -- Set runtime path of "/home/ryujihirano/robosys2022/ros2_ws/src/install/person_msgs/lib/libperson_msgs__rosidl_typesupport_fastrtps_cpp.so" to ""
[9.003s] -- Up-to-date: /home/ryujihirano/robosys2022/ros2_ws/src/install/person_msgs/include/person_msgs
[9.003s] -- Up-to-date: /home/ryujihirano/robosys2022/ros2_ws/src/install/person_msgs/include/person_msgs/msg
[9.003s] -- Up-to-date: /home/ryujihirano/robosys2022/ros2_ws/src/install/person_msgs/include/person_msgs/msg/detail
[9.003s] -- Installing: /home/ryujihirano/robosys2022/ros2_ws/src/install/person_msgs/include/person_msgs/msg/detail/person__rosidl_typesupport_introspection_c.h
[9.005s] -- Installing: /home/ryujihirano/robosys2022/ros2_ws/src/install/person_msgs/include/person_msgs/msg/detail/person__type_support.c
[9.006s] -- Installing: /home/ryujihirano/robosys2022/ros2_ws/src/install/person_msgs/include/person_msgs/msg/rosidl_typesupport_introspection_c__visibility_control.h
[9.008s] -- Installing: /home/ryujihirano/robosys2022/ros2_ws/src/install/person_msgs/lib/libperson_msgs__rosidl_typesupport_introspection_c.so
[9.011s] -- Set runtime path of "/home/ryujihirano/robosys2022/ros2_ws/src/install/person_msgs/lib/libperson_msgs__rosidl_typesupport_introspection_c.so" to ""
[9.011s] -- Installing: /home/ryujihirano/robosys2022/ros2_ws/src/install/person_msgs/lib/libperson_msgs__rosidl_typesupport_c.so
[9.013s] -- Set runtime path of "/home/ryujihirano/robosys2022/ros2_ws/src/install/person_msgs/lib/libperson_msgs__rosidl_typesupport_c.so" to ""
[9.014s] -- Up-to-date: /home/ryujihirano/robosys2022/ros2_ws/src/install/person_msgs/include/person_msgs
[9.014s] -- Up-to-date: /home/ryujihirano/robosys2022/ros2_ws/src/install/person_msgs/include/person_msgs/msg
[9.014s] -- Up-to-date: /home/ryujihirano/robosys2022/ros2_ws/src/install/person_msgs/include/person_msgs/msg/detail
[9.014s] -- Installing: /home/ryujihirano/robosys2022/ros2_ws/src/install/person_msgs/include/person_msgs/msg/detail/person__builder.hpp
[9.016s] -- Installing: /home/ryujihirano/robosys2022/ros2_ws/src/install/person_msgs/include/person_msgs/msg/detail/person__struct.hpp
[9.017s] -- Installing: /home/ryujihirano/robosys2022/ros2_ws/src/install/person_msgs/include/person_msgs/msg/detail/person__traits.hpp
[9.019s] -- Installing: /home/ryujihirano/robosys2022/ros2_ws/src/install/person_msgs/include/person_msgs/msg/person.hpp
[9.021s] -- Up-to-date: /home/ryujihirano/robosys2022/ros2_ws/src/install/person_msgs/include/person_msgs
[9.021s] -- Up-to-date: /home/ryujihirano/robosys2022/ros2_ws/src/install/person_msgs/include/person_msgs/msg
[9.021s] -- Up-to-date: /home/ryujihirano/robosys2022/ros2_ws/src/install/person_msgs/include/person_msgs/msg/detail
[9.021s] -- Installing: /home/ryujihirano/robosys2022/ros2_ws/src/install/person_msgs/include/person_msgs/msg/detail/person__rosidl_typesupport_introspection_cpp.hpp
[9.023s] -- Installing: /home/ryujihirano/robosys2022/ros2_ws/src/install/person_msgs/include/person_msgs/msg/detail/person__type_support.cpp
[9.024s] -- Installing: /home/ryujihirano/robosys2022/ros2_ws/src/install/person_msgs/lib/libperson_msgs__rosidl_typesupport_introspection_cpp.so
[9.027s] -- Set runtime path of "/home/ryujihirano/robosys2022/ros2_ws/src/install/person_msgs/lib/libperson_msgs__rosidl_typesupport_introspection_cpp.so" to ""
[9.027s] -- Installing: /home/ryujihirano/robosys2022/ros2_ws/src/install/person_msgs/lib/libperson_msgs__rosidl_typesupport_cpp.so
[9.030s] -- Set runtime path of "/home/ryujihirano/robosys2022/ros2_ws/src/install/person_msgs/lib/libperson_msgs__rosidl_typesupport_cpp.so" to ""
[9.030s] -- Installing: /home/ryujihirano/robosys2022/ros2_ws/src/install/person_msgs/share/person_msgs/environment/pythonpath.sh
[9.032s] -- Installing: /home/ryujihirano/robosys2022/ros2_ws/src/install/person_msgs/share/person_msgs/environment/pythonpath.dsv
[9.034s] -- Installing: /home/ryujihirano/robosys2022/ros2_ws/src/install/person_msgs/lib/python3.8/site-packages/person_msgs/__init__.py
[9.090s] Compiling '/home/ryujihirano/robosys2022/ros2_ws/src/install/person_msgs/lib/python3.8/site-packages/person_msgs/__init__.py'...
[9.093s] -- Installing: /home/ryujihirano/robosys2022/ros2_ws/src/install/person_msgs/lib/python3.8/site-packages/person_msgs/msg
[9.094s] -- Installing: /home/ryujihirano/robosys2022/ros2_ws/src/install/person_msgs/lib/python3.8/site-packages/person_msgs/msg/_person.py
[9.096s] -- Installing: /home/ryujihirano/robosys2022/ros2_ws/src/install/person_msgs/lib/python3.8/site-packages/person_msgs/msg/_person_s.c
[9.098s] -- Installing: /home/ryujihirano/robosys2022/ros2_ws/src/install/person_msgs/lib/python3.8/site-packages/person_msgs/msg/__init__.py
[9.100s] -- Installing: /home/ryujihirano/robosys2022/ros2_ws/src/install/person_msgs/lib/python3.8/site-packages/person_msgs/person_msgs_s__rosidl_typesupport_fastrtps_c.cpython-38-x86_64-linux-gnu.so
[9.103s] -- Set runtime path of "/home/ryujihirano/robosys2022/ros2_ws/src/install/person_msgs/lib/python3.8/site-packages/person_msgs/person_msgs_s__rosidl_typesupport_fastrtps_c.cpython-38-x86_64-linux-gnu.so" to ""
[9.103s] -- Installing: /home/ryujihirano/robosys2022/ros2_ws/src/install/person_msgs/lib/python3.8/site-packages/person_msgs/person_msgs_s__rosidl_typesupport_introspection_c.cpython-38-x86_64-linux-gnu.so
[9.106s] -- Set runtime path of "/home/ryujihirano/robosys2022/ros2_ws/src/install/person_msgs/lib/python3.8/site-packages/person_msgs/person_msgs_s__rosidl_typesupport_introspection_c.cpython-38-x86_64-linux-gnu.so" to ""
[9.107s] -- Installing: /home/ryujihirano/robosys2022/ros2_ws/src/install/person_msgs/lib/python3.8/site-packages/person_msgs/person_msgs_s__rosidl_typesupport_c.cpython-38-x86_64-linux-gnu.so
[9.110s] -- Set runtime path of "/home/ryujihirano/robosys2022/ros2_ws/src/install/person_msgs/lib/python3.8/site-packages/person_msgs/person_msgs_s__rosidl_typesupport_c.cpython-38-x86_64-linux-gnu.so" to ""
[9.110s] -- Installing: /home/ryujihirano/robosys2022/ros2_ws/src/install/person_msgs/lib/libperson_msgs__python.so
[9.113s] -- Set runtime path of "/home/ryujihirano/robosys2022/ros2_ws/src/install/person_msgs/lib/libperson_msgs__python.so" to ""
[9.113s] -- Installing: /home/ryujihirano/robosys2022/ros2_ws/src/install/person_msgs/share/person_msgs/msg/Person.idl
[9.115s] -- Installing: /home/ryujihirano/robosys2022/ros2_ws/src/install/person_msgs/share/person_msgs/msg/Person.msg
[9.117s] -- Installing: /home/ryujihirano/robosys2022/ros2_ws/src/install/person_msgs/share/ament_index/resource_index/package_run_dependencies/person_msgs
[9.119s] -- Installing: /home/ryujihirano/robosys2022/ros2_ws/src/install/person_msgs/share/ament_index/resource_index/parent_prefix_path/person_msgs
[9.121s] -- Installing: /home/ryujihirano/robosys2022/ros2_ws/src/install/person_msgs/share/person_msgs/environment/ament_prefix_path.sh
[9.123s] -- Installing: /home/ryujihirano/robosys2022/ros2_ws/src/install/person_msgs/share/person_msgs/environment/ament_prefix_path.dsv
[9.125s] -- Installing: /home/ryujihirano/robosys2022/ros2_ws/src/install/person_msgs/share/person_msgs/environment/path.sh
[9.127s] -- Installing: /home/ryujihirano/robosys2022/ros2_ws/src/install/person_msgs/share/person_msgs/environment/path.dsv
[9.128s] -- Installing: /home/ryujihirano/robosys2022/ros2_ws/src/install/person_msgs/share/person_msgs/local_setup.bash
[9.130s] -- Installing: /home/ryujihirano/robosys2022/ros2_ws/src/install/person_msgs/share/person_msgs/local_setup.sh
[9.132s] -- Installing: /home/ryujihirano/robosys2022/ros2_ws/src/install/person_msgs/share/person_msgs/local_setup.zsh
[9.134s] -- Installing: /home/ryujihirano/robosys2022/ros2_ws/src/install/person_msgs/share/person_msgs/local_setup.dsv
[9.136s] -- Installing: /home/ryujihirano/robosys2022/ros2_ws/src/install/person_msgs/share/person_msgs/package.dsv
[9.137s] -- Installing: /home/ryujihirano/robosys2022/ros2_ws/src/install/person_msgs/share/ament_index/resource_index/packages/person_msgs
[9.139s] -- Installing: /home/ryujihirano/robosys2022/ros2_ws/src/install/person_msgs/share/person_msgs/cmake/person_msgs__rosidl_generator_cExport.cmake
[9.141s] -- Installing: /home/ryujihirano/robosys2022/ros2_ws/src/install/person_msgs/share/person_msgs/cmake/person_msgs__rosidl_generator_cExport-noconfig.cmake
[9.143s] -- Installing: /home/ryujihirano/robosys2022/ros2_ws/src/install/person_msgs/share/person_msgs/cmake/person_msgs__rosidl_typesupport_introspection_cExport.cmake
[9.145s] -- Installing: /home/ryujihirano/robosys2022/ros2_ws/src/install/person_msgs/share/person_msgs/cmake/person_msgs__rosidl_typesupport_introspection_cExport-noconfig.cmake
[9.147s] -- Installing: /home/ryujihirano/robosys2022/ros2_ws/src/install/person_msgs/share/person_msgs/cmake/person_msgs__rosidl_typesupport_cExport.cmake
[9.148s] -- Installing: /home/ryujihirano/robosys2022/ros2_ws/src/install/person_msgs/share/person_msgs/cmake/person_msgs__rosidl_typesupport_cExport-noconfig.cmake
[9.150s] -- Installing: /home/ryujihirano/robosys2022/ros2_ws/src/install/person_msgs/share/person_msgs/cmake/person_msgs__rosidl_generator_cppExport.cmake
[9.152s] -- Installing: /home/ryujihirano/robosys2022/ros2_ws/src/install/person_msgs/share/person_msgs/cmake/person_msgs__rosidl_typesupport_introspection_cppExport.cmake
[9.154s] -- Installing: /home/ryujihirano/robosys2022/ros2_ws/src/install/person_msgs/share/person_msgs/cmake/person_msgs__rosidl_typesupport_introspection_cppExport-noconfig.cmake
[9.155s] -- Installing: /home/ryujihirano/robosys2022/ros2_ws/src/install/person_msgs/share/person_msgs/cmake/person_msgs__rosidl_typesupport_cppExport.cmake
[9.157s] -- Installing: /home/ryujihirano/robosys2022/ros2_ws/src/install/person_msgs/share/person_msgs/cmake/person_msgs__rosidl_typesupport_cppExport-noconfig.cmake
[9.159s] -- Installing: /home/ryujihirano/robosys2022/ros2_ws/src/install/person_msgs/share/person_msgs/cmake/rosidl_cmake-extras.cmake
[9.161s] -- Installing: /home/ryujihirano/robosys2022/ros2_ws/src/install/person_msgs/share/person_msgs/cmake/ament_cmake_export_dependencies-extras.cmake
[9.162s] -- Installing: /home/ryujihirano/robosys2022/ros2_ws/src/install/person_msgs/share/person_msgs/cmake/ament_cmake_export_libraries-extras.cmake
[9.164s] -- Installing: /home/ryujihirano/robosys2022/ros2_ws/src/install/person_msgs/share/person_msgs/cmake/ament_cmake_export_targets-extras.cmake
[9.166s] -- Installing: /home/ryujihirano/robosys2022/ros2_ws/src/install/person_msgs/share/person_msgs/cmake/ament_cmake_export_include_directories-extras.cmake
[9.167s] -- Installing: /home/ryujihirano/robosys2022/ros2_ws/src/install/person_msgs/share/person_msgs/cmake/rosidl_cmake_export_typesupport_libraries-extras.cmake
[9.169s] -- Installing: /home/ryujihirano/robosys2022/ros2_ws/src/install/person_msgs/share/person_msgs/cmake/rosidl_cmake_export_typesupport_targets-extras.cmake
[9.171s] -- Installing: /home/ryujihirano/robosys2022/ros2_ws/src/install/person_msgs/share/person_msgs/cmake/person_msgsConfig.cmake
[9.172s] -- Installing: /home/ryujihirano/robosys2022/ros2_ws/src/install/person_msgs/share/person_msgs/cmake/person_msgsConfig-version.cmake
[9.174s] -- Installing: /home/ryujihirano/robosys2022/ros2_ws/src/install/person_msgs/share/person_msgs/package.xml
[9.183s] Invoked command in '/home/ryujihirano/robosys2022/ros2_ws/src/build/person_msgs' returned '0': CMAKE_PREFIX_PATH=/home/ryujihirano/robosys2022/ros2_ws/install/mypkg:/opt/ros/foxy /usr/bin/cmake --install /home/ryujihirano/robosys2022/ros2_ws/src/build/person_msgs
