[1.515s] Invoking command in '/home/ryujihirano/robosys2022/ros2_ws/src/mypkg': PYTHONPATH=/home/ryujihirano/robosys2022/ros2_ws/install/mypkg/lib/python3.8/site-packages:${PYTHONPATH} /usr/bin/python3 setup.py egg_info --egg-base ../../build/mypkg build --build-base /home/ryujihirano/robosys2022/ros2_ws/build/mypkg/build install --prefix /home/ryujihirano/robosys2022/ros2_ws/install/mypkg --record /home/ryujihirano/robosys2022/ros2_ws/build/mypkg/install.log --single-version-externally-managed
[1.871s] running egg_info
[1.871s] writing ../../build/mypkg/mypkg.egg-info/PKG-INFO
[1.872s] writing dependency_links to ../../build/mypkg/mypkg.egg-info/dependency_links.txt
[1.873s] writing entry points to ../../build/mypkg/mypkg.egg-info/entry_points.txt
[1.873s] writing requirements to ../../build/mypkg/mypkg.egg-info/requires.txt
[1.873s] writing top-level names to ../../build/mypkg/mypkg.egg-info/top_level.txt
[1.910s] reading manifest file '../../build/mypkg/mypkg.egg-info/SOURCES.txt'
[1.911s] writing manifest file '../../build/mypkg/mypkg.egg-info/SOURCES.txt'
[1.911s] running build
[1.911s] running build_py
[1.912s] running install
[1.912s] running install_lib
[1.915s] running install_data
[1.916s] running install_egg_info
[1.918s] removing '/home/ryujihirano/robosys2022/ros2_ws/install/mypkg/lib/python3.8/site-packages/mypkg-0.0.0-py3.8.egg-info' (and everything under it)
[1.921s] Copying ../../build/mypkg/mypkg.egg-info to /home/ryujihirano/robosys2022/ros2_ws/install/mypkg/lib/python3.8/site-packages/mypkg-0.0.0-py3.8.egg-info
[1.928s] running install_scripts
[1.950s] Installing listener script to /home/ryujihirano/robosys2022/ros2_ws/install/mypkg/lib/mypkg
[1.950s] Installing talker script to /home/ryujihirano/robosys2022/ros2_ws/install/mypkg/lib/mypkg
[1.951s] writing list of installed files to '/home/ryujihirano/robosys2022/ros2_ws/build/mypkg/install.log'
[1.968s] Invoked command in '/home/ryujihirano/robosys2022/ros2_ws/src/mypkg' returned '0': PYTHONPATH=/home/ryujihirano/robosys2022/ros2_ws/install/mypkg/lib/python3.8/site-packages:${PYTHONPATH} /usr/bin/python3 setup.py egg_info --egg-base ../../build/mypkg build --build-base /home/ryujihirano/robosys2022/ros2_ws/build/mypkg/build install --prefix /home/ryujihirano/robosys2022/ros2_ws/install/mypkg --record /home/ryujihirano/robosys2022/ros2_ws/build/mypkg/install.log --single-version-externally-managed
